#
# A fatal error has been detected by the Java Runtime Environment:
#
#  SIGSEGV (0xb) at pc=0x00007f83baf9d7c2, pid=20590, tid=20644
#
# JRE version: OpenJDK Runtime Environment (21.0.2+13) (build 21.0.2+13-58)
# Java VM: OpenJDK 64-Bit Server VM (21.0.2+13-58, mixed mode, sharing, tiered, compressed oops, compressed class ptrs, g1 gc, linux-amd64)
# Problematic frame:
# V  [libjvm.so+0x59d7c2]  PhaseChaitin::cache_lrg_info()+0xd2
#
# Core dump will be written. Default location: Core dumps may be processed with "/usr/share/apport/apport -p%p -s%s -c%c -d%d -P%P -u%u -g%g -- %E" (or dumping to /home/divum/Documents/learn/next/learnhub/core.20590)
#
# If you would like to submit a bug report, please visit:
#   https://bugreport.java.com/bugreport/crash.jsp
#

---------------  S U M M A R Y ------------

Command Line: --enable-preview -javaagent:/snap/intellij-idea-community/498/lib/idea_rt.jar=38711:/snap/intellij-idea-community/498/bin -Dfile.encoding=UTF-8 -Dsun.stdout.encoding=UTF-8 -Dsun.stderr.encoding=UTF-8 com.postgresql.learnhub.LearnhubApplication

Host: Intel(R) Core(TM) i7-8650U CPU @ 1.90GHz, 8 cores, 15G, Ubuntu 23.04
Time: Mon May 20 12:59:15 2024 IST elapsed time: 3.054244 seconds (0d 0h 0m 3s)

---------------  T H R E A D  ---------------

Current thread (0x00007f8310319970):  JavaThread "C2 CompilerThread2" daemon [_thread_in_native, id=20644, stack(0x00007f8388f29000,0x00007f8389029000) (1024K)]


Current CompileTask:
C2:   3054 4355 % !   4       com.sun.crypto.provider.PBKDF2KeyImpl::deriveKey @ 198 (302 bytes)

Stack: [0x00007f8388f29000,0x00007f8389029000],  sp=0x00007f8389025160,  free space=1008k
Native frames: (J=compiled Java code, j=interpreted, Vv=VM code, C=native code)
V  [libjvm.so+0x59d7c2]  PhaseChaitin::cache_lrg_info()+0xd2
V  [libjvm.so+0x5a1794]  PhaseChaitin::Register_Allocate()+0x944
V  [libjvm.so+0x643006]  Compile::Code_Gen()+0x326
V  [libjvm.so+0x647124]  Compile::Compile(ciEnv*, ciMethod*, int, Options, DirectiveSet*)+0x1574
V  [libjvm.so+0x57435d]  C2Compiler::compile_method(ciEnv*, ciMethod*, int, bool, DirectiveSet*)+0x17d
V  [libjvm.so+0x64c847]  CompileBroker::invoke_compiler_on_method(CompileTask*)+0xa97
V  [libjvm.so+0x64f928]  CompileBroker::compiler_thread_loop()+0x698
V  [libjvm.so+0x8f8a78]  JavaThread::thread_main_inner() [clone .part.0]+0xb8
V  [libjvm.so+0xe9e998]  Thread::call_run()+0xa8
V  [libjvm.so+0xcc444a]  thread_native_entry(Thread*)+0xda

siginfo: si_signo: 11 (SIGSEGV), si_code: 2 (SEGV_ACCERR), si_addr: 0x00007f82d4e341e0

Registers:
RAX=0x00007f82d0e34158, RBX=0x00007f83890255d0, RCX=0x000000000080000a, RDX=0x000000000080000a
RSP=0x00007f8389025160, RBP=0x00007f83890251d0, RSI=0x0000000000001523, RDI=0x0000000000000000
R8 =0x0000000000000000, R9 =0x0000000000003c8d, R10=0x0000000000003c8e, R11=0x00007f82d04fb808
R12=0x00007f8389025160, R13=0x00007f83890253c0, R14=0x00007f8389025290, R15=0x00007f8389025360
RIP=0x00007f83baf9d7c2, EFLAGS=0x0000000000010202, CSGSFS=0x002b000000000033, ERR=0x0000000000000004
  TRAPNO=0x000000000000000e


Register to memory mapping:

RAX=0x00007f82d0e34158 points into unknown readable memory: 0x0000000000000000 | 00 00 00 00 00 00 00 00
RBX=0x00007f83890255d0 is pointing into the stack for thread: 0x00007f8310319970
RCX=0x000000000080000a is an unknown value
RDX=0x000000000080000a is an unknown value
RSP=0x00007f8389025160 is pointing into the stack for thread: 0x00007f8310319970
RBP=0x00007f83890251d0 is pointing into the stack for thread: 0x00007f8310319970
RSI=0x0000000000001523 is an unknown value
RDI=0x0 is null
R8 =0x0 is null
R9 =0x0000000000003c8d is an unknown value
R10=0x0000000000003c8e is an unknown value
R11=0x00007f82d04fb808 points into unknown readable memory: 0x000027f80000285e | 5e 28 00 00 f8 27 00 00
R12=0x00007f8389025160 is pointing into the stack for thread: 0x00007f8310319970
R13=0x00007f83890253c0 is pointing into the stack for thread: 0x00007f8310319970
R14=0x00007f8389025290 is pointing into the stack for thread: 0x00007f8310319970
R15=0x00007f8389025360 is pointing into the stack for thread: 0x00007f8310319970

Top of Stack: (sp=0x00007f8389025160)
0x00007f8389025160:   0000000000000000 0000000000000000
0x00007f8389025170:   00007f83890251b0 00007f83bb00e800
0x00007f8389025180:   0000000000002863 00007f83bba41431
0x00007f8389025190:   0000000000000000 0000000000000000
0x00007f83890251a0:   0000000000000000 00007f83bba41431
0x00007f83890251b0:   00007f8389025100 00007f83bb0400dd
0x00007f83890251c0:   00007f83890255d0 00007f8389025290
0x00007f83890251d0:   00007f83890254b0 00007f83bafa1794
0x00007f83890251e0:   0000000000000000 00007f83bbe465b0
0x00007f83890251f0:   00007f83bbe464f0 00007f82d00017f0
0x00007f8389025200:   00007f8389025260 00007f83890252c0
0x00007f8389025210:   00007f8389025300 00007f82d0001800
0x00007f8389025220:   00007f82d00017f0 00007f82d0001800
0x00007f8389025230:   00007f8389025290 00007f82d00017f0
0x00007f8389025240:   00007f82d0001800 00007f82d0001bd8
0x00007f8389025250:   00000000000003d8 00007f83bba41495
0x00007f8389025260:   0000000000000007 00007f830801d700
0x00007f8389025270:   00007f830801d700 00007f830801d710
0x00007f8389025280:   00007f830801dae8 00000000000003d8
0x00007f8389025290:   0000000000000007 00007f82d00017f0
0x00007f83890252a0:   00007f8310353590 00007f8310355d28
0x00007f83890252b0:   00007f831035b578 00000000008e50c8
0x00007f83890252c0:   00007f830000000c 00007f8389026b00
0x00007f83890252d0:   00007f82d0bc2460 00007f8300001701
0x00007f83890252e0:   00007f82d0d56260 3f00000000002863
0x00007f83890252f0:   00007f8389025290 00007f82d0001800
0x00007f8389025300:   00007f83bbd10000 0000000000000000
0x00007f8389025310:   00007f8389026b00 00007f8389025500
0x00007f8389025320:   00007f82000018b5 00007f83bba4150a
0x00007f8389025330:   0000000000000000 00007f8389026b00
0x00007f8389025340:   0000000000000000 00007f83bba4150a
0x00007f8389025350:   0000000000000100 00007f8310319740 

Instructions: (pc=0x00007f83baf9d7c2)
0x00007f83baf9d6c2:   70 44 89 e2 48 69 d2 a8 00 00 00 48 03 50 20 49
0x00007f83baf9d6d2:   89 d4 e9 3b fa ff ff 90 66 0f 1f 44 00 00 c3 90
0x00007f83baf9d6e2:   66 66 2e 0f 1f 84 00 00 00 00 00 0f 1f 00 55 48
0x00007f83baf9d6f2:   8d 35 39 3d aa 00 48 89 e5 41 54 53 4c 8d 65 90
0x00007f83baf9d702:   48 89 fb 4c 89 e7 48 83 ec 60 48 8d 05 0d 8b ea
0x00007f83baf9d712:   00 48 8d 90 a8 03 00 00 e8 61 29 0a 00 83 bb e0
0x00007f83baf9d722:   00 00 00 01 0f 86 bf 01 00 00 be 01 00 00 00 eb
0x00007f83baf9d732:   4c 0f 1f 44 00 00 48 83 78 18 00 74 6a f6 80 a7
0x00007f83baf9d742:   00 00 00 02 75 61 8b 93 c0 00 00 00 48 8d 3c 92
0x00007f83baf9d752:   48 8d 14 ba 89 74 d1 2c 8b 93 c0 00 00 00 c7 40
0x00007f83baf9d762:   2c 00 00 00 00 89 50 28 89 b3 c0 00 00 00 83 c6
0x00007f83baf9d772:   01 3b b3 e0 00 00 00 0f 83 6c 01 00 00 48 8b 43
0x00007f83baf9d782:   70 48 8b 48 20 89 f0 48 8d 14 80 48 8d 04 90 48
0x00007f83baf9d792:   8d 04 c1 0f b7 b8 9c 00 00 00 8b 90 98 00 00 00
0x00007f83baf9d7a2:   29 fa 3b 50 34 7c 8f 8b 88 94 00 00 00 8b b8 90
0x00007f83baf9d7b2:   00 00 00 8d 51 01 39 fa 0f 86 0d 01 00 00 89 ca
0x00007f83baf9d7c2:   48 8b 54 d0 38 48 85 d2 0f 85 33 01 00 00 39 f9
0x00007f83baf9d7d2:   0f 86 f5 00 00 00 8d 51 ff 49 89 d0 48 8b 54 d0
0x00007f83baf9d7e2:   38 48 85 d2 0f 85 14 01 00 00 44 39 c7 0f 83 d8
0x00007f83baf9d7f2:   00 00 00 8d 51 fe 49 89 d0 48 8b 54 d0 38 48 85
0x00007f83baf9d802:   d2 0f 85 f7 00 00 00 44 39 c7 0f 83 bb 00 00 00
0x00007f83baf9d812:   8d 51 fd 49 89 d0 48 8b 54 d0 38 48 85 d2 0f 85
0x00007f83baf9d822:   da 00 00 00 44 39 c7 0f 83 9e 00 00 00 8d 51 fc
0x00007f83baf9d832:   49 89 d0 48 8b 54 d0 38 48 85 d2 0f 85 bd 00 00
0x00007f83baf9d842:   00 44 39 c7 0f 83 81 00 00 00 8d 51 fb 49 89 d0
0x00007f83baf9d852:   48 8b 54 d0 38 48 85 d2 0f 85 a0 00 00 00 44 39
0x00007f83baf9d862:   c7 73 68 8d 51 fa 49 89 d0 48 8b 54 d0 38 48 85
0x00007f83baf9d872:   d2 0f 85 87 00 00 00 44 39 c7 73 4f 8d 51 f9 49
0x00007f83baf9d882:   89 d0 48 8b 54 d0 38 48 85 d2 75 72 44 39 c7 73
0x00007f83baf9d892:   3a 8d 51 f8 49 89 d0 48 8b 54 d0 38 48 85 d2 75
0x00007f83baf9d8a2:   5d 44 39 c7 73 25 8d 51 f7 49 89 d0 48 8b 54 d0
0x00007f83baf9d8b2:   38 48 85 d2 75 48 44 39 c7 73 10 8d 51 f6 48 89 


Stack slot to memory mapping:

stack at sp + 0 slots: 0x0 is null
stack at sp + 1 slots: 0x0 is null
stack at sp + 2 slots: 0x00007f83890251b0 is pointing into the stack for thread: 0x00007f8310319970
stack at sp + 3 slots: 0x00007f83bb00e800: <offset 0x000000000060e800> in /home/divum/.jdks/openjdk-21.0.2/lib/server/libjvm.so at 0x00007f83baa00000
stack at sp + 4 slots: 0x0000000000002863 is an unknown value
stack at sp + 5 slots: 0x00007f83bba41431: <offset 0x0000000001041431> in /home/divum/.jdks/openjdk-21.0.2/lib/server/libjvm.so at 0x00007f83baa00000
stack at sp + 6 slots: 0x0 is null
stack at sp + 7 slots: 0x0 is null


---------------  P R O C E S S  ---------------

Threads class SMR info:
_java_thread_list=0x00007f82c4002130, length=22, elements={
0x00007f83b402bbe0, 0x00007f83b416a2a0, 0x00007f83b416b8f0, 0x00007f83b416d3d0,
0x00007f83b416ea10, 0x00007f83b416ffb0, 0x00007f83b4171af0, 0x00007f83b41731b0,
0x00007f83b4194c20, 0x00007f83100f2150, 0x00007f83b44ce980, 0x00007f83b44cf980,
0x00007f83b478a730, 0x00007f83040028e0, 0x00007f8310319970, 0x00007f8320000ff0,
0x00007f82f8bf1280, 0x00007f82d4001230, 0x00007f82f8bf2ac0, 0x00007f82f916c3e0,
0x00007f82f9143a40, 0x00007f82c4001010
}

Java Threads: ( => current thread )
  0x00007f83b402bbe0 JavaThread "main"                              [_thread_blocked, id=20592, stack(0x00007f83bbf00000,0x00007f83bc000000) (1024K)]
  0x00007f83b416a2a0 JavaThread "Reference Handler"          daemon [_thread_blocked, id=20609, stack(0x00007f83b3f00000,0x00007f83b4000000) (1024K)]
  0x00007f83b416b8f0 JavaThread "Finalizer"                  daemon [_thread_blocked, id=20610, stack(0x00007f8398500000,0x00007f8398600000) (1024K)]
  0x00007f83b416d3d0 JavaThread "Signal Dispatcher"          daemon [_thread_blocked, id=20611, stack(0x00007f8398400000,0x00007f8398500000) (1024K)]
  0x00007f83b416ea10 JavaThread "Service Thread"             daemon [_thread_blocked, id=20612, stack(0x00007f8398300000,0x00007f8398400000) (1024K)]
  0x00007f83b416ffb0 JavaThread "Monitor Deflation Thread"   daemon [_thread_blocked, id=20613, stack(0x00007f8398200000,0x00007f8398300000) (1024K)]
  0x00007f83b4171af0 JavaThread "C2 CompilerThread0"         daemon [_thread_in_native, id=20614, stack(0x00007f8398100000,0x00007f8398200000) (1024K)]
  0x00007f83b41731b0 JavaThread "C1 CompilerThread0"         daemon [_thread_blocked, id=20615, stack(0x00007f8398000000,0x00007f8398100000) (1024K)]
  0x00007f83b4194c20 JavaThread "Common-Cleaner"             daemon [_thread_blocked, id=20618, stack(0x00007f8389e30000,0x00007f8389f30000) (1024K)]
  0x00007f83100f2150 JavaThread "C2 CompilerThread1"         daemon [_thread_in_native, id=20622, stack(0x00007f8389d30000,0x00007f8389e30000) (1024K)]
  0x00007f83b44ce980 JavaThread "Monitor Ctrl-Break"         daemon [_thread_in_native, id=20623, stack(0x00007f8389c30000,0x00007f8389d30000) (1024K)]
  0x00007f83b44cf980 JavaThread "Notification Thread"        daemon [_thread_blocked, id=20624, stack(0x00007f8389b30000,0x00007f8389c30000) (1024K)]
  0x00007f83b478a730 JavaThread "Thread-0"                          [_thread_blocked, id=20626, stack(0x00007f8389a30000,0x00007f8389b30000) (1024K)]
  0x00007f83040028e0 JavaThread "restartedMain"                     [_thread_in_vm, id=20627, stack(0x00007f8389930000,0x00007f8389a30000) (1024K)]
=>0x00007f8310319970 JavaThread "C2 CompilerThread2"         daemon [_thread_in_native, id=20644, stack(0x00007f8388f29000,0x00007f8389029000) (1024K)]
  0x00007f8320000ff0 JavaThread "Attach Listener"            daemon [_thread_blocked, id=20645, stack(0x00007f8389029000,0x00007f8389129000) (1024K)]
  0x00007f82f8bf1280 JavaThread "Catalina-utility-1"                [_thread_blocked, id=20647, stack(0x00007f838932b000,0x00007f838942b000) (1024K)]
  0x00007f82d4001230 JavaThread "Catalina-utility-2"                [_thread_blocked, id=20648, stack(0x00007f8388d28000,0x00007f8388e28000) (1024K)]
  0x00007f82f8bf2ac0 JavaThread "container-0"                       [_thread_blocked, id=20649, stack(0x00007f8388c28000,0x00007f8388d28000) (1024K)]
  0x00007f82f916c3e0 JavaThread "PostgreSQL-JDBC-Cleaner"    daemon [_thread_blocked, id=20651, stack(0x00007f8388b28000,0x00007f8388c28000) (1024K)]
  0x00007f82f9143a40 JavaThread "HikariPool-1 housekeeper"   daemon [_thread_blocked, id=20652, stack(0x00007f8388a28000,0x00007f8388b28000) (1024K)]
  0x00007f82c4001010 JavaThread "HikariPool-1 connection adder" daemon [_thread_in_Java, id=20653, stack(0x00007f8388928000,0x00007f8388a28000) (1024K)]
Total: 22

Other Threads:
  0x00007f83b415cf50 VMThread "VM Thread"                           [id=20608, stack(0x00007f83b8079000,0x00007f83b8179000) (1024K)]
  0x00007f83b4142b30 WatcherThread "VM Periodic Task Thread"        [id=20604, stack(0x00007f83b817a000,0x00007f83b827a000) (1024K)]
  0x00007f83b4093a60 WorkerThread "GC Thread#0"                     [id=20593, stack(0x00007f83b8fa4000,0x00007f83b90a4000) (1024K)]
  0x00007f83300083f0 WorkerThread "GC Thread#1"                     [id=20628, stack(0x00007f8389830000,0x00007f8389930000) (1024K)]
  0x00007f8330008ed0 WorkerThread "GC Thread#2"                     [id=20629, stack(0x00007f838972f000,0x00007f838982f000) (1024K)]
  0x00007f83300099b0 WorkerThread "GC Thread#3"                     [id=20630, stack(0x00007f838962e000,0x00007f838972e000) (1024K)]
  0x00007f833000a490 WorkerThread "GC Thread#4"                     [id=20631, stack(0x00007f838952d000,0x00007f838962d000) (1024K)]
  0x00007f833000af70 WorkerThread "GC Thread#5"                     [id=20632, stack(0x00007f838942c000,0x00007f838952c000) (1024K)]
  0x00007f8330013400 WorkerThread "GC Thread#6"                     [id=20641, stack(0x00007f838922b000,0x00007f838932b000) (1024K)]
  0x00007f833000c7f0 WorkerThread "GC Thread#7"                     [id=20642, stack(0x00007f838912a000,0x00007f838922a000) (1024K)]
  0x00007f83b40a4840 ConcurrentGCThread "G1 Main Marker"            [id=20594, stack(0x00007f83b8ea3000,0x00007f83b8fa3000) (1024K)]
  0x00007f83b40a57e0 WorkerThread "G1 Conc#0"                       [id=20595, stack(0x00007f83b8da2000,0x00007f83b8ea2000) (1024K)]
  0x00007f838c000d90 WorkerThread "G1 Conc#1"                       [id=20646, stack(0x00007f8388e29000,0x00007f8388f29000) (1024K)]
  0x00007f83b4130580 ConcurrentGCThread "G1 Refine#0"               [id=20597, stack(0x00007f83b8499000,0x00007f83b8599000) (1024K)]
  0x00007f83b4131530 ConcurrentGCThread "G1 Service"                [id=20598, stack(0x00007f83b8398000,0x00007f83b8498000) (1024K)]
Total: 15

Threads with active compile tasks:
C2 CompilerThread0     3064 4456       4       sun.security.provider.DigestBase::engineUpdate (176 bytes)
C2 CompilerThread1     3064 4448       4       sun.security.provider.DigestBase::engineDigest (112 bytes)
C2 CompilerThread2     3064 4355 % !   4       com.sun.crypto.provider.PBKDF2KeyImpl::deriveKey @ 198 (302 bytes)
Total: 3

VM state: not at safepoint (normal execution)

VM Mutex/Monitor currently owned by a thread: None

Heap address: 0x0000000708200000, size: 3966 MB, Compressed Oops mode: Zero based, Oop shift amount: 3

CDS archive(s) mapped at: [0x00007f833b000000-0x00007f833bca6000-0x00007f833bca6000), size 13262848, SharedBaseAddress: 0x00007f833b000000, ArchiveRelocationMode: 1.
Compressed class space mapped at: 0x00007f833c000000-0x00007f837c000000, reserved size: 1073741824
Narrow klass base: 0x00007f833b000000, Narrow klass shift: 0, Narrow klass range: 0x100000000

GC Precious Log:
 CardTable entry size: 512
 Card Set container configuration: InlinePtr #cards 4 size 8 Array Of Cards #cards 16 size 48 Howl #buckets 8 coarsen threshold 3686 Howl Bitmap #cards 512 size 80 coarsen threshold 460 Card regions per heap region 1 cards per card region 4096
 CPUs: 8 total, 8 available
 Memory: 15861M
 Large Page Support: Disabled
 NUMA Support: Disabled
 Compressed Oops: Enabled (Zero based)
 Heap Region Size: 2M
 Heap Min Capacity: 8M
 Heap Initial Capacity: 248M
 Heap Max Capacity: 3966M
 Pre-touch: Disabled
 Parallel Workers: 8
 Concurrent Workers: 2
 Concurrent Refinement Workers: 8
 Periodic GC: Disabled

Heap:
 garbage-first heap   total 75776K, used 35299K [0x0000000708200000, 0x0000000800000000)
  region size 2048K, 10 young (20480K), 1 survivors (2048K)
 Metaspace       used 44338K, committed 44864K, reserved 1114112K
  class space    used 5665K, committed 5888K, reserved 1048576K

Heap Regions: E=young(eden), S=young(survivor), O=old, HS=humongous(starts), HC=humongous(continues), CS=collection set, F=free, TAMS=top-at-mark-start, PB=parsable bottom
|   0|0x0000000708200000, 0x0000000708400000, 0x0000000708400000|100%| O|  |TAMS 0x0000000708200000| PB 0x0000000708200000| Untracked 
|   1|0x0000000708400000, 0x0000000708600000, 0x0000000708600000|100%| O|  |TAMS 0x0000000708400000| PB 0x0000000708400000| Untracked 
|   2|0x0000000708600000, 0x00000007087c1308, 0x0000000708800000| 87%| O|  |TAMS 0x0000000708600000| PB 0x0000000708600000| Untracked 
|   3|0x0000000708800000, 0x0000000708a00000, 0x0000000708a00000|100%| O|  |TAMS 0x0000000708800000| PB 0x0000000708800000| Untracked 
|   4|0x0000000708a00000, 0x0000000708c00000, 0x0000000708c00000|100%| O|  |TAMS 0x0000000708a00000| PB 0x0000000708a00000| Untracked 
|   5|0x0000000708c00000, 0x0000000708e00000, 0x0000000708e00000|100%| O|  |TAMS 0x0000000708c00000| PB 0x0000000708c00000| Untracked 
|   6|0x0000000708e00000, 0x0000000709000000, 0x0000000709000000|100%| O|  |TAMS 0x0000000708e00000| PB 0x0000000708e00000| Untracked 
|   7|0x0000000709000000, 0x0000000709200000, 0x0000000709200000|100%| O|  |TAMS 0x0000000709000000| PB 0x0000000709000000| Untracked 
|   8|0x0000000709200000, 0x00000007092f66a0, 0x0000000709400000| 48%| O|Cm|TAMS 0x0000000709200000| PB 0x0000000709200000| Complete 
|   9|0x0000000709400000, 0x0000000709400000, 0x0000000709600000|  0%| F|  |TAMS 0x0000000709400000| PB 0x0000000709400000| Untracked 
|  10|0x0000000709600000, 0x0000000709600000, 0x0000000709800000|  0%| F|  |TAMS 0x0000000709600000| PB 0x0000000709600000| Untracked 
|  11|0x0000000709800000, 0x0000000709800000, 0x0000000709a00000|  0%| F|  |TAMS 0x0000000709800000| PB 0x0000000709800000| Untracked 
|  12|0x0000000709a00000, 0x0000000709a00000, 0x0000000709c00000|  0%| F|  |TAMS 0x0000000709a00000| PB 0x0000000709a00000| Untracked 
|  13|0x0000000709c00000, 0x0000000709c00000, 0x0000000709e00000|  0%| F|  |TAMS 0x0000000709c00000| PB 0x0000000709c00000| Untracked 
|  14|0x0000000709e00000, 0x0000000709e00000, 0x000000070a000000|  0%| F|  |TAMS 0x0000000709e00000| PB 0x0000000709e00000| Untracked 
|  15|0x000000070a000000, 0x000000070a000000, 0x000000070a200000|  0%| F|  |TAMS 0x000000070a000000| PB 0x000000070a000000| Untracked 
|  16|0x000000070a200000, 0x000000070a200000, 0x000000070a400000|  0%| F|  |TAMS 0x000000070a200000| PB 0x000000070a200000| Untracked 
|  17|0x000000070a400000, 0x000000070a400000, 0x000000070a600000|  0%| F|  |TAMS 0x000000070a400000| PB 0x000000070a400000| Untracked 
|  18|0x000000070a600000, 0x000000070a600000, 0x000000070a800000|  0%| F|  |TAMS 0x000000070a600000| PB 0x000000070a600000| Untracked 
|  19|0x000000070a800000, 0x000000070a800000, 0x000000070aa00000|  0%| F|  |TAMS 0x000000070a800000| PB 0x000000070a800000| Untracked 
|  20|0x000000070aa00000, 0x000000070aa00000, 0x000000070ac00000|  0%| F|  |TAMS 0x000000070aa00000| PB 0x000000070aa00000| Untracked 
|  21|0x000000070ac00000, 0x000000070ac00000, 0x000000070ae00000|  0%| F|  |TAMS 0x000000070ac00000| PB 0x000000070ac00000| Untracked 
|  22|0x000000070ae00000, 0x000000070ae00000, 0x000000070b000000|  0%| F|  |TAMS 0x000000070ae00000| PB 0x000000070ae00000| Untracked 
|  23|0x000000070b000000, 0x000000070b000000, 0x000000070b200000|  0%| F|  |TAMS 0x000000070b000000| PB 0x000000070b000000| Untracked 
|  24|0x000000070b200000, 0x000000070b200000, 0x000000070b400000|  0%| F|  |TAMS 0x000000070b200000| PB 0x000000070b200000| Untracked 
|  25|0x000000070b400000, 0x000000070b400000, 0x000000070b600000|  0%| F|  |TAMS 0x000000070b400000| PB 0x000000070b400000| Untracked 
|  26|0x000000070b600000, 0x000000070b600000, 0x000000070b800000|  0%| F|  |TAMS 0x000000070b600000| PB 0x000000070b600000| Untracked 
|  27|0x000000070b800000, 0x000000070b90cb58, 0x000000070ba00000| 52%| E|  |TAMS 0x000000070b800000| PB 0x000000070b800000| Complete 
|  28|0x000000070ba00000, 0x000000070bc00000, 0x000000070bc00000|100%| E|CS|TAMS 0x000000070ba00000| PB 0x000000070ba00000| Complete 
|  29|0x000000070bc00000, 0x000000070be00000, 0x000000070be00000|100%| E|CS|TAMS 0x000000070bc00000| PB 0x000000070bc00000| Complete 
|  30|0x000000070be00000, 0x000000070c000000, 0x000000070c000000|100%| E|CS|TAMS 0x000000070be00000| PB 0x000000070be00000| Complete 
|  31|0x000000070c000000, 0x000000070c200000, 0x000000070c200000|100%| E|CS|TAMS 0x000000070c000000| PB 0x000000070c000000| Complete 
|  32|0x000000070c200000, 0x000000070c400000, 0x000000070c400000|100%| E|CS|TAMS 0x000000070c200000| PB 0x000000070c200000| Complete 
|  33|0x000000070c400000, 0x000000070c600000, 0x000000070c600000|100%| E|CS|TAMS 0x000000070c400000| PB 0x000000070c400000| Complete 
|  34|0x000000070c600000, 0x000000070c800000, 0x000000070c800000|100%| E|CS|TAMS 0x000000070c600000| PB 0x000000070c600000| Complete 
| 123|0x0000000717800000, 0x00000007179c1328, 0x0000000717a00000| 87%| S|CS|TAMS 0x0000000717800000| PB 0x0000000717800000| Complete 
|1982|0x00000007ffe00000, 0x0000000800000000, 0x0000000800000000|100%| E|CS|TAMS 0x00000007ffe00000| PB 0x00000007ffe00000| Complete 

Card table byte_map: [0x00007f83b90a4000,0x00007f83b9863000] _byte_map_base: 0x00007f83b5863000

Marking Bits: (CMBitMap*) 0x00007f83b4094580
 Bits: [0x00007f8398c08000, 0x00007f839ca00000)

Polling page: 0x00007f83bc3c8000

Metaspace:

Usage:
  Non-class:     37.78 MB used.
      Class:      5.53 MB used.
       Both:     43.31 MB used.

Virtual space:
  Non-class space:       64.00 MB reserved,      38.06 MB ( 59%) committed,  1 nodes.
      Class space:        1.00 GB reserved,       5.75 MB ( <1%) committed,  1 nodes.
             Both:        1.06 GB reserved,      43.81 MB (  4%) committed. 

Chunk freelists:
   Non-Class:  9.84 MB
       Class:  10.25 MB
        Both:  20.09 MB

MaxMetaspaceSize: unlimited
CompressedClassSpaceSize: 1.00 GB
Initial GC threshold: 21.00 MB
Current GC threshold: 59.81 MB
CDS: on
 - commit_granule_bytes: 65536.
 - commit_granule_words: 8192.
 - virtual_space_node_default_size: 8388608.
 - enlarge_chunks_in_place: 1.
 - use_allocation_guard: 0.


Internal statistics:

num_allocs_failed_limit: 12.
num_arena_births: 698.
num_arena_deaths: 0.
num_vsnodes_births: 2.
num_vsnodes_deaths: 0.
num_space_committed: 701.
num_space_uncommitted: 0.
num_chunks_returned_to_freelist: 12.
num_chunks_taken_from_freelist: 2192.
num_chunk_merges: 12.
num_chunk_splits: 1528.
num_chunks_enlarged: 1099.
num_inconsistent_stats: 0.

CodeHeap 'non-profiled nmethods': size=120028Kb used=2557Kb max_used=2557Kb free=117470Kb
 bounds [0x00007f83a44c9000, 0x00007f83a4749000, 0x00007f83aba00000]
CodeHeap 'profiled nmethods': size=120028Kb used=8093Kb max_used=8252Kb free=111934Kb
 bounds [0x00007f839ca00000, 0x00007f839d210000, 0x00007f83a3f37000]
CodeHeap 'non-nmethods': size=5704Kb used=1538Kb max_used=1602Kb free=4165Kb
 bounds [0x00007f83a3f37000, 0x00007f83a41a7000, 0x00007f83a44c9000]
 total_blobs=4673 nmethods=4052 adapters=526
 compilation: enabled
              stopped_count=0, restarted_count=0
 full_count=0

Compilation events (20 events):
Event: 3.032 Thread 0x00007f83b4171af0 nmethod 4438% 0x00007f83a4533390 code [0x00007f83a4533520, 0x00007f83a4533740]
Event: 3.032 Thread 0x00007f83b4171af0 4436 %     4       com.sun.crypto.provider.GHASH::blockMult @ 121 (245 bytes)
Event: 3.033 Thread 0x00007f83b41731b0 4440       3       sun.security.provider.DigestBase::engineUpdate (176 bytes)
Event: 3.033 Thread 0x00007f83b41731b0 nmethod 4440 0x00007f839ca30790 code [0x00007f839ca30a00, 0x00007f839ca31630]
Event: 3.034 Thread 0x00007f83b41731b0 4441       3       java.security.Provider$ServiceKey::equals (53 bytes)
Event: 3.034 Thread 0x00007f83b41731b0 nmethod 4441 0x00007f839ca2ff90 code [0x00007f839ca30160, 0x00007f839ca30618]
Event: 3.034 Thread 0x00007f83b41731b0 4442   !   3       javax.crypto.Mac::chooseFirstProvider (236 bytes)
Event: 3.034 Thread 0x00007f83100f2150 nmethod 4405 0x00007f83a473f310 code [0x00007f83a473f6c0, 0x00007f83a47429a0]
Event: 3.034 Thread 0x00007f83100f2150 4439       4       java.math.BigInteger::implMulAdd (81 bytes)
Event: 3.035 Thread 0x00007f83b41731b0 nmethod 4442 0x00007f839cb46990 code [0x00007f839cb46c20, 0x00007f839cb47b30]
Event: 3.035 Thread 0x00007f83b41731b0 4443       1       javax.crypto.JceSecurity$WeakIdentityWrapper::hashCode (5 bytes)
Event: 3.035 Thread 0x00007f83b41731b0 nmethod 4443 0x00007f83a4510a90 code [0x00007f83a4510c20, 0x00007f83a4510ce0]
Event: 3.035 Thread 0x00007f83b41731b0 4444       1       java.nio.HeapByteBuffer::isDirect (2 bytes)
Event: 3.035 Thread 0x00007f83b41731b0 nmethod 4444 0x00007f83a4533090 code [0x00007f83a4533220, 0x00007f83a45332e0]
Event: 3.036 Thread 0x00007f83100f2150 nmethod 4439 0x00007f83a4532b90 code [0x00007f83a4532d20, 0x00007f83a4532eb0]
Event: 3.036 Thread 0x00007f83100f2150 4427       4       sun.security.util.math.intpoly.IntegerPolynomial$MutableElement::setProduct (6 bytes)
Event: 3.037 Thread 0x00007f83b4171af0 nmethod 4436% 0x00007f83a4532410 code [0x00007f83a45325a0, 0x00007f83a45329e8]
Event: 3.037 Thread 0x00007f83b4171af0 4424       4       sun.security.util.math.intpoly.IntegerPolynomial::carryValue (17 bytes)
Event: 3.037 Thread 0x00007f83b4171af0 nmethod 4424 0x00007f83a4532110 code [0x00007f83a4532280, 0x00007f83a4532328]
Event: 3.037 Thread 0x00007f83b4171af0 4421       4       sun.net.www.protocol.file.Handler::parseURL (18 bytes)

GC Heap History (12 events):
Event: 0.487 GC heap before
{Heap before GC invocations=0 (full 0):
 garbage-first heap   total 256000K, used 21533K [0x0000000708200000, 0x0000000800000000)
  region size 2048K, 11 young (22528K), 0 survivors (0K)
 Metaspace       used 5514K, committed 5760K, reserved 1114112K
  class space    used 615K, committed 704K, reserved 1048576K
}
Event: 0.491 GC heap after
{Heap after GC invocations=1 (full 0):
 garbage-first heap   total 256000K, used 7327K [0x0000000708200000, 0x0000000800000000)
  region size 2048K, 2 young (4096K), 2 survivors (4096K)
 Metaspace       used 5514K, committed 5760K, reserved 1114112K
  class space    used 615K, committed 704K, reserved 1048576K
}
Event: 0.942 GC heap before
{Heap before GC invocations=1 (full 0):
 garbage-first heap   total 256000K, used 44191K [0x0000000708200000, 0x0000000800000000)
  region size 2048K, 20 young (40960K), 2 survivors (4096K)
 Metaspace       used 15582K, committed 15872K, reserved 1114112K
  class space    used 1878K, committed 1984K, reserved 1048576K
}
Event: 0.951 GC heap after
{Heap after GC invocations=2 (full 0):
 garbage-first heap   total 256000K, used 9776K [0x0000000708200000, 0x0000000800000000)
  region size 2048K, 2 young (4096K), 2 survivors (4096K)
 Metaspace       used 15582K, committed 15872K, reserved 1114112K
  class space    used 1878K, committed 1984K, reserved 1048576K
}
Event: 1.490 GC heap before
{Heap before GC invocations=2 (full 0):
 garbage-first heap   total 256000K, used 48688K [0x0000000708200000, 0x0000000800000000)
  region size 2048K, 22 young (45056K), 2 survivors (4096K)
 Metaspace       used 21176K, committed 21504K, reserved 1114112K
  class space    used 2536K, committed 2688K, reserved 1048576K
}
Event: 1.494 GC heap after
{Heap after GC invocations=3 (full 0):
 garbage-first heap   total 256000K, used 13359K [0x0000000708200000, 0x0000000800000000)
  region size 2048K, 4 young (8192K), 4 survivors (8192K)
 Metaspace       used 21176K, committed 21504K, reserved 1114112K
  class space    used 2536K, committed 2688K, reserved 1048576K
}
Event: 2.187 GC heap before
{Heap before GC invocations=4 (full 0):
 garbage-first heap   total 61440K, used 58415K [0x0000000708200000, 0x0000000800000000)
  region size 2048K, 26 young (53248K), 4 survivors (8192K)
 Metaspace       used 29023K, committed 29504K, reserved 1114112K
  class space    used 3603K, committed 3840K, reserved 1048576K
}
Event: 2.194 GC heap after
{Heap after GC invocations=5 (full 0):
 garbage-first heap   total 73728K, used 17942K [0x0000000708200000, 0x0000000800000000)
  region size 2048K, 6 young (12288K), 6 survivors (12288K)
 Metaspace       used 29023K, committed 29504K, reserved 1114112K
  class space    used 3603K, committed 3840K, reserved 1048576K
}
Event: 2.538 GC heap before
{Heap before GC invocations=5 (full 0):
 garbage-first heap   total 73728K, used 44566K [0x0000000708200000, 0x0000000800000000)
  region size 2048K, 20 young (40960K), 6 survivors (12288K)
 Metaspace       used 35399K, committed 35968K, reserved 1114112K
  class space    used 4568K, committed 4864K, reserved 1048576K
}
Event: 2.547 GC heap after
{Heap after GC invocations=6 (full 0):
 garbage-first heap   total 73728K, used 19381K [0x0000000708200000, 0x0000000800000000)
  region size 2048K, 2 young (4096K), 2 survivors (4096K)
 Metaspace       used 35399K, committed 35968K, reserved 1114112K
  class space    used 4568K, committed 4864K, reserved 1048576K
}
Event: 2.578 GC heap before
{Heap before GC invocations=6 (full 0):
 garbage-first heap   total 73728K, used 19381K [0x0000000708200000, 0x0000000800000000)
  region size 2048K, 3 young (6144K), 2 survivors (4096K)
 Metaspace       used 35801K, committed 36288K, reserved 1114112K
  class space    used 4630K, committed 4864K, reserved 1048576K
}
Event: 2.580 GC heap after
{Heap after GC invocations=7 (full 0):
 garbage-first heap   total 90112K, used 18915K [0x0000000708200000, 0x0000000800000000)
  region size 2048K, 1 young (2048K), 1 survivors (2048K)
 Metaspace       used 35801K, committed 36288K, reserved 1114112K
  class space    used 4630K, committed 4864K, reserved 1048576K
}

Dll operation events (12 events):
Event: 0.002 Loaded shared library /home/divum/.jdks/openjdk-21.0.2/lib/libjava.so
Event: 0.022 Loaded shared library /home/divum/.jdks/openjdk-21.0.2/lib/libjsvml.so
Event: 0.085 Loaded shared library /home/divum/.jdks/openjdk-21.0.2/lib/libzip.so
Event: 0.088 Loaded shared library /home/divum/.jdks/openjdk-21.0.2/lib/libinstrument.so
Event: 0.090 Loaded shared library /home/divum/.jdks/openjdk-21.0.2/lib/libnio.so
Event: 0.093 Loaded shared library /home/divum/.jdks/openjdk-21.0.2/lib/libzip.so
Event: 0.151 Loaded shared library /home/divum/.jdks/openjdk-21.0.2/lib/libnet.so
Event: 0.156 Loaded shared library /home/divum/.jdks/openjdk-21.0.2/lib/libextnet.so
Event: 0.184 Loaded shared library /home/divum/.jdks/openjdk-21.0.2/lib/libjimage.so
Event: 0.419 Loaded shared library /home/divum/.jdks/openjdk-21.0.2/lib/libmanagement.so
Event: 0.420 Loaded shared library /home/divum/.jdks/openjdk-21.0.2/lib/libmanagement_ext.so
Event: 2.447 Loaded shared library /home/divum/.jdks/openjdk-21.0.2/lib/libverify.so

Deoptimization events (20 events):
Event: 3.011 Thread 0x00007f82c4001010 DEOPT UNPACKING pc=0x00007f83a3f8af99 sp=0x00007f8388a25460 mode 2
Event: 3.011 Thread 0x00007f82c4001010 Uncommon trap: trap_request=0xffffffde fr.pc=0x00007f83a451f8c0 relative=0x0000000000000280
Event: 3.011 Thread 0x00007f82c4001010 Uncommon trap: reason=class_check action=maybe_recompile pc=0x00007f83a451f8c0 method=sun.security.util.math.intpoly.IntegerPolynomial.multByInt([JJ)V @ 26 c2
Event: 3.011 Thread 0x00007f82c4001010 DEOPT PACKING pc=0x00007f83a451f8c0 sp=0x00007f8388a25470
Event: 3.011 Thread 0x00007f82c4001010 DEOPT UNPACKING pc=0x00007f83a3f8af99 sp=0x00007f8388a25460 mode 2
Event: 3.017 Thread 0x00007f82c4001010 Uncommon trap: trap_request=0xffffff45 fr.pc=0x00007f83a45c4d84 relative=0x0000000000000864
Event: 3.017 Thread 0x00007f82c4001010 Uncommon trap: reason=unstable_if action=reinterpret pc=0x00007f83a45c4d84 method=sun.security.provider.DigestBase.engineUpdate([BII)V @ 106 c2
Event: 3.017 Thread 0x00007f82c4001010 DEOPT PACKING pc=0x00007f83a45c4d84 sp=0x00007f8388a256b0
Event: 3.017 Thread 0x00007f82c4001010 DEOPT UNPACKING pc=0x00007f83a3f8af99 sp=0x00007f8388a25680 mode 2
Event: 3.018 Thread 0x00007f82c4001010 Uncommon trap: trap_request=0xffffff6e fr.pc=0x00007f83a45571f0 relative=0x0000000000000250
Event: 3.018 Thread 0x00007f82c4001010 Uncommon trap: reason=loop_limit_check action=maybe_recompile pc=0x00007f83a45571f0 method=java.math.BigInteger.implMulAdd([I[IIII)I @ 26 c2
Event: 3.018 Thread 0x00007f82c4001010 DEOPT PACKING pc=0x00007f83a45571f0 sp=0x00007f8388a25120
Event: 3.018 Thread 0x00007f82c4001010 DEOPT UNPACKING pc=0x00007f83a3f8af99 sp=0x00007f8388a25090 mode 2
Event: 3.021 Thread 0x00007f82c4001010 Uncommon trap: trap_request=0xffffff45 fr.pc=0x00007f83a45c41ec relative=0x000000000000006c
Event: 3.021 Thread 0x00007f82c4001010 Uncommon trap: reason=unstable_if action=reinterpret pc=0x00007f83a45c41ec method=javax.crypto.Mac.chooseFirstProvider()V @ 4 c2
Event: 3.021 Thread 0x00007f82c4001010 DEOPT PACKING pc=0x00007f83a45c41ec sp=0x00007f8388a256b0
Event: 3.021 Thread 0x00007f82c4001010 DEOPT UNPACKING pc=0x00007f83a3f8af99 sp=0x00007f8388a25640 mode 2
Event: 3.036 Thread 0x00007f82c4001010 DEOPT PACKING pc=0x00007f839cb7e92b sp=0x00007f8388a252b0
Event: 3.036 Thread 0x00007f82c4001010 DEOPT UNPACKING pc=0x00007f83a3f8b72f sp=0x00007f8388a24700 mode 0
Event: 3.037 Thread 0x00007f82c4001010 DEOPT PACKING pc=0x00007f839caf826d sp=0x00007f8388a25690

Classes loaded (20 events):
Event: 2.853 Loading class java/util/concurrent/atomic/AtomicReferenceFieldUpdater$AtomicReferenceFieldUpdaterImpl$1
Event: 2.853 Loading class java/util/concurrent/atomic/AtomicReferenceFieldUpdater$AtomicReferenceFieldUpdaterImpl$1 done
Event: 2.864 Loading class java/util/SimpleTimeZone
Event: 2.864 Loading class java/util/SimpleTimeZone done
Event: 2.864 Loading class java/time/LocalDateTime$1
Event: 2.864 Loading class java/time/LocalDateTime$1 done
Event: 2.864 Loading class java/time/chrono/IsoEra
Event: 2.864 Loading class java/time/chrono/Era
Event: 2.864 Loading class java/time/chrono/Era done
Event: 2.864 Loading class java/time/chrono/IsoEra done
Event: 2.865 Loading class java/time/Instant$1
Event: 2.865 Loading class java/time/Instant$1 done
Event: 2.892 Loading class java/util/TimerTask
Event: 2.892 Loading class java/util/TimerTask done
Event: 2.906 Loading class java/util/concurrent/ThreadPoolExecutor$CallerRunsPolicy
Event: 2.907 Loading class java/util/concurrent/ThreadPoolExecutor$CallerRunsPolicy done
Event: 2.950 Loading class java/util/regex/Pattern$1MatcherIterator
Event: 2.951 Loading class java/util/regex/Pattern$1MatcherIterator done
Event: 2.978 Loading class jdk/internal/reflect/MethodHandleIntegerFieldAccessorImpl
Event: 2.978 Loading class jdk/internal/reflect/MethodHandleIntegerFieldAccessorImpl done

Classes unloaded (0 events):
No events

Classes redefined (0 events):
No events

Internal exceptions (20 events):
Event: 1.967 Thread 0x00007f83040028e0 Exception <a 'java/lang/NoSuchMethodError'{0x00000007099ec9f8}: 'void java.lang.invoke.DirectMethodHandle$Holder.invokeStatic(java.lang.Object, int, java.lang.Object)'> (0x00000007099ec9f8) 
thrown [open/src/hotspot/share/interpreter/linkResolver.cpp, line 772]
Event: 1.971 Thread 0x00007f83040028e0 Exception <a 'java/lang/NoSuchMethodError'{0x0000000709624ab0}: 'void java.lang.invoke.DirectMethodHandle$Holder.invokeStatic(java.lang.Object, java.lang.Object, java.lang.Object, int, java.lang.Object)'> (0x0000000709624ab0) 
thrown [open/src/hotspot/share/interpreter/linkResolver.cpp, line 772]
Event: 1.971 Thread 0x00007f83040028e0 Exception <a 'java/lang/NoSuchMethodError'{0x000000070962b268}: 'java.lang.Object java.lang.invoke.DirectMethodHandle$Holder.newInvokeSpecial(java.lang.Object, java.lang.Object, java.lang.Object, int)'> (0x000000070962b268) 
thrown [open/src/hotspot/share/interpreter/linkResolver.cpp, line 772]
Event: 1.971 Thread 0x00007f83040028e0 Exception <a 'java/lang/NoSuchMethodError'{0x000000070962f058}: 'java.lang.Object java.lang.invoke.DirectMethodHandle$Holder.invokeSpecial(java.lang.Object, java.lang.Object, java.lang.Object, java.lang.Object, int)'> (0x000000070962f058) 
thrown [open/src/hotspot/share/interpreter/linkResolver.cpp, line 772]
Event: 1.972 Thread 0x00007f83040028e0 Exception <a 'java/lang/NoSuchMethodError'{0x00000007096324e0}: 'java.lang.Object java.lang.invoke.Invokers$Holder.linkToTargetMethod(java.lang.Object, java.lang.Object, int, java.lang.Object)'> (0x00000007096324e0) 
thrown [open/src/hotspot/share/interpreter/linkResolver.cpp, line 772]
Event: 2.100 Thread 0x00007f83040028e0 Exception <a 'java/lang/NoSuchMethodError'{0x0000000708c591e0}: 'int java.lang.invoke.DirectMethodHandle$Holder.invokeVirtual(java.lang.Object, java.lang.Object, java.lang.Object, java.lang.Object)'> (0x0000000708c591e0) 
thrown [open/src/hotspot/share/interpreter/linkResolver.cpp, line 772]
Event: 2.101 Thread 0x00007f83040028e0 Exception <a 'java/lang/NoSuchMethodError'{0x0000000708c5cc18}: 'int java.lang.invoke.DelegatingMethodHandle$Holder.reinvoke_L(java.lang.Object, java.lang.Object, java.lang.Object, java.lang.Object)'> (0x0000000708c5cc18) 
thrown [open/src/hotspot/share/interpreter/linkResolver.cpp, line 772]
Event: 2.136 Thread 0x00007f83040028e0 Exception <a 'java/io/FileNotFoundException'{0x0000000708a62da8}> (0x0000000708a62da8) 
thrown [open/src/hotspot/share/prims/jni.cpp, line 520]
Event: 2.148 Thread 0x00007f83040028e0 Exception <a 'java/lang/NoSuchMethodError'{0x0000000708ba62f0}: 'int java.lang.invoke.DirectMethodHandle$Holder.invokeInterface(java.lang.Object, java.lang.Object, java.lang.Object, java.lang.Object)'> (0x0000000708ba62f0) 
thrown [open/src/hotspot/share/interpreter/linkResolver.cpp, line 772]
Event: 2.178 Thread 0x00007f83040028e0 Exception <a 'java/lang/NoSuchMethodError'{0x0000000708966248}: 'long java.lang.invoke.DirectMethodHandle$Holder.invokeVirtual(java.lang.Object, java.lang.Object)'> (0x0000000708966248) 
thrown [open/src/hotspot/share/interpreter/linkResolver.cpp, line 772]
Event: 2.180 Thread 0x00007f83040028e0 Exception <a 'java/io/FileNotFoundException'{0x000000070898f098}> (0x000000070898f098) 
thrown [open/src/hotspot/share/prims/jni.cpp, line 520]
Event: 2.241 Thread 0x00007f83040028e0 Exception <a 'java/lang/NoSuchMethodError'{0x00000007148fb148}: 'java.lang.Object java.lang.invoke.DirectMethodHandle$Holder.newInvokeSpecial(java.lang.Object, java.lang.Object, java.lang.Object, java.lang.Object, java.lang.Object, java.lang.Object, java.lang.Object, java.lang.Object, java.lang.Object, java.lang.Object, java.lang.Object)'> (0x00000007148fb148) 
thrown [open/src/hotspot/share/interpreter/linkResolver.cpp, line 772]
Event: 2.289 Thread 0x00007f83040028e0 Exception <a 'java/lang/NoSuchMethodError'{0x00000007147ffd30}: 'void java.lang.invoke.DelegatingMethodHandle$Holder.reinvoke_L(java.lang.Object, java.lang.Object, java.lang.Object, java.lang.Object, int, java.lang.Object, java.lang.Object, java.lang.Object)'> (0x00000007147ffd30) 
thrown [open/src/hotspot/share/interpreter/linkResolver.cpp, line 772]
Event: 2.562 Thread 0x00007f83040028e0 Exception <a 'java/lang/NoSuchMethodError'{0x00000007fff0aca0}: 'int java.lang.invoke.DirectMethodHandle$Holder.invokeStatic(java.lang.Object)'> (0x00000007fff0aca0) 
thrown [open/src/hotspot/share/interpreter/linkResolver.cpp, line 772]
Event: 2.583 Thread 0x00007f83040028e0 Exception <a 'java/lang/NoSuchMethodError'{0x00000007ffe14398}: method resolution failed> (0x00000007ffe14398) 
thrown [open/src/hotspot/share/prims/methodHandles.cpp, line 1144]
Event: 2.592 Thread 0x00007f83040028e0 Exception <a 'java/lang/NoSuchMethodError'{0x00000007ffe5e378}: 'int java.lang.invoke.DirectMethodHandle$Holder.invokeStaticInit(java.lang.Object, java.lang.Object, java.lang.Object, java.lang.Object)'> (0x00000007ffe5e378) 
thrown [open/src/hotspot/share/interpreter/linkResolver.cpp, line 772]
Event: 2.817 Thread 0x00007f83040028e0 Implicit null exception at 0x00007f83a450cf81 to 0x00007f83a450d874
Event: 2.866 Thread 0x00007f83040028e0 Implicit null exception at 0x00007f83a470f880 to 0x00007f83a470f93c
Event: 2.969 Thread 0x00007f83040028e0 Exception <a 'java/lang/NoSuchMethodError'{0x000000070c1fed10}: 'java.lang.Object java.lang.invoke.DirectMethodHandle$Holder.invokeStaticInit(java.lang.Object, java.lang.Object, java.lang.Object, java.lang.Object)'> (0x000000070c1fed10) 
thrown [open/src/hotspot/share/interpreter/linkResolver.cpp, line 772]
Event: 2.978 Thread 0x00007f83040028e0 Exception <a 'java/lang/NoSuchMethodError'{0x000000070be84ea8}: 'int java.lang.invoke.Invokers$Holder.invokeExact_MT(java.lang.Object, java.lang.Object)'> (0x000000070be84ea8) 
thrown [open/src/hotspot/share/interpreter/linkResolver.cpp, line 772]

ZGC Phase Switch (0 events):
No events

VM Operations (20 events):
Event: 2.187 Executing VM operation: G1CollectForAllocation (G1 Evacuation Pause)
Event: 2.194 Executing VM operation: G1CollectForAllocation (G1 Evacuation Pause) done
Event: 2.323 Executing VM operation: HandshakeAllThreads (Deoptimize)
Event: 2.324 Executing VM operation: HandshakeAllThreads (Deoptimize) done
Event: 2.538 Executing VM operation: CollectForMetadataAllocation (Metadata GC Threshold)
Event: 2.547 Executing VM operation: CollectForMetadataAllocation (Metadata GC Threshold) done
Event: 2.578 Executing VM operation: CollectForMetadataAllocation (Metadata GC Threshold)
Event: 2.580 Executing VM operation: CollectForMetadataAllocation (Metadata GC Threshold) done
Event: 2.589 Executing VM operation: CollectForMetadataAllocation (Metadata GC Threshold)
Event: 2.589 Executing VM operation: CollectForMetadataAllocation (Metadata GC Threshold) done
Event: 2.599 Executing VM operation: G1PauseRemark
Event: 2.602 Executing VM operation: G1PauseRemark done
Event: 2.609 Executing VM operation: G1PauseCleanup
Event: 2.609 Executing VM operation: G1PauseCleanup done
Event: 2.621 Executing VM operation: HandshakeAllThreads (Deoptimize)
Event: 2.621 Executing VM operation: HandshakeAllThreads (Deoptimize) done
Event: 2.747 Executing VM operation: HandshakeAllThreads (Deoptimize)
Event: 2.747 Executing VM operation: HandshakeAllThreads (Deoptimize) done
Event: 2.782 Executing VM operation: HandshakeAllThreads (Deoptimize)
Event: 2.782 Executing VM operation: HandshakeAllThreads (Deoptimize) done

Events (20 events):
Event: 2.601 Thread 0x00007f83b415cf50 flushing nmethod 0x00007f83a44f2e90
Event: 2.601 Thread 0x00007f83b415cf50 flushing nmethod 0x00007f83a44f2a90
Event: 2.601 Thread 0x00007f83b415cf50 flushing nmethod 0x00007f83a44f2690
Event: 2.601 Thread 0x00007f83b415cf50 flushing nmethod 0x00007f83a44f2390
Event: 2.601 Thread 0x00007f83b415cf50 flushing nmethod 0x00007f83a44f0910
Event: 2.601 Thread 0x00007f83b415cf50 flushing nmethod 0x00007f83a44ef990
Event: 2.601 Thread 0x00007f83b415cf50 flushing nmethod 0x00007f83a44ef510
Event: 2.601 Thread 0x00007f83b415cf50 flushing nmethod 0x00007f83a44ee410
Event: 2.601 Thread 0x00007f83b415cf50 flushing nmethod 0x00007f83a44d9c10
Event: 2.601 Thread 0x00007f83b415cf50 flushing nmethod 0x00007f83a44e5110
Event: 2.601 Thread 0x00007f83b415cf50 flushing nmethod 0x00007f83a44d7810
Event: 2.601 Thread 0x00007f83b415cf50 flushing nmethod 0x00007f83a44db410
Event: 2.601 Thread 0x00007f83b415cf50 flushing nmethod 0x00007f83a44d2710
Event: 2.601 Thread 0x00007f83b415cf50 flushing nmethod 0x00007f83a44d4710
Event: 2.886 Thread 0x00007f82f916c3e0 Thread added: 0x00007f82f916c3e0
Event: 2.887 Protecting memory [0x00007f8388b28000,0x00007f8388b2c000] with protection modes 0
Event: 2.906 Thread 0x00007f82f9143a40 Thread added: 0x00007f82f9143a40
Event: 2.906 Protecting memory [0x00007f8388a28000,0x00007f8388a2c000] with protection modes 0
Event: 3.008 Thread 0x00007f82c4001010 Thread added: 0x00007f82c4001010
Event: 3.008 Protecting memory [0x00007f8388928000,0x00007f838892c000] with protection modes 0


Dynamic libraries:
708200000-70c800000 rw-p 00000000 00:00 0 
70c800000-717800000 ---p 00000000 00:00 0 
717800000-717a00000 rw-p 00000000 00:00 0 
717a00000-7ffe00000 ---p 00000000 00:00 0 
7ffe00000-7fff08000 rw-p 00ce5000 08:02 20848565                         /home/divum/.jdks/openjdk-21.0.2/lib/server/classes.jsa
7fff08000-800000000 rw-p 00000000 00:00 0 
55e1c6b18000-55e1c6b19000 r-xp 00000000 08:02 20848070                   /home/divum/.jdks/openjdk-21.0.2/bin/java
55e1c6b1a000-55e1c6b1b000 r--p 00001000 08:02 20848070                   /home/divum/.jdks/openjdk-21.0.2/bin/java
55e1c6b1b000-55e1c6b1c000 rw-p 00002000 08:02 20848070                   /home/divum/.jdks/openjdk-21.0.2/bin/java
55e1c7d79000-55e1c7dc1000 rw-p 00000000 00:00 0                          [heap]
7f82b8000000-7f82b8021000 rw-p 00000000 00:00 0 
7f82b8021000-7f82bc000000 ---p 00000000 00:00 0 
7f82bc000000-7f82bc021000 rw-p 00000000 00:00 0 
7f82bc021000-7f82c0000000 ---p 00000000 00:00 0 
7f82c0000000-7f82c0021000 rw-p 00000000 00:00 0 
7f82c0021000-7f82c4000000 ---p 00000000 00:00 0 
7f82c4000000-7f82c4021000 rw-p 00000000 00:00 0 
7f82c4021000-7f82c8000000 ---p 00000000 00:00 0 
7f82c8000000-7f82c8021000 rw-p 00000000 00:00 0 
7f82c8021000-7f82cc000000 ---p 00000000 00:00 0 
7f82cc000000-7f82cc021000 rw-p 00000000 00:00 0 
7f82cc021000-7f82d0000000 ---p 00000000 00:00 0 
7f82d0000000-7f82d1071000 rw-p 00000000 00:00 0 
7f82d1071000-7f82d4000000 ---p 00000000 00:00 0 
7f82d4000000-7f82d4021000 rw-p 00000000 00:00 0 
7f82d4021000-7f82d8000000 ---p 00000000 00:00 0 
7f82d8000000-7f82d8021000 rw-p 00000000 00:00 0 
7f82d8021000-7f82dc000000 ---p 00000000 00:00 0 
7f82dc000000-7f82dc07b000 rw-p 00000000 00:00 0 
7f82dc07b000-7f82e0000000 ---p 00000000 00:00 0 
7f82e0000000-7f82e0299000 rw-p 00000000 00:00 0 
7f82e0299000-7f82e4000000 ---p 00000000 00:00 0 
7f82e4000000-7f82e4021000 rw-p 00000000 00:00 0 
7f82e4021000-7f82e8000000 ---p 00000000 00:00 0 
7f82e8000000-7f82e8021000 rw-p 00000000 00:00 0 
7f82e8021000-7f82ec000000 ---p 00000000 00:00 0 
7f82ec000000-7f82ec021000 rw-p 00000000 00:00 0 
7f82ec021000-7f82f0000000 ---p 00000000 00:00 0 
7f82f0000000-7f82f0021000 rw-p 00000000 00:00 0 
7f82f0021000-7f82f4000000 ---p 00000000 00:00 0 
7f82f4000000-7f82f4021000 rw-p 00000000 00:00 0 
7f82f4021000-7f82f8000000 ---p 00000000 00:00 0 
7f82f8000000-7f82f92bd000 rw-p 00000000 00:00 0 
7f82f92bd000-7f82fc000000 ---p 00000000 00:00 0 
7f82fc000000-7f82fc021000 rw-p 00000000 00:00 0 
7f82fc021000-7f8300000000 ---p 00000000 00:00 0 
7f8300000000-7f8300021000 rw-p 00000000 00:00 0 
7f8300021000-7f8304000000 ---p 00000000 00:00 0 
7f8304000000-7f8304021000 rw-p 00000000 00:00 0 
7f8304021000-7f8308000000 ---p 00000000 00:00 0 
7f8308000000-7f8308f3b000 rw-p 00000000 00:00 0 
7f8308f3b000-7f830c000000 ---p 00000000 00:00 0 
7f830c000000-7f830c021000 rw-p 00000000 00:00 0 
7f830c021000-7f8310000000 ---p 00000000 00:00 0 
7f8310000000-7f83107cf000 rw-p 00000000 00:00 0 
7f83107cf000-7f8314000000 ---p 00000000 00:00 0 
7f8314000000-7f8314021000 rw-p 00000000 00:00 0 
7f8314021000-7f8318000000 ---p 00000000 00:00 0 
7f8318000000-7f8318021000 rw-p 00000000 00:00 0 
7f8318021000-7f831c000000 ---p 00000000 00:00 0 
7f831c000000-7f831d233000 rw-p 00000000 00:00 0 
7f831d233000-7f8320000000 ---p 00000000 00:00 0 
7f8320000000-7f8320021000 rw-p 00000000 00:00 0 
7f8320021000-7f8324000000 ---p 00000000 00:00 0 
7f8324000000-7f8324021000 rw-p 00000000 00:00 0 
7f8324021000-7f8328000000 ---p 00000000 00:00 0 
7f8328000000-7f8328021000 rw-p 00000000 00:00 0 
7f8328021000-7f832c000000 ---p 00000000 00:00 0 
7f832c000000-7f832c021000 rw-p 00000000 00:00 0 
7f832c021000-7f8330000000 ---p 00000000 00:00 0 
7f8330000000-7f8330021000 rw-p 00000000 00:00 0 
7f8330021000-7f8334000000 ---p 00000000 00:00 0 
7f8337000000-7f83373f0000 rw-p 00000000 00:00 0 
7f83373f0000-7f8337af0000 rw-p 00000000 00:00 0 
7f8337af0000-7f8337bf0000 rw-p 00000000 00:00 0 
7f8337bf0000-7f8337ff0000 rw-p 00000000 00:00 0 
7f8337ff0000-7f83386f0000 rw-p 00000000 00:00 0 
7f83386f0000-7f83387f0000 rw-p 00000000 00:00 0 
7f83387f0000-7f83390f0000 rw-p 00000000 00:00 0 
7f83390f0000-7f8339130000 rw-p 00000000 00:00 0 
7f8339130000-7f8339170000 rw-p 00000000 00:00 0 
7f8339170000-7f83392f0000 rw-p 00000000 00:00 0 
7f83392f0000-7f8339300000 ---p 00000000 00:00 0 
7f8339300000-7f8339630000 rw-p 00000000 00:00 0 
7f8339630000-7f833b000000 ---p 00000000 00:00 0 
7f833b000000-7f833bca6000 rw-p 00001000 08:02 20848565                   /home/divum/.jdks/openjdk-21.0.2/lib/server/classes.jsa
7f833bca6000-7f833c000000 ---p 00000000 00:00 0 
7f833c000000-7f833c030000 rw-p 00000000 00:00 0 
7f833c030000-7f833c0b0000 rw-p 00000000 00:00 0 
7f833c0b0000-7f833c0f0000 rw-p 00000000 00:00 0 
7f833c0f0000-7f833c230000 rw-p 00000000 00:00 0 
7f833c230000-7f833c270000 rw-p 00000000 00:00 0 
7f833c270000-7f833c530000 rw-p 00000000 00:00 0 
7f833c530000-7f833c5d0000 rw-p 00000000 00:00 0 
7f833c5d0000-7f837c000000 ---p 00000000 00:00 0 
7f837c000000-7f837c021000 rw-p 00000000 00:00 0 
7f837c021000-7f8380000000 ---p 00000000 00:00 0 
7f8380000000-7f8380021000 rw-p 00000000 00:00 0 
7f8380021000-7f8384000000 ---p 00000000 00:00 0 
7f8384000000-7f8384021000 rw-p 00000000 00:00 0 
7f8384021000-7f8388000000 ---p 00000000 00:00 0 
7f838856f000-7f8388573000 ---p 00000000 00:00 0 
7f8388573000-7f8388928000 rw-p 00000000 00:00 0 
7f8388928000-7f838892c000 ---p 00000000 00:00 0 
7f838892c000-7f8388a28000 rw-p 00000000 00:00 0 
7f8388a28000-7f8388a2c000 ---p 00000000 00:00 0 
7f8388a2c000-7f8388b28000 rw-p 00000000 00:00 0 
7f8388b28000-7f8388b2c000 ---p 00000000 00:00 0 
7f8388b2c000-7f8388c28000 rw-p 00000000 00:00 0 
7f8388c28000-7f8388c2c000 ---p 00000000 00:00 0 
7f8388c2c000-7f8388d28000 rw-p 00000000 00:00 0 
7f8388d28000-7f8388d2c000 ---p 00000000 00:00 0 
7f8388d2c000-7f8388e28000 rw-p 00000000 00:00 0 
7f8388e28000-7f8388e29000 ---p 00000000 00:00 0 
7f8388e29000-7f8388f29000 rw-p 00000000 00:00 0 
7f8388f29000-7f8388f2d000 ---p 00000000 00:00 0 
7f8388f2d000-7f8389029000 rw-p 00000000 00:00 0 
7f8389029000-7f838902d000 ---p 00000000 00:00 0 
7f838902d000-7f8389129000 rw-p 00000000 00:00 0 
7f8389129000-7f838912a000 ---p 00000000 00:00 0 
7f838912a000-7f838922a000 rw-p 00000000 00:00 0 
7f838922a000-7f838922b000 ---p 00000000 00:00 0 
7f838922b000-7f838932b000 rw-p 00000000 00:00 0 
7f838932b000-7f838932f000 ---p 00000000 00:00 0 
7f838932f000-7f838942b000 rw-p 00000000 00:00 0 
7f838942b000-7f838942c000 ---p 00000000 00:00 0 
7f838942c000-7f838952c000 rw-p 00000000 00:00 0 
7f838952c000-7f838952d000 ---p 00000000 00:00 0 
7f838952d000-7f838962d000 rw-p 00000000 00:00 0 
7f838962d000-7f838962e000 ---p 00000000 00:00 0 
7f838962e000-7f838972e000 rw-p 00000000 00:00 0 
7f838972e000-7f838972f000 ---p 00000000 00:00 0 
7f838972f000-7f838982f000 rw-p 00000000 00:00 0 
7f838982f000-7f8389830000 ---p 00000000 00:00 0 
7f8389830000-7f8389930000 rw-p 00000000 00:00 0 
7f8389930000-7f8389934000 ---p 00000000 00:00 0 
7f8389934000-7f8389a30000 rw-p 00000000 00:00 0 
7f8389a30000-7f8389a34000 ---p 00000000 00:00 0 
7f8389a34000-7f8389b30000 rw-p 00000000 00:00 0 
7f8389b30000-7f8389b34000 ---p 00000000 00:00 0 
7f8389b34000-7f8389c30000 rw-p 00000000 00:00 0 
7f8389c30000-7f8389c34000 ---p 00000000 00:00 0 
7f8389c34000-7f8389d30000 rw-p 00000000 00:00 0 
7f8389d30000-7f8389d34000 ---p 00000000 00:00 0 
7f8389d34000-7f8389e30000 rw-p 00000000 00:00 0 
7f8389e30000-7f8389e34000 ---p 00000000 00:00 0 
7f8389e34000-7f8389f30000 rw-p 00000000 00:00 0 
7f8389f30000-7f8389ffe000 r-xp 00000000 08:02 20848539                   /home/divum/.jdks/openjdk-21.0.2/lib/libjsvml.so
7f8389ffe000-7f8389fff000 r--p 000cd000 08:02 20848539                   /home/divum/.jdks/openjdk-21.0.2/lib/libjsvml.so
7f8389fff000-7f838a000000 rw-p 000ce000 08:02 20848539                   /home/divum/.jdks/openjdk-21.0.2/lib/libjsvml.so
7f838a000000-7f838c021000 rw-p 00000000 00:00 0 
7f838c021000-7f8390000000 ---p 00000000 00:00 0 
7f8390000000-7f8390021000 rw-p 00000000 00:00 0 
7f8390021000-7f8394000000 ---p 00000000 00:00 0 
7f8394000000-7f8394021000 rw-p 00000000 00:00 0 
7f8394021000-7f8398000000 ---p 00000000 00:00 0 
7f8398000000-7f8398004000 ---p 00000000 00:00 0 
7f8398004000-7f8398100000 rw-p 00000000 00:00 0 
7f8398100000-7f8398104000 ---p 00000000 00:00 0 
7f8398104000-7f8398200000 rw-p 00000000 00:00 0 
7f8398200000-7f8398204000 ---p 00000000 00:00 0 
7f8398204000-7f8398300000 rw-p 00000000 00:00 0 
7f8398300000-7f8398304000 ---p 00000000 00:00 0 
7f8398304000-7f8398400000 rw-p 00000000 00:00 0 
7f8398400000-7f8398404000 ---p 00000000 00:00 0 
7f8398404000-7f8398500000 rw-p 00000000 00:00 0 
7f8398500000-7f8398504000 ---p 00000000 00:00 0 
7f8398504000-7f8398600000 rw-p 00000000 00:00 0 
7f8398600000-7f8398b74000 r--p 00000000 08:02 10485996                   /usr/lib/locale/locale-archive
7f8398c08000-7f8398d20000 rw-p 00000000 00:00 0 
7f8398d20000-7f8398fe0000 ---p 00000000 00:00 0 
7f8398fe0000-7f8398fe8000 rw-p 00000000 00:00 0 
7f8398fe8000-7f839c9f8000 ---p 00000000 00:00 0 
7f839c9f8000-7f839ca00000 rw-p 00000000 00:00 0 
7f839ca00000-7f839d210000 rwxp 00000000 00:00 0 
7f839d210000-7f83a3f37000 ---p 00000000 00:00 0 
7f83a3f37000-7f83a41a7000 rwxp 00000000 00:00 0 
7f83a41a7000-7f83a44c9000 ---p 00000000 00:00 0 
7f83a44c9000-7f83a4749000 rwxp 00000000 00:00 0 
7f83a4749000-7f83aba00000 ---p 00000000 00:00 0 
7f83aba00000-7f83b3ecf000 r--s 00000000 08:02 20848556                   /home/divum/.jdks/openjdk-21.0.2/lib/modules
7f83b3f00000-7f83b3f04000 ---p 00000000 00:00 0 
7f83b3f04000-7f83b4798000 rw-p 00000000 00:00 0 
7f83b4798000-7f83b8000000 ---p 00000000 00:00 0 
7f83b8059000-7f83b8060000 r--s 00000000 08:02 11143631                   /usr/lib/x86_64-linux-gnu/gconv/gconv-modules.cache
7f83b8060000-7f83b806d000 r-xp 00000000 08:02 20848554                   /home/divum/.jdks/openjdk-21.0.2/lib/libverify.so
7f83b806d000-7f83b806f000 r--p 0000c000 08:02 20848554                   /home/divum/.jdks/openjdk-21.0.2/lib/libverify.so
7f83b806f000-7f83b8070000 rw-p 0000e000 08:02 20848554                   /home/divum/.jdks/openjdk-21.0.2/lib/libverify.so
7f83b8070000-7f83b8075000 r-xp 00000000 08:02 20848544                   /home/divum/.jdks/openjdk-21.0.2/lib/libmanagement_ext.so
7f83b8075000-7f83b8076000 ---p 00005000 08:02 20848544                   /home/divum/.jdks/openjdk-21.0.2/lib/libmanagement_ext.so
7f83b8076000-7f83b8077000 r--p 00005000 08:02 20848544                   /home/divum/.jdks/openjdk-21.0.2/lib/libmanagement_ext.so
7f83b8077000-7f83b8078000 rw-p 00006000 08:02 20848544                   /home/divum/.jdks/openjdk-21.0.2/lib/libmanagement_ext.so
7f83b8078000-7f83b8079000 ---p 00000000 00:00 0 
7f83b8079000-7f83b8179000 rw-p 00000000 00:00 0 
7f83b8179000-7f83b817a000 ---p 00000000 00:00 0 
7f83b817a000-7f83b8397000 rw-p 00000000 00:00 0 
7f83b8397000-7f83b8398000 ---p 00000000 00:00 0 
7f83b8398000-7f83b8498000 rw-p 00000000 00:00 0 
7f83b8498000-7f83b8499000 ---p 00000000 00:00 0 
7f83b8499000-7f83b8da1000 rw-p 00000000 00:00 0 
7f83b8da1000-7f83b8da2000 ---p 00000000 00:00 0 
7f83b8da2000-7f83b8ea2000 rw-p 00000000 00:00 0 
7f83b8ea2000-7f83b8ea3000 ---p 00000000 00:00 0 
7f83b8ea3000-7f83b8fa3000 rw-p 00000000 00:00 0 
7f83b8fa3000-7f83b8fa4000 ---p 00000000 00:00 0 
7f83b8fa4000-7f83b90c7000 rw-p 00000000 00:00 0 
7f83b90c7000-7f83b911f000 ---p 00000000 00:00 0 
7f83b911f000-7f83b9120000 rw-p 00000000 00:00 0 
7f83b9120000-7f83b9862000 ---p 00000000 00:00 0 
7f83b9862000-7f83b9886000 rw-p 00000000 00:00 0 
7f83b9886000-7f83b98de000 ---p 00000000 00:00 0 
7f83b98de000-7f83b98df000 rw-p 00000000 00:00 0 
7f83b98df000-7f83ba021000 ---p 00000000 00:00 0 
7f83ba021000-7f83ba82f000 rw-p 00000000 00:00 0 
7f83ba82f000-7f83ba915000 ---p 00000000 00:00 0 
7f83ba915000-7f83ba926000 rw-p 00000000 00:00 0 
7f83ba926000-7f83baa00000 ---p 00000000 00:00 0 
7f83baa00000-7f83bbd12000 r-xp 00000000 08:02 20848568                   /home/divum/.jdks/openjdk-21.0.2/lib/server/libjvm.so
7f83bbd12000-7f83bbd13000 ---p 01312000 08:02 20848568                   /home/divum/.jdks/openjdk-21.0.2/lib/server/libjvm.so
7f83bbd13000-7f83bbde0000 r--p 01312000 08:02 20848568                   /home/divum/.jdks/openjdk-21.0.2/lib/server/libjvm.so
7f83bbde0000-7f83bbe0e000 rw-p 013df000 08:02 20848568                   /home/divum/.jdks/openjdk-21.0.2/lib/server/libjvm.so
7f83bbe0e000-7f83bbe74000 rw-p 00000000 00:00 0 
7f83bbe7a000-7f83bbe7e000 r-xp 00000000 08:02 20848542                   /home/divum/.jdks/openjdk-21.0.2/lib/libmanagement.so
7f83bbe7e000-7f83bbe7f000 r--p 00003000 08:02 20848542                   /home/divum/.jdks/openjdk-21.0.2/lib/libmanagement.so
7f83bbe7f000-7f83bbe80000 rw-p 00004000 08:02 20848542                   /home/divum/.jdks/openjdk-21.0.2/lib/libmanagement.so
7f83bbe80000-7f83bbf00000 rw-p 00000000 00:00 0 
7f83bbf00000-7f83bbf04000 ---p 00000000 00:00 0 
7f83bbf04000-7f83bc000000 rw-p 00000000 00:00 0 
7f83bc000000-7f83bc022000 r--p 00000000 08:02 10485941                   /usr/lib/x86_64-linux-gnu/libc.so.6
7f83bc022000-7f83bc19a000 r-xp 00022000 08:02 10485941                   /usr/lib/x86_64-linux-gnu/libc.so.6
7f83bc19a000-7f83bc1f2000 r--p 0019a000 08:02 10485941                   /usr/lib/x86_64-linux-gnu/libc.so.6
7f83bc1f2000-7f83bc1f6000 r--p 001f1000 08:02 10485941                   /usr/lib/x86_64-linux-gnu/libc.so.6
7f83bc1f6000-7f83bc1f8000 rw-p 001f5000 08:02 10485941                   /usr/lib/x86_64-linux-gnu/libc.so.6
7f83bc1f8000-7f83bc205000 rw-p 00000000 00:00 0 
7f83bc207000-7f83bc213000 r-xp 00000000 08:02 20848546                   /home/divum/.jdks/openjdk-21.0.2/lib/libnet.so
7f83bc213000-7f83bc214000 r--p 0000b000 08:02 20848546                   /home/divum/.jdks/openjdk-21.0.2/lib/libnet.so
7f83bc214000-7f83bc215000 rw-p 0000c000 08:02 20848546                   /home/divum/.jdks/openjdk-21.0.2/lib/libnet.so
7f83bc215000-7f83bc229000 r-xp 00000000 08:02 20848547                   /home/divum/.jdks/openjdk-21.0.2/lib/libnio.so
7f83bc229000-7f83bc22a000 r--p 00013000 08:02 20848547                   /home/divum/.jdks/openjdk-21.0.2/lib/libnio.so
7f83bc22a000-7f83bc22b000 rw-p 00014000 08:02 20848547                   /home/divum/.jdks/openjdk-21.0.2/lib/libnio.so
7f83bc22b000-7f83bc232000 r-xp 00000000 08:02 20848555                   /home/divum/.jdks/openjdk-21.0.2/lib/libzip.so
7f83bc232000-7f83bc233000 ---p 00007000 08:02 20848555                   /home/divum/.jdks/openjdk-21.0.2/lib/libzip.so
7f83bc233000-7f83bc234000 r--p 00007000 08:02 20848555                   /home/divum/.jdks/openjdk-21.0.2/lib/libzip.so
7f83bc234000-7f83bc235000 rw-p 00008000 08:02 20848555                   /home/divum/.jdks/openjdk-21.0.2/lib/libzip.so
7f83bc235000-7f83bc23a000 rw-p 00000000 00:00 0 
7f83bc23a000-7f83bc241000 ---p 00000000 00:00 0 
7f83bc241000-7f83bc249000 rw-s 00000000 08:02 24659088                   /tmp/hsperfdata_divum/20590
7f83bc249000-7f83bc269000 r-xp 00000000 08:02 20848531                   /home/divum/.jdks/openjdk-21.0.2/lib/libjava.so
7f83bc269000-7f83bc26a000 ---p 00020000 08:02 20848531                   /home/divum/.jdks/openjdk-21.0.2/lib/libjava.so
7f83bc26a000-7f83bc26b000 r--p 00020000 08:02 20848531                   /home/divum/.jdks/openjdk-21.0.2/lib/libjava.so
7f83bc26b000-7f83bc26c000 rw-p 00021000 08:02 20848531                   /home/divum/.jdks/openjdk-21.0.2/lib/libjava.so
7f83bc26c000-7f83bc26d000 rw-p 00000000 00:00 0 
7f83bc26d000-7f83bc288000 r-xp 00000000 08:02 20848535                   /home/divum/.jdks/openjdk-21.0.2/lib/libjimage.so
7f83bc288000-7f83bc289000 ---p 0001b000 08:02 20848535                   /home/divum/.jdks/openjdk-21.0.2/lib/libjimage.so
7f83bc289000-7f83bc28b000 r--p 0001b000 08:02 20848535                   /home/divum/.jdks/openjdk-21.0.2/lib/libjimage.so
7f83bc28b000-7f83bc28c000 rw-p 0001d000 08:02 20848535                   /home/divum/.jdks/openjdk-21.0.2/lib/libjimage.so
7f83bc28c000-7f83bc29a000 r--p 00000000 08:02 10485966                   /usr/lib/x86_64-linux-gnu/libm.so.6
7f83bc29a000-7f83bc318000 r-xp 0000e000 08:02 10485966                   /usr/lib/x86_64-linux-gnu/libm.so.6
7f83bc318000-7f83bc373000 r--p 0008c000 08:02 10485966                   /usr/lib/x86_64-linux-gnu/libm.so.6
7f83bc373000-7f83bc374000 r--p 000e6000 08:02 10485966                   /usr/lib/x86_64-linux-gnu/libm.so.6
7f83bc374000-7f83bc375000 rw-p 000e7000 08:02 10485966                   /usr/lib/x86_64-linux-gnu/libm.so.6
7f83bc375000-7f83bc376000 r--p 00000000 08:02 10486170                   /usr/lib/x86_64-linux-gnu/librt.so.1
7f83bc376000-7f83bc377000 r-xp 00001000 08:02 10486170                   /usr/lib/x86_64-linux-gnu/librt.so.1
7f83bc377000-7f83bc378000 r--p 00002000 08:02 10486170                   /usr/lib/x86_64-linux-gnu/librt.so.1
7f83bc378000-7f83bc379000 r--p 00002000 08:02 10486170                   /usr/lib/x86_64-linux-gnu/librt.so.1
7f83bc379000-7f83bc37a000 rw-p 00003000 08:02 10486170                   /usr/lib/x86_64-linux-gnu/librt.so.1
7f83bc37a000-7f83bc37e000 rw-p 00000000 00:00 0 
7f83bc37e000-7f83bc37f000 r--p 00000000 08:02 10485964                   /usr/lib/x86_64-linux-gnu/libdl.so.2
7f83bc37f000-7f83bc380000 r-xp 00001000 08:02 10485964                   /usr/lib/x86_64-linux-gnu/libdl.so.2
7f83bc380000-7f83bc381000 r--p 00002000 08:02 10485964                   /usr/lib/x86_64-linux-gnu/libdl.so.2
7f83bc381000-7f83bc382000 r--p 00002000 08:02 10485964                   /usr/lib/x86_64-linux-gnu/libdl.so.2
7f83bc382000-7f83bc383000 rw-p 00003000 08:02 10485964                   /usr/lib/x86_64-linux-gnu/libdl.so.2
7f83bc383000-7f83bc384000 r--p 00000000 08:02 10486164                   /usr/lib/x86_64-linux-gnu/libpthread.so.0
7f83bc384000-7f83bc385000 r-xp 00001000 08:02 10486164                   /usr/lib/x86_64-linux-gnu/libpthread.so.0
7f83bc385000-7f83bc386000 r--p 00002000 08:02 10486164                   /usr/lib/x86_64-linux-gnu/libpthread.so.0
7f83bc386000-7f83bc387000 r--p 00002000 08:02 10486164                   /usr/lib/x86_64-linux-gnu/libpthread.so.0
7f83bc387000-7f83bc388000 rw-p 00003000 08:02 10486164                   /usr/lib/x86_64-linux-gnu/libpthread.so.0
7f83bc388000-7f83bc396000 r-xp 00000000 08:02 20848536                   /home/divum/.jdks/openjdk-21.0.2/lib/libjli.so
7f83bc396000-7f83bc397000 ---p 0000e000 08:02 20848536                   /home/divum/.jdks/openjdk-21.0.2/lib/libjli.so
7f83bc397000-7f83bc398000 r--p 0000e000 08:02 20848536                   /home/divum/.jdks/openjdk-21.0.2/lib/libjli.so
7f83bc398000-7f83bc399000 rw-p 0000f000 08:02 20848536                   /home/divum/.jdks/openjdk-21.0.2/lib/libjli.so
7f83bc399000-7f83bc39c000 r--p 00000000 08:02 10491933                   /usr/lib/x86_64-linux-gnu/libz.so.1.2.13
7f83bc39c000-7f83bc3ae000 r-xp 00003000 08:02 10491933                   /usr/lib/x86_64-linux-gnu/libz.so.1.2.13
7f83bc3ae000-7f83bc3b5000 r--p 00015000 08:02 10491933                   /usr/lib/x86_64-linux-gnu/libz.so.1.2.13
7f83bc3b5000-7f83bc3b6000 r--p 0001b000 08:02 10491933                   /usr/lib/x86_64-linux-gnu/libz.so.1.2.13
7f83bc3b6000-7f83bc3b7000 rw-p 0001c000 08:02 10491933                   /usr/lib/x86_64-linux-gnu/libz.so.1.2.13
7f83bc3b7000-7f83bc3b9000 r-xp 00000000 08:02 20848524                   /home/divum/.jdks/openjdk-21.0.2/lib/libextnet.so
7f83bc3b9000-7f83bc3ba000 r--p 00001000 08:02 20848524                   /home/divum/.jdks/openjdk-21.0.2/lib/libextnet.so
7f83bc3ba000-7f83bc3bb000 rw-p 00002000 08:02 20848524                   /home/divum/.jdks/openjdk-21.0.2/lib/libextnet.so
7f83bc3bb000-7f83bc3c5000 r-xp 00000000 08:02 20848526                   /home/divum/.jdks/openjdk-21.0.2/lib/libinstrument.so
7f83bc3c5000-7f83bc3c6000 ---p 0000a000 08:02 20848526                   /home/divum/.jdks/openjdk-21.0.2/lib/libinstrument.so
7f83bc3c6000-7f83bc3c7000 r--p 0000a000 08:02 20848526                   /home/divum/.jdks/openjdk-21.0.2/lib/libinstrument.so
7f83bc3c7000-7f83bc3c8000 rw-p 0000b000 08:02 20848526                   /home/divum/.jdks/openjdk-21.0.2/lib/libinstrument.so
7f83bc3c8000-7f83bc3c9000 ---p 00000000 00:00 0 
7f83bc3c9000-7f83bc3ca000 r--p 00000000 00:00 0 
7f83bc3ca000-7f83bc3cb000 ---p 00000000 00:00 0 
7f83bc3cb000-7f83bc3cd000 rw-p 00000000 00:00 0 
7f83bc3cd000-7f83bc3ce000 r--p 00000000 08:02 10485844                   /usr/lib/x86_64-linux-gnu/ld-linux-x86-64.so.2
7f83bc3ce000-7f83bc3f6000 r-xp 00001000 08:02 10485844                   /usr/lib/x86_64-linux-gnu/ld-linux-x86-64.so.2
7f83bc3f6000-7f83bc400000 r--p 00029000 08:02 10485844                   /usr/lib/x86_64-linux-gnu/ld-linux-x86-64.so.2
7f83bc400000-7f83bc402000 r--p 00033000 08:02 10485844                   /usr/lib/x86_64-linux-gnu/ld-linux-x86-64.so.2
7f83bc402000-7f83bc404000 rw-p 00035000 08:02 10485844                   /usr/lib/x86_64-linux-gnu/ld-linux-x86-64.so.2
7ffd09ad8000-7ffd09afb000 rw-p 00000000 00:00 0                          [stack]
7ffd09b6a000-7ffd09b6e000 r--p 00000000 00:00 0                          [vvar]
7ffd09b6e000-7ffd09b70000 r-xp 00000000 00:00 0                          [vdso]
ffffffffff600000-ffffffffff601000 --xp 00000000 00:00 0                  [vsyscall]
Total number of mappings: 306


VM Arguments:
jvm_args: --enable-preview -javaagent:/snap/intellij-idea-community/498/lib/idea_rt.jar=38711:/snap/intellij-idea-community/498/bin -Dfile.encoding=UTF-8 -Dsun.stdout.encoding=UTF-8 -Dsun.stderr.encoding=UTF-8 
java_command: com.postgresql.learnhub.LearnhubApplication
java_class_path (initial): /home/divum/Documents/learn/next/learnhub/target/classes:/home/divum/.m2/repository/org/springframework/boot/spring-boot-starter-data-jpa/3.2.5/spring-boot-starter-data-jpa-3.2.5.jar:/home/divum/.m2/repository/org/springframework/boot/spring-boot-starter-aop/3.2.5/spring-boot-starter-aop-3.2.5.jar:/home/divum/.m2/repository/org/springframework/spring-aop/6.1.6/spring-aop-6.1.6.jar:/home/divum/.m2/repository/org/aspectj/aspectjweaver/1.9.22/aspectjweaver-1.9.22.jar:/home/divum/.m2/repository/org/springframework/boot/spring-boot-starter-jdbc/3.2.5/spring-boot-starter-jdbc-3.2.5.jar:/home/divum/.m2/repository/com/zaxxer/HikariCP/5.0.1/HikariCP-5.0.1.jar:/home/divum/.m2/repository/org/springframework/spring-jdbc/6.1.6/spring-jdbc-6.1.6.jar:/home/divum/.m2/repository/org/hibernate/orm/hibernate-core/6.4.4.Final/hibernate-core-6.4.4.Final.jar:/home/divum/.m2/repository/jakarta/persistence/jakarta.persistence-api/3.1.0/jakarta.persistence-api-3.1.0.jar:/home/divum/.m2/repository/jakarta/transaction/jakarta.transaction-api/2.0.1/jakarta.transaction-api-2.0.1.jar:/home/divum/.m2/repository/org/jboss/logging/jboss-logging/3.5.3.Final/jboss-logging-3.5.3.Final.jar:/home/divum/.m2/repository/org/hibernate/common/hibernate-commons-annotations/6.0.6.Final/hibernate-commons-annotations-6.0.6.Final.jar:/home/divum/.m2/repository/io/smallrye/jandex/3.1.2/jandex-3.1.2.jar:/home/divum/.m2/repository/com/fasterxml/classmate/1.6.0/classmate-1.6.0.jar:/home/divum/.m2/repository/net/bytebuddy/byte-buddy/1.14.13/byte-buddy-1.14.13.jar:/home/divum/.m2/repository/org/glassfish/jaxb/jaxb-runtime/4.0.5/jaxb-runtime-4.0.5.jar:/home/divum/.m2/repository/org/glassfish/jaxb/jaxb-core/4.0.5/jaxb-core-4.0.5.jar:/home/divum/.m2/repository/org/eclipse/angus/angus-activation/2.0.2/angus-activation-2.0.2.jar:/home/divum/.m2/repository/org/glassfish/jaxb/txw2/4.0.5/txw2-4.0.5.jar:/home/divum/.m2/repository/com/sun/istack/istack-commons-runtime/4.1.2/istack-commons-runtime-4.1.2.jar:/home/divum/.m2/repository/jakarta/inject/jakarta.inject-api/2.0.1/jakarta.inject-api-2.0.1.jar:/home/divum/.m2/repository/org/antlr/antlr4-runtime/4.13.0/antlr4-runtime-4.13.0.jar:/home/divum/.m2/repository/org/springframework/data/spring-data-jpa/3.2.5/spring-data-jpa-3.2.5.jar:/home/divum/.m2/repository/org/springframework/data/spring-data-commons/3.2.5/spring-data-commons-3.2.5.jar:/home/divum/.m2/repository/org/springframework/spring-orm/6.1.6/spring-orm-6.1.6.jar:/home/divum/.m2/repository/org/springframework/spring-context/6.1.6/spring-context-6.1.6.jar:/home/divum/.m2/repository/org/springframework/spring-tx/6.1.6/spring-tx-6.1.6.jar:/home/divum/.m2/repository/org/springframework/spring-beans/6.1.6/spring-beans-6.1.6.jar:/home/divum/.m2/repository/jakarta/annotation/jakarta.annotation-api/2.1.1/jakarta.annotation-api-2.1.1.jar:/home/divum/.m2/repository/org/slf4j/slf4j-api/2.0.13/slf4j-api-2.0.13.jar:/home/divum/.m2/repository/org/springframework/spring-aspects/6.1.6/spring-aspects-6.1.6.jar:/home/divum/.m2/repository/org/springframework/boot/spring-boot-starter-data-rest/3.2.5/spring-boot-starter-data-rest-3.2.5.jar:/home/divum/.m2/repository/org/springframework/data/spring-data-rest-webmvc/4.2.5/spring-data-rest-webmvc-4.2.5.jar:/home/divum/.m2/repository/org/springframework/data/spring-data-rest-core/4.2.5/spring-data-rest-core-4.2.5.jar:/home/divum/.m2/repository/org/springframework/hateoas/spring-hateoas/2.2.2/spring-hateoas-2.2.2.jar:/home/divum/.m2/repository/org/springframework/plugin/spring-plugin-core/3.0.0/spring-plugin-core-3.0.0.jar:/home/divum/.m2/repository/org/atteo/evo-inflector/1.3/evo-inflector-1.3.jar:/home/divum/.m2/repository/com/fasterxml/jackson/core/jackson-databind/2.15.4/jackson-databind-2.15.4.jar:/home/divum/.m2/repository/com/fasterxml/jackson/core/jackson-core/2.15.4/jackson-core-2.15.4.jar:/home/divum/.m2/repository/com/fasterxml/jackson/core/jackson-annotations/2.15.4/jackson-annotations-2.15.4.jar:/home/divum/.m2/repository/org/springframework/boot/spring-boot-starter-web/3.2.5/spring-boot-starter-web-3.2.5.jar:/home/divum/.m2/repository/org/springframework/boot/spring-boot-starter/3.2.5/spring-boot-starter-3.2.5.jar:/home/divum/.m2/repository/org/springframework/boot/spring-boot-starter-logging/3.2.5/spring-boot-starter-logging-3.2.5.jar:/home/divum/.m2/repository/ch/qos/logback/logback-classic/1.4.14/logback-classic-1.4.14.jar:/home/divum/.m2/repository/ch/qos/logback/logback-core/1.4.14/logback-core-1.4.14.jar:/home/divum/.m2/repository/org/apache/logging/log4j/log4j-to-slf4j/2.21.1/log4j-to-slf4j-2.21.1.jar:/home/divum/.m2/repository/org/apache/logging/log4j/log4j-api/2.21.1/log4j-api-2.21.1.jar:/home/divum/.m2/repository/org/slf4j/jul-to-slf4j/2.0.13/jul-to-slf4j-2.0.13.jar:/home/divum/.m2/repository/org/yaml/snakeyaml/2.2/snakeyaml-2.2.jar:/home/divum/.m2/repository/org/springframework/boot/spring-boot-starter-json/3.2.5/spring-boot-starter-json-3.2.5.jar:/home/divum/.m2/repository/com/fasterxml/jackson/datatype/jackson-datatype-jdk8/2.15.4/jackson-datatype-jdk8-2.15.4.jar:/home/divum/.m2/repository/com/fasterxml/jackson/datatype/jackson-datatype-jsr310/2.15.4/jackson-datatype-jsr310-2.15.4.jar:/home/divum/.m2/repository/com/fasterxml/jackson/module/jackson-module-parameter-names/2.15.4/jackson-module-parameter-names-2.15.4.jar:/home/divum/.m2/repository/org/springframework/boot/spring-boot-starter-tomcat/3.2.5/spring-boot-starter-tomcat-3.2.5.jar:/home/divum/.m2/repository/org/apache/tomcat/embed/tomcat-embed-core/10.1.20/tomcat-embed-core-10.1.20.jar:/home/divum/.m2/repository/org/apache/tomcat/embed/tomcat-embed-el/10.1.20/tomcat-embed-el-10.1.20.jar:/home/divum/.m2/repository/org/apache/tomcat/embed/tomcat-embed-websocket/10.1.20/tomcat-embed-websocket-10.1.20.jar:/home/divum/.m2/repository/org/springframework/spring-web/6.1.6/spring-web-6.1.6.jar:/home/divum/.m2/repository/io/micrometer/micrometer-observation/1.12.5/micrometer-observation-1.12.5.jar:/home/divum/.m2/repository/io/micrometer/micrometer-commons/1.12.5/micrometer-commons-1.12.5.jar:/home/divum/.m2/repository/org/springframework/spring-webmvc/6.1.6/spring-webmvc-6.1.6.jar:/home/divum/.m2/repository/org/springframework/spring-expression/6.1.6/spring-expression-6.1.6.jar:/home/divum/.m2/repository/org/springframework/boot/spring-boot-devtools/3.2.5/spring-boot-devtools-3.2.5.jar:/home/divum/.m2/repository/org/springframework/boot/spring-boot/3.2.5/spring-boot-3.2.5.jar:/home/divum/.m2/repository/org/springframework/boot/spring-boot-autoconfigure/3.2.5/spring-boot-autoconfigure-3.2.5.jar:/home/divum/.m2/repository/org/postgresql/postgresql/42.6.2/postgresql-42.6.2.jar:/home/divum/.m2/repository/org/checkerframework/checker-qual/3.31.0/checker-qual-3.31.0.jar:/home/divum/.m2/repository/org/projectlombok/lombok/1.18.32/lombok-1.18.32.jar:/home/divum/.m2/repository/com/jayway/jsonpath/json-path/2.9.0/json-path-2.9.0.jar:/home/divum/.m2/repository/jakarta/xml/bind/jakarta.xml.bind-api/4.0.2/jakarta.xml.bind-api-4.0.2.jar:/home/divum/.m2/repository/jakarta/activation/jakarta.activation-api/2.1.3/jakarta.activation-api-2.1.3.jar:/home/divum/.m2/repository/net/minidev/json-smart/2.5.1/json-smart-2.5.1.jar:/home/divum/.m2/repository/net/minidev/accessors-smart/2.5.1/accessors-smart-2.5.1.jar:/home/divum/.m2/repository/org/ow2/asm/asm/9.6/asm-9.6.jar:/home/divum/.m2/repository/org/springframework/spring-core/6.1.6/spring-core-6.1.6.jar:/home/divum/.m2/repository/org/springframework/spring-jcl/6.1.6/spring-jcl-6.1.6.jar
Launcher Type: SUN_STANDARD

[Global flags]
     intx CICompilerCount                          = 4                                         {product} {ergonomic}
     uint ConcGCThreads                            = 2                                         {product} {ergonomic}
     uint G1ConcRefinementThreads                  = 8                                         {product} {ergonomic}
   size_t G1HeapRegionSize                         = 2097152                                   {product} {ergonomic}
    uintx GCDrainStackTargetSize                   = 64                                        {product} {ergonomic}
   size_t InitialHeapSize                          = 260046848                                 {product} {ergonomic}
   size_t MarkStackSize                            = 4194304                                   {product} {ergonomic}
   size_t MaxHeapSize                              = 4158652416                                {product} {ergonomic}
   size_t MaxNewSize                               = 2493513728                                {product} {ergonomic}
   size_t MinHeapDeltaBytes                        = 2097152                                   {product} {ergonomic}
   size_t MinHeapSize                              = 8388608                                   {product} {ergonomic}
    uintx NonNMethodCodeHeapSize                   = 5839372                                {pd product} {ergonomic}
    uintx NonProfiledCodeHeapSize                  = 122909434                              {pd product} {ergonomic}
    uintx ProfiledCodeHeapSize                     = 122909434                              {pd product} {ergonomic}
    uintx ReservedCodeCacheSize                    = 251658240                              {pd product} {ergonomic}
     bool SegmentedCodeCache                       = true                                      {product} {ergonomic}
   size_t SoftMaxHeapSize                          = 4158652416                             {manageable} {ergonomic}
     bool UseCompressedOops                        = true                           {product lp64_product} {ergonomic}
     bool UseG1GC                                  = true                                      {product} {ergonomic}

Logging:
Log output configuration:
 #0: stdout all=warning uptime,level,tags foldmultilines=false
 #1: stderr all=off uptime,level,tags foldmultilines=false

Environment Variables:
PATH=/usr/local/sbin:/usr/local/bin:/usr/sbin:/usr/bin:/sbin:/bin:/usr/games:/usr/local/games:/snap/bin:/snap/bin
USERNAME=divum
SHELL=/bin/bash
DISPLAY=:0
LANG=en_IN

Active Locale:
LC_ALL=en_IN
LC_COLLATE=en_IN
LC_CTYPE=en_IN
LC_MESSAGES=en_IN
LC_MONETARY=en_IN
LC_NUMERIC=en_IN
LC_TIME=en_IN

Signal Handlers:
   SIGSEGV: crash_handler in libjvm.so, mask=11100100010111111101111111111110, flags=SA_RESTART|SA_SIGINFO, unblocked
    SIGBUS: crash_handler in libjvm.so, mask=11100100010111111101111111111110, flags=SA_RESTART|SA_SIGINFO, unblocked
    SIGFPE: crash_handler in libjvm.so, mask=11100100010111111101111111111110, flags=SA_RESTART|SA_SIGINFO, unblocked
   SIGPIPE: javaSignalHandler in libjvm.so, mask=11100100010111111101111111111110, flags=SA_RESTART|SA_SIGINFO, blocked
   SIGXFSZ: javaSignalHandler in libjvm.so, mask=11100100010111111101111111111110, flags=SA_RESTART|SA_SIGINFO, blocked
    SIGILL: crash_handler in libjvm.so, mask=11100100010111111101111111111110, flags=SA_RESTART|SA_SIGINFO, unblocked
   SIGUSR2: SR_handler in libjvm.so, mask=00100000000000000000000000000000, flags=SA_RESTART|SA_SIGINFO, blocked
    SIGHUP: UserHandler in libjvm.so, mask=11100100010111111101111111111110, flags=SA_RESTART|SA_SIGINFO, blocked
    SIGINT: UserHandler in libjvm.so, mask=11100100010111111101111111111110, flags=SA_RESTART|SA_SIGINFO, blocked
   SIGTERM: UserHandler in libjvm.so, mask=11100100010111111101111111111110, flags=SA_RESTART|SA_SIGINFO, blocked
   SIGQUIT: UserHandler in libjvm.so, mask=11100100010111111101111111111110, flags=SA_RESTART|SA_SIGINFO, blocked
   SIGTRAP: crash_handler in libjvm.so, mask=11100100010111111101111111111110, flags=SA_RESTART|SA_SIGINFO, unblocked


Periodic native trim disabled

---------------  S Y S T E M  ---------------

OS:
DISTRIB_ID=Ubuntu
DISTRIB_RELEASE=23.04
DISTRIB_CODENAME=lunar
DISTRIB_DESCRIPTION="Ubuntu 23.04"
uname: Linux 6.2.0-39-generic #40-Ubuntu SMP PREEMPT_DYNAMIC Tue Nov 14 14:18:00 UTC 2023 x86_64
OS uptime: 0 days 2:45 hours
libc: glibc 2.37 NPTL 2.37 
rlimit (soft/hard): STACK 8192k/infinity , CORE 0k/infinity , NPROC 63154/63154 , NOFILE 1048576/1048576 , AS infinity/infinity , CPU infinity/infinity , DATA infinity/infinity , FSIZE infinity/infinity , MEMLOCK 2030332k/2030332k
load average: 1.58 1.64 1.55

/proc/meminfo:
MemTotal:       16242660 kB
MemFree:         2128356 kB
MemAvailable:    7883292 kB
Buffers:          263916 kB
Cached:          6157032 kB
SwapCached:            0 kB
Active:          2063940 kB
Inactive:       11021588 kB
Active(anon):       6708 kB
Inactive(anon):  7192428 kB
Active(file):    2057232 kB
Inactive(file):  3829160 kB
Unevictable:      418188 kB
Mlocked:              32 kB
SwapTotal:       2097148 kB
SwapFree:        2097148 kB
Zswap:                 0 kB
Zswapped:              0 kB
Dirty:              4660 kB
Writeback:             0 kB
AnonPages:       7082388 kB
Mapped:          1407908 kB
Shmem:            535048 kB
KReclaimable:     237640 kB
Slab:             431220 kB
SReclaimable:     237640 kB
SUnreclaim:       193580 kB
KernelStack:       19600 kB
PageTables:        51844 kB
SecPageTables:         0 kB
NFS_Unstable:          0 kB
Bounce:                0 kB
WritebackTmp:          0 kB
CommitLimit:    10218476 kB
Committed_AS:   17997260 kB
VmallocTotal:   34359738367 kB
VmallocUsed:       58324 kB
VmallocChunk:          0 kB
Percpu:             7712 kB
HardwareCorrupted:     0 kB
AnonHugePages:         0 kB
ShmemHugePages:        0 kB
ShmemPmdMapped:        0 kB
FileHugePages:         0 kB
FilePmdMapped:         0 kB
HugePages_Total:       0
HugePages_Free:        0
HugePages_Rsvd:        0
HugePages_Surp:        0
Hugepagesize:       2048 kB
Hugetlb:               0 kB
DirectMap4k:      248484 kB
DirectMap2M:     5918720 kB
DirectMap1G:    10485760 kB

/sys/kernel/mm/transparent_hugepage/enabled: always [madvise] never
/sys/kernel/mm/transparent_hugepage/defrag (defrag/compaction efforts parameter): always defer defer+madvise [madvise] never

Process Memory:
Virtual Size: 8269708K (peak: 8269708K)
Resident Set Size: 253080K (peak: 253080K) (anon: 228548K, file: 24532K, shmem: 0K)
Swapped out: 0K
C-Heap outstanding allocations: 91168K, retained: 13103K
glibc malloc tunables: (default)

/proc/sys/kernel/threads-max (system-wide limit on the number of threads): 126309
/proc/sys/vm/max_map_count (maximum number of memory map areas a process may have): 65530
/proc/sys/kernel/pid_max (system-wide limit on number of process identifiers): 4194304

container (cgroup) information:
container_type: cgroupv2
cpu_cpuset_cpus: not supported
cpu_memory_nodes: not supported
active_processor_count: 8
cpu_quota: not supported
cpu_period: not supported
cpu_shares: not supported
memory_limit_in_bytes: unlimited
memory_and_swap_limit_in_bytes: unlimited
memory_soft_limit_in_bytes: unlimited
memory_usage_in_bytes: 2464528 k
memory_max_usage_in_bytes: not supported
memory_swap_current_in_bytes: unlimited
memory_swap_max_limit_in_bytes: unlimited
maximum number of tasks: 18946
current number of tasks: 162

Steal ticks since vm start: 0
Steal ticks percentage since vm start:  0.000

CPU: total 8 (initial active 8) (4 cores per cpu, 2 threads per core) family 6 model 142 stepping 10 microcode 0xf4, cx8, cmov, fxsr, ht, mmx, 3dnowpref, sse, sse2, sse3, ssse3, sse4.1, sse4.2, popcnt, lzcnt, tsc, tscinvbit, avx, avx2, aes, erms, clmul, bmi1, bmi2, adx, fma, vzeroupper, clflush, clflushopt, rdtscp, f16c
CPU Model and flags from /proc/cpuinfo:
model name	: Intel(R) Core(TM) i7-8650U CPU @ 1.90GHz
flags		: fpu vme de pse tsc msr pae mce cx8 apic sep mtrr pge mca cmov pat pse36 clflush dts acpi mmx fxsr sse sse2 ss ht tm pbe syscall nx pdpe1gb rdtscp lm constant_tsc art arch_perfmon pebs bts rep_good nopl xtopology nonstop_tsc cpuid aperfmperf pni pclmulqdq dtes64 monitor ds_cpl vmx smx est tm2 ssse3 sdbg fma cx16 xtpr pdcm pcid sse4_1 sse4_2 x2apic movbe popcnt tsc_deadline_timer aes xsave avx f16c rdrand lahf_lm abm 3dnowprefetch cpuid_fault epb invpcid_single pti ssbd ibrs ibpb stibp tpr_shadow vnmi flexpriority ept vpid ept_ad fsgsbase tsc_adjust bmi1 avx2 smep bmi2 erms invpcid mpx rdseed adx smap clflushopt intel_pt xsaveopt xsavec xgetbv1 xsaves dtherm ida arat pln pts hwp hwp_notify hwp_act_window hwp_epp md_clear flush_l1d arch_capabilities

Online cpus: 0-7
Offline cpus: 
BIOS frequency limitation: <Not Available>
Frequency switch latency (ns): 0
Available cpu frequencies: <Not Available>
Current governor: powersave
Core performance/turbo boost: <Not Available>

Memory: 4k page, physical 16242660k(7883292k free), swap 2097148k(2097148k free)
Page Sizes: 4k

vm_info: OpenJDK 64-Bit Server VM (21.0.2+13-58) for linux-amd64 JRE (21.0.2+13-58), built on 2024-01-05T18:32:24Z by "mach5one" with gcc 11.2.0

END.
