#
# A fatal error has been detected by the Java Runtime Environment:
#
#  SIGSEGV (0xb) at pc=0x00007ff3c85c1af0, pid=14446, tid=14464
#
# JRE version: OpenJDK Runtime Environment (21.0.2+13) (build 21.0.2+13-58)
# Java VM: OpenJDK 64-Bit Server VM (21.0.2+13-58, mixed mode, sharing, tiered, compressed oops, compressed class ptrs, g1 gc, linux-amd64)
# Problematic frame:
# V  [libjvm.so+0x5c1af0]  ciObjectFactory::remove_symbols()+0x30
#
# Core dump will be written. Default location: Core dumps may be processed with "/usr/share/apport/apport -p%p -s%s -c%c -d%d -P%P -u%u -g%g -- %E" (or dumping to /home/divum/Documents/learn/next/learnhub/core.14446)
#
# If you would like to submit a bug report, please visit:
#   https://bugreport.java.com/bugreport/crash.jsp
#

---------------  S U M M A R Y ------------

Command Line: --enable-preview -javaagent:/snap/intellij-idea-community/502/lib/idea_rt.jar=44673:/snap/intellij-idea-community/502/bin -Dfile.encoding=UTF-8 -Dsun.stdout.encoding=UTF-8 -Dsun.stderr.encoding=UTF-8 com.postgresql.learnhub.LearnhubApplication

Host: Intel(R) Core(TM) i7-8650U CPU @ 1.90GHz, 8 cores, 15G, Ubuntu 23.04
Time: Wed May 29 11:11:43 2024 IST elapsed time: 1.857357 seconds (0d 0h 0m 1s)

---------------  T H R E A D  ---------------

Current thread (0x00007ff3c0173480):  JavaThread "C1 CompilerThread0" daemon [_thread_in_vm, id=14464, stack(0x00007ff34e500000,0x00007ff34e600000) (1024K)]


Current CompileTask:
C1:   1857 2631       3       org.springframework.asm.ClassReader::accept (1401 bytes)

Stack: [0x00007ff34e500000,0x00007ff34e600000],  sp=0x00007ff34e5fe400,  free space=1017k
Native frames: (J=compiled Java code, j=interpreted, Vv=VM code, C=native code)
V  [libjvm.so+0x5c1af0]  ciObjectFactory::remove_symbols()+0x30
V  [libjvm.so+0x5a4741]  ciEnv::~ciEnv()+0x91
V  [libjvm.so+0x64c1d2]  CompileBroker::invoke_compiler_on_method(CompileTask*)+0x422
V  [libjvm.so+0x64f928]  CompileBroker::compiler_thread_loop()+0x698
V  [libjvm.so+0x8f8a78]  JavaThread::thread_main_inner() [clone .part.0]+0xb8
V  [libjvm.so+0xe9e998]  Thread::call_run()+0xa8
V  [libjvm.so+0xcc444a]  thread_native_entry(Thread*)+0xda

siginfo: si_signo: 11 (SIGSEGV), si_code: 128 (SI_KERNEL), si_addr: 0x0000000000000000

Registers:
RAX=0x00027ff3242a2ed0, RBX=0x0000000000000166, RCX=0x00000000d5b2003d, RDX=0x00000000d5b2003e
RSP=0x00007ff34e5fe400, RBP=0x00007ff34e5fe410, RSI=0x0000000000000000, RDI=0x00007ff3c07301a8
R8 =0x0000000000000000, R9 =0x0000000000000000, R10=0x0000000000000000, R11=0x0000000000000000
R12=0x00007ff32015af70, R13=0x00007ff3c0173480, R14=0x0000000000000000, R15=0x00007ff2ec126150
RIP=0x00007ff3c85c1af0, EFLAGS=0x0000000000010206, CSGSFS=0x002b000000000033, ERR=0x0000000000000000
  TRAPNO=0x000000000000000d


Register to memory mapping:

RAX=0x00027ff3242a2ed0 is an unknown value
RBX=0x0000000000000166 is an unknown value
RCX=0x00000000d5b2003d is an unknown value
RDX=0x00000000d5b2003e is an unknown value
RSP=0x00007ff34e5fe400 is pointing into the stack for thread: 0x00007ff3c0173480
RBP=0x00007ff34e5fe410 is pointing into the stack for thread: 0x00007ff3c0173480
RSI=0x0 is null
RDI=0x00007ff3c07301a8 points into unknown readable memory: 0x726f0023d5b2003d | 3d 00 b2 d5 23 00 6f 72
R8 =0x0 is null
R9 =0x0 is null
R10=0x0 is null
R11=0x0 is null
R12=0x00007ff32015af70 points into unknown readable memory: 0x00007ff34e5fe6c8 | c8 e6 5f 4e f3 7f 00 00
R13=0x00007ff3c0173480 is a thread
R14=0x0 is null
R15=0x00007ff2ec126150 points into unknown readable memory: 0x00007ff2ec126200 | 00 62 12 ec f2 7f 00 00

Top of Stack: (sp=0x00007ff34e5fe400)
0x00007ff34e5fe400:   00007ff3c0173480 00007ff34e5fe6c0
0x00007ff34e5fe410:   00007ff34e5fe440 00007ff3c85a4741
0x00007ff34e5fe420:   00007ff34e5fe6c0 00007ff34e5fe6c0
0x00007ff34e5fe430:   0000000000000000 00007ff3c0173480
0x00007ff34e5fe440:   00007ff34e5febf0 00007ff3c864c1d2
0x00007ff34e5fe450:   00007ff3c0199d10 00007ff34e5fe530
0x00007ff34e5fe460:   0000000300000a47 00000000000003d8
0x00007ff34e5fe470:   00007ff3c0173bd0 00007ff3c0173c10
0x00007ff34e5fe480:   00007ff3c0173fb8 00007ff34e5fe5c0
0x00007ff34e5fe490:   00007ff3c0173bd0 00007ff3c0173c10
0x00007ff34e5fe4a0:   0000000000000014 00007ff3c9429780
0x00007ff34e5fe4b0:   00007ff3c01717a0 00007ff3c969f0b0
0x00007ff34e5fe4c0:   00007ff3affb6b00 0000000000000000
0x00007ff34e5fe4d0:   0000000000000012 0000000000000140
0x00007ff34e5fe4e0:   00007ff32862ec40 00007ff344dfac58
0x00007ff34e5fe4f0:   00007ff34e5fe600 00007ff34e5fe7a0
0x00007ff34e5fe500:   00007ff300000000 00000000ffffffff
0x00007ff34e5fe510:   00007ff300000000 00007ff3c968f2d0
0x00007ff34e5fe520:   0000000000000000 00007ff3b0036a08
0x00007ff34e5fe530:   00000000009320ab 00007ff34e32f990
0x00007ff34e5fe540:   00007ff34e32f900 00007ff34e32f990
0x00007ff34e5fe550:   0000000000000000 00007ff34e230000
0x00007ff34e5fe560:   00000000000fef80 00007ff34e32f6c0
0x00007ff34e5fe570:   0000000000000000 00007ff3c968bcb0
0x00007ff34e5fe580:   0000000000000000 00000189ddbf4900
0x00007ff34e5fe590:   00007ff328102ec8 0000000000000000
0x00007ff34e5fe5a0:   00007ff328102ea0 0000000000000000
0x00007ff34e5fe5b0:   00007ff328102ec4 00007ff3c968e4e7
0x00007ff34e5fe5c0:   0000000000000001 00000000009320ab
0x00007ff34e5fe5d0:   000000006d192f28 0000000000000000
0x00007ff34e5fe5e0:   00007ff34e5fe530 00007ff3c9043a39
0x00007ff34e5fe5f0:   0000000000000000 0000000000000000 

Instructions: (pc=0x00007ff3c85c1af0)
0x00007ff3c85c19f0:   0c 48 8b 44 0e 10 49 89 44 0c 10 48 83 c1 18 39
0x00007ff3c85c1a00:   13 7f dd 3b 53 04 7d 31 48 63 c2 48 8d 04 40 49
0x00007ff3c85c1a10:   8d 0c c4 0f 1f 44 00 00 c7 01 63 00 00 00 83 c2
0x00007ff3c85c1a20:   01 48 83 c1 18 48 c7 41 f0 ff ff ff ff c7 41 f8
0x00007ff3c85c1a30:   00 00 00 00 39 53 04 7f df 48 8b 7b 08 48 85 ff
0x00007ff3c85c1a40:   74 06 f6 43 10 01 75 50 4c 89 63 08 5b 41 5c 5d
0x00007ff3c85c1a50:   c3 0f 1f 80 00 00 00 00 48 d1 ea be 18 00 00 00
0x00007ff3c85c1a60:   e8 bb a2 2a 00 49 89 c4 8b 03 85 c0 0f 8f 6a ff
0x00007ff3c85c1a70:   ff ff 31 d2 eb 8d 66 2e 0f 1f 84 00 00 00 00 00
0x00007ff3c85c1a80:   be 18 00 00 00 e8 36 a2 2a 00 49 89 c4 e9 40 ff
0x00007ff3c85c1a90:   ff ff 66 0f 1f 44 00 00 e8 a3 a2 2a 00 4c 89 63
0x00007ff3c85c1aa0:   08 5b 41 5c 5d c3 66 2e 0f 1f 84 00 00 00 00 00
0x00007ff3c85c1ab0:   0f 1f 84 00 00 00 00 00 00 00 00 00 00 00 00 00
0x00007ff3c85c1ac0:   8b 87 80 00 00 00 85 c0 7e 46 55 48 89 e5 41 54
0x00007ff3c85c1ad0:   49 89 fc 53 31 db 66 2e 0f 1f 84 00 00 00 00 00
0x00007ff3c85c1ae0:   49 8b 84 24 88 00 00 00 48 8b 04 d8 48 83 c3 01
0x00007ff3c85c1af0:   48 8b 78 10 e8 a7 41 88 00 41 39 9c 24 80 00 00
0x00007ff3c85c1b00:   00 7f dd 5b 41 5c 5d c3 0f 1f 84 00 00 00 00 00
0x00007ff3c85c1b10:   c3 90 66 66 2e 0f 1f 84 00 00 00 00 00 0f 1f 00
0x00007ff3c85c1b20:   48 8b 06 ba ff ff ff ff 48 8b 40 10 48 39 07 0f
0x00007ff3c85c1b30:   97 c0 0f b6 c0 0f 42 c2 c3 90 66 0f 1f 44 00 00
0x00007ff3c85c1b40:   8b 57 08 83 ea 01 78 29 4c 8b 47 10 31 c9 eb 09
0x00007ff3c85c1b50:   73 26 8d 48 01 39 d1 7f 18 8d 04 0a d1 e8 89 c7
0x00007ff3c85c1b60:   49 8b 3c f8 48 39 77 10 76 e6 8d 50 ff 39 d1 7e
0x00007ff3c85c1b70:   e8 31 c0 c3 0f 1f 40 00 48 98 49 8b 04 c0 c3 90
0x00007ff3c85c1b80:   55 48 89 e5 41 57 41 56 41 55 49 89 f5 41 54 49
0x00007ff3c85c1b90:   89 fc 53 48 83 ec 08 66 48 8d 3d 41 d8 e1 00 66
0x00007ff3c85c1ba0:   66 48 e8 09 ad cc ff 48 8d 1d d2 4a e2 00 80 3b
0x00007ff3c85c1bb0:   00 48 8b 30 0f 84 6e 01 00 00 48 8d 15 9f 33 e2
0x00007ff3c85c1bc0:   00 41 8b 45 08 8b 4a 08 48 d3 e0 48 03 02 8b 40
0x00007ff3c85c1bd0:   0c 83 f8 04 0f 8f a6 00 00 00 4d 85 ed 0f 84 86
0x00007ff3c85c1be0:   01 00 00 48 8b be 20 03 00 00 4c 8b 77 18 48 8b 


Stack slot to memory mapping:

stack at sp + 0 slots: 0x00007ff3c0173480 is a thread
stack at sp + 1 slots: 0x00007ff34e5fe6c0 is pointing into the stack for thread: 0x00007ff3c0173480
stack at sp + 2 slots: 0x00007ff34e5fe440 is pointing into the stack for thread: 0x00007ff3c0173480
stack at sp + 3 slots: 0x00007ff3c85a4741: <offset 0x00000000005a4741> in /home/divum/.jdks/openjdk-21.0.2/lib/server/libjvm.so at 0x00007ff3c8000000
stack at sp + 4 slots: 0x00007ff34e5fe6c0 is pointing into the stack for thread: 0x00007ff3c0173480
stack at sp + 5 slots: 0x00007ff34e5fe6c0 is pointing into the stack for thread: 0x00007ff3c0173480
stack at sp + 6 slots: 0x0 is null
stack at sp + 7 slots: 0x00007ff3c0173480 is a thread


---------------  P R O C E S S  ---------------

Threads class SMR info:
_java_thread_list=0x00007ff2ec055e30, length=16, elements={
0x00007ff3c002bc10, 0x00007ff3c016a570, 0x00007ff3c016bbc0, 0x00007ff3c016d6a0,
0x00007ff3c016ece0, 0x00007ff3c0170280, 0x00007ff3c0171dc0, 0x00007ff3c0173480,
0x00007ff3c0194ef0, 0x00007ff328101ec0, 0x00007ff3240dd4f0, 0x00007ff3c04c4770,
0x00007ff3c04c5ae0, 0x00007ff3c0731f10, 0x00007ff3100028e0, 0x00007ff338000ff0
}

Java Threads: ( => current thread )
  0x00007ff3c002bc10 JavaThread "main"                              [_thread_blocked, id=14449, stack(0x00007ff3c7f00000,0x00007ff3c8000000) (1024K)]
  0x00007ff3c016a570 JavaThread "Reference Handler"          daemon [_thread_blocked, id=14458, stack(0x00007ff3a417e000,0x00007ff3a427e000) (1024K)]
  0x00007ff3c016bbc0 JavaThread "Finalizer"                  daemon [_thread_blocked, id=14459, stack(0x00007ff3a407e000,0x00007ff3a417e000) (1024K)]
  0x00007ff3c016d6a0 JavaThread "Signal Dispatcher"          daemon [_thread_blocked, id=14460, stack(0x00007ff34e900000,0x00007ff34ea00000) (1024K)]
  0x00007ff3c016ece0 JavaThread "Service Thread"             daemon [_thread_blocked, id=14461, stack(0x00007ff34e800000,0x00007ff34e900000) (1024K)]
  0x00007ff3c0170280 JavaThread "Monitor Deflation Thread"   daemon [_thread_blocked, id=14462, stack(0x00007ff34e700000,0x00007ff34e800000) (1024K)]
  0x00007ff3c0171dc0 JavaThread "C2 CompilerThread0"         daemon [_thread_in_native, id=14463, stack(0x00007ff34e600000,0x00007ff34e700000) (1024K)]
=>0x00007ff3c0173480 JavaThread "C1 CompilerThread0"         daemon [_thread_in_vm, id=14464, stack(0x00007ff34e500000,0x00007ff34e600000) (1024K)]
  0x00007ff3c0194ef0 JavaThread "Common-Cleaner"             daemon [_thread_blocked, id=14466, stack(0x00007ff34e330000,0x00007ff34e430000) (1024K)]
  0x00007ff328101ec0 JavaThread "C2 CompilerThread1"         daemon [_thread_in_native, id=14469, stack(0x00007ff34e230000,0x00007ff34e330000) (1024K)]
  0x00007ff3240dd4f0 JavaThread "C2 CompilerThread2"         daemon [_thread_in_native, id=14470, stack(0x00007ff34e130000,0x00007ff34e230000) (1024K)]
  0x00007ff3c04c4770 JavaThread "Monitor Ctrl-Break"         daemon [_thread_in_native, id=14471, stack(0x00007ff34e030000,0x00007ff34e130000) (1024K)]
  0x00007ff3c04c5ae0 JavaThread "Notification Thread"        daemon [_thread_blocked, id=14472, stack(0x00007ff34df30000,0x00007ff34e030000) (1024K)]
  0x00007ff3c0731f10 JavaThread "Thread-0"                          [_thread_blocked, id=14474, stack(0x00007ff34de30000,0x00007ff34df30000) (1024K)]
  0x00007ff3100028e0 JavaThread "restartedMain"                     [_thread_in_Java, id=14475, stack(0x00007ff34dd30000,0x00007ff34de30000) (1024K)]
  0x00007ff338000ff0 JavaThread "Attach Listener"            daemon [_thread_blocked, id=14489, stack(0x00007ff34d62b000,0x00007ff34d72b000) (1024K)]
Total: 16

Other Threads:
  0x00007ff3c015cf60 VMThread "VM Thread"                           [id=14457, stack(0x00007ff3a427f000,0x00007ff3a437f000) (1024K)]
  0x00007ff3c0142b60 WatcherThread "VM Periodic Task Thread"        [id=14456, stack(0x00007ff3a4380000,0x00007ff3a4480000) (1024K)]
  0x00007ff3c0093a90 WorkerThread "GC Thread#0"                     [id=14451, stack(0x00007ff3c64a4000,0x00007ff3c65a4000) (1024K)]
  0x00007ff33c008470 WorkerThread "GC Thread#1"                     [id=14476, stack(0x00007ff34dc30000,0x00007ff34dd30000) (1024K)]
  0x00007ff33c008f10 WorkerThread "GC Thread#2"                     [id=14477, stack(0x00007ff34db2f000,0x00007ff34dc2f000) (1024K)]
  0x00007ff33c0099f0 WorkerThread "GC Thread#3"                     [id=14478, stack(0x00007ff34da2e000,0x00007ff34db2e000) (1024K)]
  0x00007ff33c00a4d0 WorkerThread "GC Thread#4"                     [id=14479, stack(0x00007ff34d92d000,0x00007ff34da2d000) (1024K)]
  0x00007ff33c00afb0 WorkerThread "GC Thread#5"                     [id=14480, stack(0x00007ff34d82c000,0x00007ff34d92c000) (1024K)]
  0x00007ff33c00c620 WorkerThread "GC Thread#6"                     [id=14490, stack(0x00007ff34d52b000,0x00007ff34d62b000) (1024K)]
  0x00007ff33c00cd50 WorkerThread "GC Thread#7"                     [id=14491, stack(0x00007ff34d42a000,0x00007ff34d52a000) (1024K)]
  0x00007ff3c00a4870 ConcurrentGCThread "G1 Main Marker"            [id=14452, stack(0x00007ff3c63a3000,0x00007ff3c64a3000) (1024K)]
  0x00007ff3c00a5810 WorkerThread "G1 Conc#0"                       [id=14453, stack(0x00007ff3c62a2000,0x00007ff3c63a2000) (1024K)]
  0x00007ff3c01305b0 ConcurrentGCThread "G1 Refine#0"               [id=14454, stack(0x00007ff3a4603000,0x00007ff3a4703000) (1024K)]
  0x00007ff3c0131560 ConcurrentGCThread "G1 Service"                [id=14455, stack(0x00007ff3a4502000,0x00007ff3a4602000) (1024K)]
Total: 14

Threads with active compile tasks:
C2 CompilerThread0     1867 2320       4       java.lang.invoke.MethodType::makeImpl (109 bytes)
C1 CompilerThread0     1867 2631       3       org.springframework.asm.ClassReader::accept (1401 bytes)
C2 CompilerThread1     1867 2642       4       jdk.internal.jimage.ImageLocation::verify (218 bytes)
C2 CompilerThread2     1867 2324       4       java.lang.invoke.MethodType::methodType (69 bytes)
Total: 4

VM state: not at safepoint (normal execution)

VM Mutex/Monitor currently owned by a thread: None

Heap address: 0x0000000708200000, size: 3966 MB, Compressed Oops mode: Zero based, Oop shift amount: 3

CDS archive(s) mapped at: [0x00007ff34f000000-0x00007ff34fca6000-0x00007ff34fca6000), size 13262848, SharedBaseAddress: 0x00007ff34f000000, ArchiveRelocationMode: 1.
Compressed class space mapped at: 0x00007ff350000000-0x00007ff390000000, reserved size: 1073741824
Narrow klass base: 0x00007ff34f000000, Narrow klass shift: 0, Narrow klass range: 0x100000000

GC Precious Log:
 CardTable entry size: 512
 Card Set container configuration: InlinePtr #cards 4 size 8 Array Of Cards #cards 16 size 48 Howl #buckets 8 coarsen threshold 3686 Howl Bitmap #cards 512 size 80 coarsen threshold 460 Card regions per heap region 1 cards per card region 4096
 CPUs: 8 total, 8 available
 Memory: 15861M
 Large Page Support: Disabled
 NUMA Support: Disabled
 Compressed Oops: Enabled (Zero based)
 Heap Region Size: 2M
 Heap Min Capacity: 8M
 Heap Initial Capacity: 248M
 Heap Max Capacity: 3966M
 Pre-touch: Disabled
 Parallel Workers: 8
 Concurrent Workers: 2
 Concurrent Refinement Workers: 8
 Periodic GC: Disabled

Heap:
 garbage-first heap   total 256000K, used 37380K [0x0000000708200000, 0x0000000800000000)
  region size 2048K, 16 young (32768K), 2 survivors (4096K)
 Metaspace       used 19671K, committed 20032K, reserved 1114112K
  class space    used 2349K, committed 2496K, reserved 1048576K

Heap Regions: E=young(eden), S=young(survivor), O=old, HS=humongous(starts), HC=humongous(continues), CS=collection set, F=free, TAMS=top-at-mark-start, PB=parsable bottom
|   0|0x0000000708200000, 0x0000000708400000, 0x0000000708400000|100%| O|  |TAMS 0x0000000708200000| PB 0x0000000708200000| Untracked 
|   1|0x0000000708400000, 0x0000000708600000, 0x0000000708600000|100%| O|  |TAMS 0x0000000708400000| PB 0x0000000708400000| Untracked 
|   2|0x0000000708600000, 0x0000000708800000, 0x0000000708800000|100%| O|  |TAMS 0x0000000708600000| PB 0x0000000708600000| Untracked 
|   3|0x0000000708800000, 0x0000000708864330, 0x0000000708a00000| 19%| O|  |TAMS 0x0000000708800000| PB 0x0000000708800000| Untracked 
|   4|0x0000000708a00000, 0x0000000708a00000, 0x0000000708c00000|  0%| F|  |TAMS 0x0000000708a00000| PB 0x0000000708a00000| Untracked 
|   5|0x0000000708c00000, 0x0000000708c00000, 0x0000000708e00000|  0%| F|  |TAMS 0x0000000708c00000| PB 0x0000000708c00000| Untracked 
|   6|0x0000000708e00000, 0x0000000708e00000, 0x0000000709000000|  0%| F|  |TAMS 0x0000000708e00000| PB 0x0000000708e00000| Untracked 
|   7|0x0000000709000000, 0x0000000709000000, 0x0000000709200000|  0%| F|  |TAMS 0x0000000709000000| PB 0x0000000709000000| Untracked 
|   8|0x0000000709200000, 0x0000000709200000, 0x0000000709400000|  0%| F|  |TAMS 0x0000000709200000| PB 0x0000000709200000| Untracked 
|   9|0x0000000709400000, 0x0000000709400000, 0x0000000709600000|  0%| F|  |TAMS 0x0000000709400000| PB 0x0000000709400000| Untracked 
|  10|0x0000000709600000, 0x0000000709600000, 0x0000000709800000|  0%| F|  |TAMS 0x0000000709600000| PB 0x0000000709600000| Untracked 
|  11|0x0000000709800000, 0x0000000709800000, 0x0000000709a00000|  0%| F|  |TAMS 0x0000000709800000| PB 0x0000000709800000| Untracked 
|  12|0x0000000709a00000, 0x0000000709a00000, 0x0000000709c00000|  0%| F|  |TAMS 0x0000000709a00000| PB 0x0000000709a00000| Untracked 
|  13|0x0000000709c00000, 0x0000000709c00000, 0x0000000709e00000|  0%| F|  |TAMS 0x0000000709c00000| PB 0x0000000709c00000| Untracked 
|  14|0x0000000709e00000, 0x0000000709e00000, 0x000000070a000000|  0%| F|  |TAMS 0x0000000709e00000| PB 0x0000000709e00000| Untracked 
|  15|0x000000070a000000, 0x000000070a000000, 0x000000070a200000|  0%| F|  |TAMS 0x000000070a000000| PB 0x000000070a000000| Untracked 
|  16|0x000000070a200000, 0x000000070a200000, 0x000000070a400000|  0%| F|  |TAMS 0x000000070a200000| PB 0x000000070a200000| Untracked 
|  17|0x000000070a400000, 0x000000070a400000, 0x000000070a600000|  0%| F|  |TAMS 0x000000070a400000| PB 0x000000070a400000| Untracked 
|  18|0x000000070a600000, 0x000000070a600000, 0x000000070a800000|  0%| F|  |TAMS 0x000000070a600000| PB 0x000000070a600000| Untracked 
|  19|0x000000070a800000, 0x000000070a800000, 0x000000070aa00000|  0%| F|  |TAMS 0x000000070a800000| PB 0x000000070a800000| Untracked 
|  20|0x000000070aa00000, 0x000000070aa00000, 0x000000070ac00000|  0%| F|  |TAMS 0x000000070aa00000| PB 0x000000070aa00000| Untracked 
|  21|0x000000070ac00000, 0x000000070ac00000, 0x000000070ae00000|  0%| F|  |TAMS 0x000000070ac00000| PB 0x000000070ac00000| Untracked 
|  22|0x000000070ae00000, 0x000000070ae00000, 0x000000070b000000|  0%| F|  |TAMS 0x000000070ae00000| PB 0x000000070ae00000| Untracked 
|  23|0x000000070b000000, 0x000000070b000000, 0x000000070b200000|  0%| F|  |TAMS 0x000000070b000000| PB 0x000000070b000000| Untracked 
|  24|0x000000070b200000, 0x000000070b200000, 0x000000070b400000|  0%| F|  |TAMS 0x000000070b200000| PB 0x000000070b200000| Untracked 
|  25|0x000000070b400000, 0x000000070b400000, 0x000000070b600000|  0%| F|  |TAMS 0x000000070b400000| PB 0x000000070b400000| Untracked 
|  26|0x000000070b600000, 0x000000070b600000, 0x000000070b800000|  0%| F|  |TAMS 0x000000070b600000| PB 0x000000070b600000| Untracked 
|  27|0x000000070b800000, 0x000000070b800000, 0x000000070ba00000|  0%| F|  |TAMS 0x000000070b800000| PB 0x000000070b800000| Untracked 
|  28|0x000000070ba00000, 0x000000070ba00000, 0x000000070bc00000|  0%| F|  |TAMS 0x000000070ba00000| PB 0x000000070ba00000| Untracked 
|  29|0x000000070bc00000, 0x000000070bc00000, 0x000000070be00000|  0%| F|  |TAMS 0x000000070bc00000| PB 0x000000070bc00000| Untracked 
|  30|0x000000070be00000, 0x000000070be00000, 0x000000070c000000|  0%| F|  |TAMS 0x000000070be00000| PB 0x000000070be00000| Untracked 
|  31|0x000000070c000000, 0x000000070c000000, 0x000000070c200000|  0%| F|  |TAMS 0x000000070c000000| PB 0x000000070c000000| Untracked 
|  32|0x000000070c200000, 0x000000070c200000, 0x000000070c400000|  0%| F|  |TAMS 0x000000070c200000| PB 0x000000070c200000| Untracked 
|  33|0x000000070c400000, 0x000000070c400000, 0x000000070c600000|  0%| F|  |TAMS 0x000000070c400000| PB 0x000000070c400000| Untracked 
|  34|0x000000070c600000, 0x000000070c600000, 0x000000070c800000|  0%| F|  |TAMS 0x000000070c600000| PB 0x000000070c600000| Untracked 
|  35|0x000000070c800000, 0x000000070c800000, 0x000000070ca00000|  0%| F|  |TAMS 0x000000070c800000| PB 0x000000070c800000| Untracked 
|  36|0x000000070ca00000, 0x000000070ca00000, 0x000000070cc00000|  0%| F|  |TAMS 0x000000070ca00000| PB 0x000000070ca00000| Untracked 
|  37|0x000000070cc00000, 0x000000070cc00000, 0x000000070ce00000|  0%| F|  |TAMS 0x000000070cc00000| PB 0x000000070cc00000| Untracked 
|  38|0x000000070ce00000, 0x000000070ce00000, 0x000000070d000000|  0%| F|  |TAMS 0x000000070ce00000| PB 0x000000070ce00000| Untracked 
|  39|0x000000070d000000, 0x000000070d000000, 0x000000070d200000|  0%| F|  |TAMS 0x000000070d000000| PB 0x000000070d000000| Untracked 
|  40|0x000000070d200000, 0x000000070d200000, 0x000000070d400000|  0%| F|  |TAMS 0x000000070d200000| PB 0x000000070d200000| Untracked 
|  41|0x000000070d400000, 0x000000070d400000, 0x000000070d600000|  0%| F|  |TAMS 0x000000070d400000| PB 0x000000070d400000| Untracked 
|  42|0x000000070d600000, 0x000000070d600000, 0x000000070d800000|  0%| F|  |TAMS 0x000000070d600000| PB 0x000000070d600000| Untracked 
|  43|0x000000070d800000, 0x000000070d800000, 0x000000070da00000|  0%| F|  |TAMS 0x000000070d800000| PB 0x000000070d800000| Untracked 
|  44|0x000000070da00000, 0x000000070da00000, 0x000000070dc00000|  0%| F|  |TAMS 0x000000070da00000| PB 0x000000070da00000| Untracked 
|  45|0x000000070dc00000, 0x000000070dc00000, 0x000000070de00000|  0%| F|  |TAMS 0x000000070dc00000| PB 0x000000070dc00000| Untracked 
|  46|0x000000070de00000, 0x000000070de00000, 0x000000070e000000|  0%| F|  |TAMS 0x000000070de00000| PB 0x000000070de00000| Untracked 
|  47|0x000000070e000000, 0x000000070e000000, 0x000000070e200000|  0%| F|  |TAMS 0x000000070e000000| PB 0x000000070e000000| Untracked 
|  48|0x000000070e200000, 0x000000070e200000, 0x000000070e400000|  0%| F|  |TAMS 0x000000070e200000| PB 0x000000070e200000| Untracked 
|  49|0x000000070e400000, 0x000000070e400000, 0x000000070e600000|  0%| F|  |TAMS 0x000000070e400000| PB 0x000000070e400000| Untracked 
|  50|0x000000070e600000, 0x000000070e600000, 0x000000070e800000|  0%| F|  |TAMS 0x000000070e600000| PB 0x000000070e600000| Untracked 
|  51|0x000000070e800000, 0x000000070e800000, 0x000000070ea00000|  0%| F|  |TAMS 0x000000070e800000| PB 0x000000070e800000| Untracked 
|  52|0x000000070ea00000, 0x000000070ea00000, 0x000000070ec00000|  0%| F|  |TAMS 0x000000070ea00000| PB 0x000000070ea00000| Untracked 
|  53|0x000000070ec00000, 0x000000070ec00000, 0x000000070ee00000|  0%| F|  |TAMS 0x000000070ec00000| PB 0x000000070ec00000| Untracked 
|  54|0x000000070ee00000, 0x000000070ee00000, 0x000000070f000000|  0%| F|  |TAMS 0x000000070ee00000| PB 0x000000070ee00000| Untracked 
|  55|0x000000070f000000, 0x000000070f000000, 0x000000070f200000|  0%| F|  |TAMS 0x000000070f000000| PB 0x000000070f000000| Untracked 
|  56|0x000000070f200000, 0x000000070f200000, 0x000000070f400000|  0%| F|  |TAMS 0x000000070f200000| PB 0x000000070f200000| Untracked 
|  57|0x000000070f400000, 0x000000070f400000, 0x000000070f600000|  0%| F|  |TAMS 0x000000070f400000| PB 0x000000070f400000| Untracked 
|  58|0x000000070f600000, 0x000000070f600000, 0x000000070f800000|  0%| F|  |TAMS 0x000000070f600000| PB 0x000000070f600000| Untracked 
|  59|0x000000070f800000, 0x000000070f800000, 0x000000070fa00000|  0%| F|  |TAMS 0x000000070f800000| PB 0x000000070f800000| Untracked 
|  60|0x000000070fa00000, 0x000000070fa00000, 0x000000070fc00000|  0%| F|  |TAMS 0x000000070fa00000| PB 0x000000070fa00000| Untracked 
|  61|0x000000070fc00000, 0x000000070fc00000, 0x000000070fe00000|  0%| F|  |TAMS 0x000000070fc00000| PB 0x000000070fc00000| Untracked 
|  62|0x000000070fe00000, 0x000000070fe00000, 0x0000000710000000|  0%| F|  |TAMS 0x000000070fe00000| PB 0x000000070fe00000| Untracked 
|  63|0x0000000710000000, 0x0000000710000000, 0x0000000710200000|  0%| F|  |TAMS 0x0000000710000000| PB 0x0000000710000000| Untracked 
|  64|0x0000000710200000, 0x0000000710200000, 0x0000000710400000|  0%| F|  |TAMS 0x0000000710200000| PB 0x0000000710200000| Untracked 
|  65|0x0000000710400000, 0x0000000710400000, 0x0000000710600000|  0%| F|  |TAMS 0x0000000710400000| PB 0x0000000710400000| Untracked 
|  66|0x0000000710600000, 0x0000000710600000, 0x0000000710800000|  0%| F|  |TAMS 0x0000000710600000| PB 0x0000000710600000| Untracked 
|  67|0x0000000710800000, 0x0000000710800000, 0x0000000710a00000|  0%| F|  |TAMS 0x0000000710800000| PB 0x0000000710800000| Untracked 
|  68|0x0000000710a00000, 0x0000000710a00000, 0x0000000710c00000|  0%| F|  |TAMS 0x0000000710a00000| PB 0x0000000710a00000| Untracked 
|  69|0x0000000710c00000, 0x0000000710c00000, 0x0000000710e00000|  0%| F|  |TAMS 0x0000000710c00000| PB 0x0000000710c00000| Untracked 
|  70|0x0000000710e00000, 0x0000000710e00000, 0x0000000711000000|  0%| F|  |TAMS 0x0000000710e00000| PB 0x0000000710e00000| Untracked 
|  71|0x0000000711000000, 0x0000000711000000, 0x0000000711200000|  0%| F|  |TAMS 0x0000000711000000| PB 0x0000000711000000| Untracked 
|  72|0x0000000711200000, 0x0000000711200000, 0x0000000711400000|  0%| F|  |TAMS 0x0000000711200000| PB 0x0000000711200000| Untracked 
|  73|0x0000000711400000, 0x0000000711400000, 0x0000000711600000|  0%| F|  |TAMS 0x0000000711400000| PB 0x0000000711400000| Untracked 
|  74|0x0000000711600000, 0x0000000711600000, 0x0000000711800000|  0%| F|  |TAMS 0x0000000711600000| PB 0x0000000711600000| Untracked 
|  75|0x0000000711800000, 0x0000000711800000, 0x0000000711a00000|  0%| F|  |TAMS 0x0000000711800000| PB 0x0000000711800000| Untracked 
|  76|0x0000000711a00000, 0x0000000711a00000, 0x0000000711c00000|  0%| F|  |TAMS 0x0000000711a00000| PB 0x0000000711a00000| Untracked 
|  77|0x0000000711c00000, 0x0000000711c00000, 0x0000000711e00000|  0%| F|  |TAMS 0x0000000711c00000| PB 0x0000000711c00000| Untracked 
|  78|0x0000000711e00000, 0x0000000711e00000, 0x0000000712000000|  0%| F|  |TAMS 0x0000000711e00000| PB 0x0000000711e00000| Untracked 
|  79|0x0000000712000000, 0x0000000712000000, 0x0000000712200000|  0%| F|  |TAMS 0x0000000712000000| PB 0x0000000712000000| Untracked 
|  80|0x0000000712200000, 0x0000000712200000, 0x0000000712400000|  0%| F|  |TAMS 0x0000000712200000| PB 0x0000000712200000| Untracked 
|  81|0x0000000712400000, 0x0000000712400000, 0x0000000712600000|  0%| F|  |TAMS 0x0000000712400000| PB 0x0000000712400000| Untracked 
|  82|0x0000000712600000, 0x0000000712600000, 0x0000000712800000|  0%| F|  |TAMS 0x0000000712600000| PB 0x0000000712600000| Untracked 
|  83|0x0000000712800000, 0x0000000712800000, 0x0000000712a00000|  0%| F|  |TAMS 0x0000000712800000| PB 0x0000000712800000| Untracked 
|  84|0x0000000712a00000, 0x0000000712a00000, 0x0000000712c00000|  0%| F|  |TAMS 0x0000000712a00000| PB 0x0000000712a00000| Untracked 
|  85|0x0000000712c00000, 0x0000000712c00000, 0x0000000712e00000|  0%| F|  |TAMS 0x0000000712c00000| PB 0x0000000712c00000| Untracked 
|  86|0x0000000712e00000, 0x0000000712e00000, 0x0000000713000000|  0%| F|  |TAMS 0x0000000712e00000| PB 0x0000000712e00000| Untracked 
|  87|0x0000000713000000, 0x0000000713000000, 0x0000000713200000|  0%| F|  |TAMS 0x0000000713000000| PB 0x0000000713000000| Untracked 
|  88|0x0000000713200000, 0x0000000713200000, 0x0000000713400000|  0%| F|  |TAMS 0x0000000713200000| PB 0x0000000713200000| Untracked 
|  89|0x0000000713400000, 0x0000000713400000, 0x0000000713600000|  0%| F|  |TAMS 0x0000000713400000| PB 0x0000000713400000| Untracked 
|  90|0x0000000713600000, 0x0000000713600000, 0x0000000713800000|  0%| F|  |TAMS 0x0000000713600000| PB 0x0000000713600000| Untracked 
|  91|0x0000000713800000, 0x0000000713800000, 0x0000000713a00000|  0%| F|  |TAMS 0x0000000713800000| PB 0x0000000713800000| Untracked 
|  92|0x0000000713a00000, 0x0000000713a00000, 0x0000000713c00000|  0%| F|  |TAMS 0x0000000713a00000| PB 0x0000000713a00000| Untracked 
|  93|0x0000000713c00000, 0x0000000713c00000, 0x0000000713e00000|  0%| F|  |TAMS 0x0000000713c00000| PB 0x0000000713c00000| Untracked 
|  94|0x0000000713e00000, 0x0000000713e00000, 0x0000000714000000|  0%| F|  |TAMS 0x0000000713e00000| PB 0x0000000713e00000| Untracked 
|  95|0x0000000714000000, 0x0000000714000000, 0x0000000714200000|  0%| F|  |TAMS 0x0000000714000000| PB 0x0000000714000000| Untracked 
|  96|0x0000000714200000, 0x0000000714200000, 0x0000000714400000|  0%| F|  |TAMS 0x0000000714200000| PB 0x0000000714200000| Untracked 
|  97|0x0000000714400000, 0x0000000714400000, 0x0000000714600000|  0%| F|  |TAMS 0x0000000714400000| PB 0x0000000714400000| Untracked 
|  98|0x0000000714600000, 0x0000000714600000, 0x0000000714800000|  0%| F|  |TAMS 0x0000000714600000| PB 0x0000000714600000| Untracked 
|  99|0x0000000714800000, 0x0000000714800000, 0x0000000714a00000|  0%| F|  |TAMS 0x0000000714800000| PB 0x0000000714800000| Untracked 
| 100|0x0000000714a00000, 0x0000000714a00000, 0x0000000714c00000|  0%| F|  |TAMS 0x0000000714a00000| PB 0x0000000714a00000| Untracked 
| 101|0x0000000714c00000, 0x0000000714c00000, 0x0000000714e00000|  0%| F|  |TAMS 0x0000000714c00000| PB 0x0000000714c00000| Untracked 
| 102|0x0000000714e00000, 0x0000000714f15810, 0x0000000715000000| 54%| S|CS|TAMS 0x0000000714e00000| PB 0x0000000714e00000| Complete 
| 103|0x0000000715000000, 0x0000000715200000, 0x0000000715200000|100%| S|CS|TAMS 0x0000000715000000| PB 0x0000000715000000| Complete 
| 104|0x0000000715200000, 0x0000000715200000, 0x0000000715400000|  0%| F|  |TAMS 0x0000000715200000| PB 0x0000000715200000| Untracked 
| 105|0x0000000715400000, 0x0000000715400000, 0x0000000715600000|  0%| F|  |TAMS 0x0000000715400000| PB 0x0000000715400000| Untracked 
| 106|0x0000000715600000, 0x0000000715600000, 0x0000000715800000|  0%| F|  |TAMS 0x0000000715600000| PB 0x0000000715600000| Untracked 
| 107|0x0000000715800000, 0x0000000715800000, 0x0000000715a00000|  0%| F|  |TAMS 0x0000000715800000| PB 0x0000000715800000| Untracked 
| 108|0x0000000715a00000, 0x0000000715a00000, 0x0000000715c00000|  0%| F|  |TAMS 0x0000000715a00000| PB 0x0000000715a00000| Untracked 
| 109|0x0000000715c00000, 0x0000000715c00000, 0x0000000715e00000|  0%| F|  |TAMS 0x0000000715c00000| PB 0x0000000715c00000| Untracked 
| 110|0x0000000715e00000, 0x0000000715fa21c0, 0x0000000716000000| 81%| E|  |TAMS 0x0000000715e00000| PB 0x0000000715e00000| Complete 
| 111|0x0000000716000000, 0x0000000716200000, 0x0000000716200000|100%| E|CS|TAMS 0x0000000716000000| PB 0x0000000716000000| Complete 
| 112|0x0000000716200000, 0x0000000716400000, 0x0000000716400000|100%| E|CS|TAMS 0x0000000716200000| PB 0x0000000716200000| Complete 
| 113|0x0000000716400000, 0x0000000716600000, 0x0000000716600000|100%| E|CS|TAMS 0x0000000716400000| PB 0x0000000716400000| Complete 
| 114|0x0000000716600000, 0x0000000716800000, 0x0000000716800000|100%| E|CS|TAMS 0x0000000716600000| PB 0x0000000716600000| Complete 
| 115|0x0000000716800000, 0x0000000716a00000, 0x0000000716a00000|100%| E|CS|TAMS 0x0000000716800000| PB 0x0000000716800000| Complete 
| 116|0x0000000716a00000, 0x0000000716c00000, 0x0000000716c00000|100%| E|CS|TAMS 0x0000000716a00000| PB 0x0000000716a00000| Complete 
| 117|0x0000000716c00000, 0x0000000716e00000, 0x0000000716e00000|100%| E|CS|TAMS 0x0000000716c00000| PB 0x0000000716c00000| Complete 
| 118|0x0000000716e00000, 0x0000000717000000, 0x0000000717000000|100%| E|CS|TAMS 0x0000000716e00000| PB 0x0000000716e00000| Complete 
| 119|0x0000000717000000, 0x0000000717200000, 0x0000000717200000|100%| E|CS|TAMS 0x0000000717000000| PB 0x0000000717000000| Complete 
| 120|0x0000000717200000, 0x0000000717400000, 0x0000000717400000|100%| E|CS|TAMS 0x0000000717200000| PB 0x0000000717200000| Complete 
| 121|0x0000000717400000, 0x0000000717600000, 0x0000000717600000|100%| E|CS|TAMS 0x0000000717400000| PB 0x0000000717400000| Complete 
| 122|0x0000000717600000, 0x0000000717800000, 0x0000000717800000|100%| E|CS|TAMS 0x0000000717600000| PB 0x0000000717600000| Complete 
| 123|0x0000000717800000, 0x0000000717a00000, 0x0000000717a00000|100%| E|CS|TAMS 0x0000000717800000| PB 0x0000000717800000| Complete 
|1982|0x00000007ffe00000, 0x00000007fff07778, 0x0000000800000000| 51%| O|  |TAMS 0x00000007ffe00000| PB 0x00000007ffe00000| Untracked 

Card table byte_map: [0x00007ff3c65a4000,0x00007ff3c6d63000] _byte_map_base: 0x00007ff3c2d63000

Marking Bits: (CMBitMap*) 0x00007ff3c00945b0
 Bits: [0x00007ff3a4c08000, 0x00007ff3a8a00000)

Polling page: 0x00007ff3c98b8000

Metaspace:

Usage:
  Non-class:     16.92 MB used.
      Class:      2.30 MB used.
       Both:     19.22 MB used.

Virtual space:
  Non-class space:       64.00 MB reserved,      17.12 MB ( 27%) committed,  1 nodes.
      Class space:        1.00 GB reserved,       2.44 MB ( <1%) committed,  1 nodes.
             Both:        1.06 GB reserved,      19.56 MB (  2%) committed. 

Chunk freelists:
   Non-Class:  14.80 MB
       Class:  13.38 MB
        Both:  28.17 MB

MaxMetaspaceSize: unlimited
CompressedClassSpaceSize: 1.00 GB
Initial GC threshold: 21.00 MB
Current GC threshold: 21.00 MB
CDS: on
 - commit_granule_bytes: 65536.
 - commit_granule_words: 8192.
 - virtual_space_node_default_size: 8388608.
 - enlarge_chunks_in_place: 1.
 - use_allocation_guard: 0.


Internal statistics:

num_allocs_failed_limit: 0.
num_arena_births: 292.
num_arena_deaths: 0.
num_vsnodes_births: 2.
num_vsnodes_deaths: 0.
num_space_committed: 313.
num_space_uncommitted: 0.
num_chunks_returned_to_freelist: 0.
num_chunks_taken_from_freelist: 984.
num_chunk_merges: 0.
num_chunk_splits: 630.
num_chunks_enlarged: 440.
num_inconsistent_stats: 0.

CodeHeap 'non-profiled nmethods': size=120028Kb used=1081Kb max_used=1081Kb free=118946Kb
 bounds [0x00007ff3b04c9000, 0x00007ff3b0739000, 0x00007ff3b7a00000]
CodeHeap 'profiled nmethods': size=120028Kb used=5150Kb max_used=5150Kb free=114877Kb
 bounds [0x00007ff3a8a00000, 0x00007ff3a8f10000, 0x00007ff3aff37000]
CodeHeap 'non-nmethods': size=5704Kb used=1414Kb max_used=1452Kb free=4289Kb
 bounds [0x00007ff3aff37000, 0x00007ff3b01a7000, 0x00007ff3b04c9000]
 total_blobs=3142 nmethods=2622 adapters=425
 compilation: enabled
              stopped_count=0, restarted_count=0
 full_count=0

Compilation events (20 events):
Event: 1.826 Thread 0x00007ff3c0173480 2618       3       org.springframework.core.annotation.MergedAnnotationsCollection::spliterator (10 bytes)
Event: 1.826 Thread 0x00007ff3c0173480 nmethod 2618 0x00007ff3a8ef6d10 code [0x00007ff3a8ef6ec0, 0x00007ff3a8ef72b8]
Event: 1.826 Thread 0x00007ff3c0173480 2619       3       org.springframework.core.annotation.MergedAnnotationsCollection$AnnotationsSpliterator::<init> (26 bytes)
Event: 1.826 Thread 0x00007ff3c0173480 nmethod 2619 0x00007ff3a8ef7410 code [0x00007ff3a8ef75c0, 0x00007ff3a8ef7900]
Event: 1.826 Thread 0x00007ff3c0173480 2620       3       org.springframework.core.annotation.AttributeMethods::canThrowTypeNotPresentException (7 bytes)
Event: 1.826 Thread 0x00007ff3c0173480 nmethod 2620 0x00007ff3a8ef7a10 code [0x00007ff3a8ef7ba0, 0x00007ff3a8ef7cd8]
Event: 1.826 Thread 0x00007ff3c0173480 2617       3       org.springframework.beans.factory.support.AbstractBeanFactory::getBean (9 bytes)
Event: 1.826 Thread 0x00007ff3c0173480 nmethod 2617 0x00007ff3a8ef7d90 code [0x00007ff3a8ef7f40, 0x00007ff3a8ef8110]
Event: 1.826 Thread 0x00007ff3c0173480 2624       3       java.io.ByteArrayOutputStream::<init> (43 bytes)
Event: 1.827 Thread 0x00007ff3c0173480 nmethod 2624 0x00007ff3a8ef8210 code [0x00007ff3a8ef8440, 0x00007ff3a8ef8bc8]
Event: 1.829 Thread 0x00007ff3c0173480 2627       3       java.lang.Class::getDeclaredAnnotations (11 bytes)
Event: 1.829 Thread 0x00007ff3c0173480 nmethod 2627 0x00007ff3a8ef8e90 code [0x00007ff3a8ef9080, 0x00007ff3a8ef94c0]
Event: 1.829 Thread 0x00007ff3c0173480 2628       3       org.springframework.boot.autoconfigure.condition.ConditionMessage::<init> (6 bytes)
Event: 1.829 Thread 0x00007ff3c0173480 nmethod 2628 0x00007ff3a8ef9610 code [0x00007ff3a8ef97c0, 0x00007ff3a8ef99b0]
Event: 1.829 Thread 0x00007ff3c0173480 2629       3       org.springframework.boot.autoconfigure.condition.ConditionMessage::<init> (10 bytes)
Event: 1.829 Thread 0x00007ff3c0173480 nmethod 2629 0x00007ff3a8ef9a90 code [0x00007ff3a8ef9c20, 0x00007ff3a8ef9dd8]
Event: 1.829 Thread 0x00007ff3c0173480 2630       3       org.springframework.core.annotation.TypeMappedAnnotation::asMap (126 bytes)
Event: 1.830 Thread 0x00007ff3c0173480 nmethod 2630 0x00007ff3a8ef9e90 code [0x00007ff3a8efa100, 0x00007ff3a8efac70]
Event: 1.830 Thread 0x00007ff3c0173480 2631       3       org.springframework.asm.ClassReader::accept (1401 bytes)
Event: 1.840 Thread 0x00007ff3c0173480 nmethod 2631 0x00007ff3a8efb090 code [0x00007ff3a8efbd80, 0x00007ff3a8f03cb8]

GC Heap History (4 events):
Event: 0.685 GC heap before
{Heap before GC invocations=0 (full 0):
 garbage-first heap   total 256000K, used 21533K [0x0000000708200000, 0x0000000800000000)
  region size 2048K, 11 young (22528K), 0 survivors (0K)
 Metaspace       used 5504K, committed 5696K, reserved 1114112K
  class space    used 614K, committed 704K, reserved 1048576K
}
Event: 0.689 GC heap after
{Heap after GC invocations=1 (full 0):
 garbage-first heap   total 256000K, used 6838K [0x0000000708200000, 0x0000000800000000)
  region size 2048K, 2 young (4096K), 2 survivors (4096K)
 Metaspace       used 5504K, committed 5696K, reserved 1114112K
  class space    used 614K, committed 704K, reserved 1048576K
}
Event: 1.404 GC heap before
{Heap before GC invocations=1 (full 0):
 garbage-first heap   total 256000K, used 43702K [0x0000000708200000, 0x0000000800000000)
  region size 2048K, 20 young (40960K), 2 survivors (4096K)
 Metaspace       used 15796K, committed 16128K, reserved 1114112K
  class space    used 1879K, committed 2048K, reserved 1048576K
}
Event: 1.415 GC heap after
{Heap after GC invocations=2 (full 0):
 garbage-first heap   total 256000K, used 10756K [0x0000000708200000, 0x0000000800000000)
  region size 2048K, 2 young (4096K), 2 survivors (4096K)
 Metaspace       used 15796K, committed 16128K, reserved 1114112K
  class space    used 1879K, committed 2048K, reserved 1048576K
}

Dll operation events (11 events):
Event: 0.002 Loaded shared library /home/divum/.jdks/openjdk-21.0.2/lib/libjava.so
Event: 0.029 Loaded shared library /home/divum/.jdks/openjdk-21.0.2/lib/libjsvml.so
Event: 0.083 Loaded shared library /home/divum/.jdks/openjdk-21.0.2/lib/libzip.so
Event: 0.085 Loaded shared library /home/divum/.jdks/openjdk-21.0.2/lib/libinstrument.so
Event: 0.088 Loaded shared library /home/divum/.jdks/openjdk-21.0.2/lib/libnio.so
Event: 0.090 Loaded shared library /home/divum/.jdks/openjdk-21.0.2/lib/libzip.so
Event: 0.196 Loaded shared library /home/divum/.jdks/openjdk-21.0.2/lib/libnet.so
Event: 0.201 Loaded shared library /home/divum/.jdks/openjdk-21.0.2/lib/libextnet.so
Event: 0.258 Loaded shared library /home/divum/.jdks/openjdk-21.0.2/lib/libjimage.so
Event: 0.573 Loaded shared library /home/divum/.jdks/openjdk-21.0.2/lib/libmanagement.so
Event: 0.575 Loaded shared library /home/divum/.jdks/openjdk-21.0.2/lib/libmanagement_ext.so

Deoptimization events (20 events):
Event: 1.613 Thread 0x00007ff3100028e0 DEOPT PACKING pc=0x00007ff3a8be50a5 sp=0x00007ff34de2da00
Event: 1.613 Thread 0x00007ff3100028e0 DEOPT UNPACKING pc=0x00007ff3aff8b72f sp=0x00007ff34de2cf10 mode 0
Event: 1.614 Thread 0x00007ff3100028e0 DEOPT PACKING pc=0x00007ff3a8b361ce sp=0x00007ff34de2da10
Event: 1.614 Thread 0x00007ff3100028e0 DEOPT UNPACKING pc=0x00007ff3aff8b72f sp=0x00007ff34de2cf18 mode 0
Event: 1.619 Thread 0x00007ff3100028e0 Uncommon trap: trap_request=0xffffff45 fr.pc=0x00007ff3b05b18cc relative=0x000000000000040c
Event: 1.619 Thread 0x00007ff3100028e0 Uncommon trap: reason=unstable_if action=reinterpret pc=0x00007ff3b05b18cc method=java.lang.Integer.parseInt(Ljava/lang/String;I)I @ 119 c2
Event: 1.619 Thread 0x00007ff3100028e0 DEOPT PACKING pc=0x00007ff3b05b18cc sp=0x00007ff34de2d880
Event: 1.619 Thread 0x00007ff3100028e0 DEOPT UNPACKING pc=0x00007ff3aff8af99 sp=0x00007ff34de2d808 mode 2
Event: 1.667 Thread 0x00007ff3100028e0 Uncommon trap: trap_request=0xffffffc6 fr.pc=0x00007ff3b05b0c4c relative=0x000000000000098c
Event: 1.667 Thread 0x00007ff3100028e0 Uncommon trap: reason=bimorphic_or_optimized_type_check action=maybe_recompile pc=0x00007ff3b05b0c4c method=java.util.HashMap.putVal(ILjava/lang/Object;Ljava/lang/Object;ZZ)Ljava/lang/Object; @ 203 c2
Event: 1.667 Thread 0x00007ff3100028e0 DEOPT PACKING pc=0x00007ff3b05b0c4c sp=0x00007ff34de2d890
Event: 1.667 Thread 0x00007ff3100028e0 DEOPT UNPACKING pc=0x00007ff3aff8af99 sp=0x00007ff34de2d7a0 mode 2
Event: 1.672 Thread 0x00007ff3100028e0 Uncommon trap: trap_request=0xffffff45 fr.pc=0x00007ff3b0546484 relative=0x0000000000000b44
Event: 1.672 Thread 0x00007ff3100028e0 Uncommon trap: reason=unstable_if action=reinterpret pc=0x00007ff3b0546484 method=jdk.internal.org.objectweb.asm.SymbolTable.put(Ljdk/internal/org/objectweb/asm/SymbolTable$Entry;)Ljdk/internal/org/objectweb/asm/SymbolTable$Entry; @ 13 c2
Event: 1.672 Thread 0x00007ff3100028e0 DEOPT PACKING pc=0x00007ff3b0546484 sp=0x00007ff34de2bf30
Event: 1.672 Thread 0x00007ff3100028e0 DEOPT UNPACKING pc=0x00007ff3aff8af99 sp=0x00007ff34de2be58 mode 2
Event: 1.676 Thread 0x00007ff3100028e0 Uncommon trap: trap_request=0xffffffc6 fr.pc=0x00007ff3b05b0c4c relative=0x000000000000098c
Event: 1.676 Thread 0x00007ff3100028e0 Uncommon trap: reason=bimorphic_or_optimized_type_check action=maybe_recompile pc=0x00007ff3b05b0c4c method=java.util.HashMap.putVal(ILjava/lang/Object;Ljava/lang/Object;ZZ)Ljava/lang/Object; @ 203 c2
Event: 1.676 Thread 0x00007ff3100028e0 DEOPT PACKING pc=0x00007ff3b05b0c4c sp=0x00007ff34de2d890
Event: 1.676 Thread 0x00007ff3100028e0 DEOPT UNPACKING pc=0x00007ff3aff8af99 sp=0x00007ff34de2d7a0 mode 2

Classes loaded (20 events):
Event: 1.577 Loading class com/sun/crypto/provider/SunJCE
Event: 1.578 Loading class com/sun/crypto/provider/SunJCE done
Event: 1.583 Loading class com/sun/security/sasl/Provider
Event: 1.583 Loading class com/sun/security/sasl/Provider done
Event: 1.583 Loading class com/sun/security/sasl/Provider$1
Event: 1.583 Loading class com/sun/security/sasl/Provider$1 done
Event: 1.583 Loading class com/sun/security/sasl/Provider$ProviderService
Event: 1.583 Loading class com/sun/security/sasl/Provider$ProviderService done
Event: 1.583 Loading class sun/security/provider/certpath/ldap/JdkLDAP
Event: 1.583 Loading class sun/security/provider/certpath/ldap/JdkLDAP done
Event: 1.584 Loading class sun/security/provider/certpath/ldap/JdkLDAP$ProviderService
Event: 1.584 Loading class sun/security/provider/certpath/ldap/JdkLDAP$ProviderService done
Event: 1.765 Loading class java/beans/PropertyVetoException
Event: 1.765 Loading class java/beans/PropertyVetoException done
Event: 1.780 Loading class java/nio/charset/CharacterCodingException
Event: 1.780 Loading class java/nio/charset/CharacterCodingException done
Event: 1.839 Loading class java/nio/charset/UnsupportedCharsetException
Event: 1.839 Loading class java/nio/charset/UnsupportedCharsetException done
Event: 1.840 Loading class java/security/SecureRandom
Event: 1.840 Loading class java/security/SecureRandom done

Classes unloaded (0 events):
No events

Classes redefined (0 events):
No events

Internal exceptions (20 events):
Event: 1.029 Thread 0x00007ff3100028e0 Exception <a 'java/lang/NoSuchMethodError'{0x0000000716eda8b8}: 'java.lang.Object java.lang.invoke.DirectMethodHandle$Holder.invokeStatic(java.lang.Object, long, java.lang.Object)'> (0x0000000716eda8b8) 
thrown [open/src/hotspot/share/interpreter/linkResolver.cpp, line 772]
Event: 1.029 Thread 0x00007ff3100028e0 Exception <a 'java/lang/NoSuchMethodError'{0x0000000716eddf10}: 'java.lang.Object java.lang.invoke.DirectMethodHandle$Holder.invokeStaticInit(java.lang.Object, long, java.lang.Object)'> (0x0000000716eddf10) 
thrown [open/src/hotspot/share/interpreter/linkResolver.cpp, line 772]
Event: 1.029 Thread 0x00007ff3100028e0 Exception <a 'java/lang/NoSuchMethodError'{0x0000000716ee3678}: 'java.lang.Object java.lang.invoke.DirectMethodHandle$Holder.newInvokeSpecial(java.lang.Object, long)'> (0x0000000716ee3678) 
thrown [open/src/hotspot/share/interpreter/linkResolver.cpp, line 772]
Event: 1.043 Thread 0x00007ff3100028e0 Exception <a 'java/lang/NoSuchMethodError'{0x0000000716f394e8}: 'void java.lang.invoke.DirectMethodHandle$Holder.invokeSpecial(java.lang.Object, java.lang.Object, java.lang.Object, java.lang.Object, java.lang.Object)'> (0x0000000716f394e8) 
thrown [open/src/hotspot/share/interpreter/linkResolver.cpp, line 772]
Event: 1.043 Thread 0x00007ff3100028e0 Exception <a 'java/lang/NoSuchMethodError'{0x0000000716f40d50}: 'void java.lang.invoke.DirectMethodHandle$Holder.invokeVirtual(java.lang.Object, java.lang.Object, java.lang.Object, java.lang.Object)'> (0x0000000716f40d50) 
thrown [open/src/hotspot/share/interpreter/linkResolver.cpp, line 772]
Event: 1.078 Thread 0x00007ff3100028e0 Exception <a 'java/lang/IncompatibleClassChangeError'{0x0000000716cbb0e8}: Found class java.lang.Object, but interface was expected> (0x0000000716cbb0e8) 
thrown [open/src/hotspot/share/interpreter/linkResolver.cpp, line 840]
Event: 1.078 Thread 0x00007ff304176bf0 Exception <a 'java/lang/NoClassDefFoundError'{0x0000000716ce0d50}: jakarta/validation/Validation> (0x0000000716ce0d50) 
thrown [open/src/hotspot/share/classfile/systemDictionary.cpp, line 301]
Event: 1.092 Thread 0x00007ff3100028e0 Exception <a 'java/lang/NoSuchMethodError'{0x0000000716cfeed0}: 'java.lang.Object java.lang.invoke.DirectMethodHandle$Holder.invokeStaticInit(java.lang.Object, int)'> (0x0000000716cfeed0) 
thrown [open/src/hotspot/share/interpreter/linkResolver.cpp, line 772]
Event: 1.097 Thread 0x00007ff3100028e0 Exception <a 'java/lang/NoSuchMethodError'{0x0000000716d09010}: 'java.lang.Object java.lang.invoke.DirectMethodHandle$Holder.invokeStatic(java.lang.Object, int, java.lang.Object)'> (0x0000000716d09010) 
thrown [open/src/hotspot/share/interpreter/linkResolver.cpp, line 772]
Event: 1.098 Thread 0x00007ff3100028e0 Exception <a 'java/lang/NoSuchMethodError'{0x0000000716d0c660}: 'java.lang.Object java.lang.invoke.DirectMethodHandle$Holder.invokeStaticInit(java.lang.Object, int, java.lang.Object)'> (0x0000000716d0c660) 
thrown [open/src/hotspot/share/interpreter/linkResolver.cpp, line 772]
Event: 1.371 Thread 0x00007ff3100028e0 Exception <a 'java/lang/NoSuchMethodError'{0x000000071521c740}: 'java.lang.Object java.lang.invoke.DirectMethodHandle$Holder.invokeVirtual(java.lang.Object, java.lang.Object, java.lang.Object)'> (0x000000071521c740) 
thrown [open/src/hotspot/share/interpreter/linkResolver.cpp, line 772]
Event: 1.374 Thread 0x00007ff3100028e0 Exception <a 'java/lang/NoSuchMethodError'{0x00000007152b3710}: 'int java.lang.invoke.DirectMethodHandle$Holder.invokeSpecial(java.lang.Object, java.lang.Object, java.lang.Object, java.lang.Object, java.lang.Object)'> (0x00000007152b3710) 
thrown [open/src/hotspot/share/interpreter/linkResolver.cpp, line 772]
Event: 1.376 Thread 0x00007ff3100028e0 Exception <a 'java/lang/NoSuchMethodError'{0x00000007152bb950}: 'void java.lang.invoke.DirectMethodHandle$Holder.invokeVirtual(java.lang.Object, java.lang.Object)'> (0x00000007152bb950) 
thrown [open/src/hotspot/share/interpreter/linkResolver.cpp, line 772]
Event: 1.444 Thread 0x00007ff304176bf0 Exception <a 'java/lang/NoSuchMethodError'{0x00000007177650b8}: 'long java.lang.invoke.DirectMethodHandle$Holder.invokeSpecial(java.lang.Object, java.lang.Object)'> (0x00000007177650b8) 
thrown [open/src/hotspot/share/interpreter/linkResolver.cpp, line 772]
Event: 1.446 Thread 0x00007ff304176bf0 Exception <a 'java/lang/NoSuchMethodError'{0x000000071776eca0}: 'long java.lang.invoke.DirectMethodHandle$Holder.invokeStatic(java.lang.Object, java.lang.Object)'> (0x000000071776eca0) 
thrown [open/src/hotspot/share/interpreter/linkResolver.cpp, line 772]
Event: 1.446 Thread 0x00007ff304176bf0 Exception <a 'java/lang/NoSuchMethodError'{0x0000000717772008}: 'long java.lang.invoke.DirectMethodHandle$Holder.invokeStaticInit(java.lang.Object, java.lang.Object)'> (0x0000000717772008) 
thrown [open/src/hotspot/share/interpreter/linkResolver.cpp, line 772]
Event: 1.448 Thread 0x00007ff304176bf0 Exception <a 'java/lang/NoSuchMethodError'{0x000000071777e150}: 'long java.lang.invoke.DirectMethodHandle$Holder.invokeInterface(java.lang.Object, java.lang.Object)'> (0x000000071777e150) 
thrown [open/src/hotspot/share/interpreter/linkResolver.cpp, line 772]
Event: 1.448 Thread 0x00007ff304176bf0 Exception <a 'java/lang/IncompatibleClassChangeError'{0x00000007177ea668}: Found class java.lang.Object, but interface was expected> (0x00000007177ea668) 
thrown [open/src/hotspot/share/interpreter/linkResolver.cpp, line 840]
Event: 1.454 Thread 0x00007ff304176bf0 Exception <a 'java/lang/NoSuchMethodError'{0x0000000717460720}: 'java.lang.Object java.lang.invoke.DirectMethodHandle$Holder.invokeVirtual(java.lang.Object, java.lang.Object, java.lang.Object, java.lang.Object)'> (0x0000000717460720) 
thrown [open/src/hotspot/share/interpreter/linkResolver.cpp, line 772]
Event: 1.597 Thread 0x00007ff3100028e0 Exception <a 'java/lang/IncompatibleClassChangeError'{0x0000000716d98d80}: Found class java.lang.Object, but interface was expected> (0x0000000716d98d80) 
thrown [open/src/hotspot/share/interpreter/linkResolver.cpp, line 840]

ZGC Phase Switch (0 events):
No events

VM Operations (20 events):
Event: 1.073 Executing VM operation: ICBufferFull
Event: 1.073 Executing VM operation: ICBufferFull done
Event: 1.100 Executing VM operation: HandshakeAllThreads (Deoptimize)
Event: 1.100 Executing VM operation: HandshakeAllThreads (Deoptimize) done
Event: 1.103 Executing VM operation: HandshakeAllThreads (Deoptimize)
Event: 1.103 Executing VM operation: HandshakeAllThreads (Deoptimize) done
Event: 1.280 Executing VM operation: HandshakeAllThreads (Deoptimize)
Event: 1.280 Executing VM operation: HandshakeAllThreads (Deoptimize) done
Event: 1.324 Executing VM operation: HandshakeAllThreads (Deoptimize)
Event: 1.324 Executing VM operation: HandshakeAllThreads (Deoptimize) done
Event: 1.361 Executing VM operation: HandshakeAllThreads (Deoptimize)
Event: 1.361 Executing VM operation: HandshakeAllThreads (Deoptimize) done
Event: 1.403 Executing VM operation: G1CollectForAllocation (G1 Evacuation Pause)
Event: 1.415 Executing VM operation: G1CollectForAllocation (G1 Evacuation Pause) done
Event: 1.497 Executing VM operation: HandshakeAllThreads (Deoptimize)
Event: 1.497 Executing VM operation: HandshakeAllThreads (Deoptimize) done
Event: 1.565 Executing VM operation: HandshakeAllThreads (Deoptimize)
Event: 1.565 Executing VM operation: HandshakeAllThreads (Deoptimize) done
Event: 1.703 Executing VM operation: ICBufferFull
Event: 1.703 Executing VM operation: ICBufferFull done

Events (20 events):
Event: 0.098 Thread 0x00007ff328101ec0 Thread added: 0x00007ff328101ec0
Event: 0.098 Protecting memory [0x00007ff34e230000,0x00007ff34e234000] with protection modes 0
Event: 0.111 Thread 0x00007ff3240dd4f0 Thread added: 0x00007ff3240dd4f0
Event: 0.112 Protecting memory [0x00007ff34e130000,0x00007ff34e134000] with protection modes 0
Event: 0.195 Thread 0x00007ff3c04c4770 Thread added: 0x00007ff3c04c4770
Event: 0.195 Protecting memory [0x00007ff34e030000,0x00007ff34e034000] with protection modes 0
Event: 0.195 Thread 0x00007ff3c04c5ae0 Thread added: 0x00007ff3c04c5ae0
Event: 0.195 Protecting memory [0x00007ff34df30000,0x00007ff34df34000] with protection modes 0
Event: 0.622 Thread 0x00007ff3c0731f10 Thread added: 0x00007ff3c0731f10
Event: 0.622 Protecting memory [0x00007ff34de30000,0x00007ff34de34000] with protection modes 0
Event: 0.624 Thread 0x00007ff3100028e0 Thread added: 0x00007ff3100028e0
Event: 0.624 Protecting memory [0x00007ff34dd30000,0x00007ff34dd34000] with protection modes 0
Event: 1.075 Thread 0x00007ff304176bf0 Thread added: 0x00007ff304176bf0
Event: 1.075 Protecting memory [0x00007ff34d72b000,0x00007ff34d72f000] with protection modes 0
Event: 1.141 Thread 0x00007ff338000ff0 Thread added: 0x00007ff338000ff0
Event: 1.141 Protecting memory [0x00007ff34d62b000,0x00007ff34d62f000] with protection modes 0
Event: 1.507 Thread 0x00007ff3042d3270 Thread added: 0x00007ff3042d3270
Event: 1.507 Protecting memory [0x00007ff34d329000,0x00007ff34d32d000] with protection modes 0
Event: 1.586 Thread 0x00007ff3042d3270 Thread exited: 0x00007ff3042d3270
Event: 1.586 Thread 0x00007ff304176bf0 Thread exited: 0x00007ff304176bf0


Dynamic libraries:
708200000-717a00000 rw-p 00000000 00:00 0 
717a00000-7ffe00000 ---p 00000000 00:00 0 
7ffe00000-7fff08000 rw-p 00ce5000 08:02 20848565                         /home/divum/.jdks/openjdk-21.0.2/lib/server/classes.jsa
7fff08000-800000000 rw-p 00000000 00:00 0 
55f7d896b000-55f7d896c000 r-xp 00000000 08:02 20848070                   /home/divum/.jdks/openjdk-21.0.2/bin/java
55f7d896d000-55f7d896e000 r--p 00001000 08:02 20848070                   /home/divum/.jdks/openjdk-21.0.2/bin/java
55f7d896e000-55f7d896f000 rw-p 00002000 08:02 20848070                   /home/divum/.jdks/openjdk-21.0.2/bin/java
55f7d9ebf000-55f7d9f07000 rw-p 00000000 00:00 0                          [heap]
7ff2dc000000-7ff2dc05d000 rw-p 00000000 00:00 0 
7ff2dc05d000-7ff2e0000000 ---p 00000000 00:00 0 
7ff2e4000000-7ff2e4021000 rw-p 00000000 00:00 0 
7ff2e4021000-7ff2e8000000 ---p 00000000 00:00 0 
7ff2e8000000-7ff2e8021000 rw-p 00000000 00:00 0 
7ff2e8021000-7ff2ec000000 ---p 00000000 00:00 0 
7ff2ec000000-7ff2ec275000 rw-p 00000000 00:00 0 
7ff2ec275000-7ff2f0000000 ---p 00000000 00:00 0 
7ff2f0000000-7ff2f0026000 rw-p 00000000 00:00 0 
7ff2f0026000-7ff2f4000000 ---p 00000000 00:00 0 
7ff2f4000000-7ff2f4021000 rw-p 00000000 00:00 0 
7ff2f4021000-7ff2f8000000 ---p 00000000 00:00 0 
7ff2f8000000-7ff2f8021000 rw-p 00000000 00:00 0 
7ff2f8021000-7ff2fc000000 ---p 00000000 00:00 0 
7ff2fc000000-7ff2fc021000 rw-p 00000000 00:00 0 
7ff2fc021000-7ff300000000 ---p 00000000 00:00 0 
7ff300000000-7ff300021000 rw-p 00000000 00:00 0 
7ff300021000-7ff304000000 ---p 00000000 00:00 0 
7ff304000000-7ff30445f000 rw-p 00000000 00:00 0 
7ff30445f000-7ff308000000 ---p 00000000 00:00 0 
7ff308000000-7ff308021000 rw-p 00000000 00:00 0 
7ff308021000-7ff30c000000 ---p 00000000 00:00 0 
7ff30c000000-7ff30c021000 rw-p 00000000 00:00 0 
7ff30c021000-7ff310000000 ---p 00000000 00:00 0 
7ff310000000-7ff310021000 rw-p 00000000 00:00 0 
7ff310021000-7ff314000000 ---p 00000000 00:00 0 
7ff314000000-7ff314990000 rw-p 00000000 00:00 0 
7ff314990000-7ff318000000 ---p 00000000 00:00 0 
7ff318000000-7ff318021000 rw-p 00000000 00:00 0 
7ff318021000-7ff31c000000 ---p 00000000 00:00 0 
7ff31c000000-7ff31c021000 rw-p 00000000 00:00 0 
7ff31c021000-7ff320000000 ---p 00000000 00:00 0 
7ff320000000-7ff320727000 rw-p 00000000 00:00 0 
7ff320727000-7ff324000000 ---p 00000000 00:00 0 
7ff324000000-7ff324cbc000 rw-p 00000000 00:00 0 
7ff324cbc000-7ff328000000 ---p 00000000 00:00 0 
7ff328000000-7ff328902000 rw-p 00000000 00:00 0 
7ff328902000-7ff32c000000 ---p 00000000 00:00 0 
7ff32c000000-7ff32c021000 rw-p 00000000 00:00 0 
7ff32c021000-7ff330000000 ---p 00000000 00:00 0 
7ff330000000-7ff330021000 rw-p 00000000 00:00 0 
7ff330021000-7ff334000000 ---p 00000000 00:00 0 
7ff334000000-7ff334021000 rw-p 00000000 00:00 0 
7ff334021000-7ff338000000 ---p 00000000 00:00 0 
7ff338000000-7ff338021000 rw-p 00000000 00:00 0 
7ff338021000-7ff33c000000 ---p 00000000 00:00 0 
7ff33c000000-7ff33c021000 rw-p 00000000 00:00 0 
7ff33c021000-7ff340000000 ---p 00000000 00:00 0 
7ff340000000-7ff340021000 rw-p 00000000 00:00 0 
7ff340021000-7ff344000000 ---p 00000000 00:00 0 
7ff344000000-7ff3443f0000 rw-p 00000000 00:00 0 
7ff3443f0000-7ff344af0000 rw-p 00000000 00:00 0 
7ff344af0000-7ff344bf0000 rw-p 00000000 00:00 0 
7ff344bf0000-7ff344f70000 rw-p 00000000 00:00 0 
7ff344f70000-7ff344fe0000 rw-p 00000000 00:00 0 
7ff344fe0000-7ff345000000 ---p 00000000 00:00 0 
7ff345000000-7ff345140000 rw-p 00000000 00:00 0 
7ff345140000-7ff348000000 ---p 00000000 00:00 0 
7ff348000000-7ff348021000 rw-p 00000000 00:00 0 
7ff348021000-7ff34c000000 ---p 00000000 00:00 0 
7ff34d070000-7ff34d329000 rw-p 00000000 00:00 0 
7ff34d329000-7ff34d32d000 ---p 00000000 00:00 0 
7ff34d32d000-7ff34d429000 rw-p 00000000 00:00 0 
7ff34d429000-7ff34d42a000 ---p 00000000 00:00 0 
7ff34d42a000-7ff34d52a000 rw-p 00000000 00:00 0 
7ff34d52a000-7ff34d52b000 ---p 00000000 00:00 0 
7ff34d52b000-7ff34d62b000 rw-p 00000000 00:00 0 
7ff34d62b000-7ff34d62f000 ---p 00000000 00:00 0 
7ff34d62f000-7ff34d72b000 rw-p 00000000 00:00 0 
7ff34d72b000-7ff34d72f000 ---p 00000000 00:00 0 
7ff34d72f000-7ff34d82b000 rw-p 00000000 00:00 0 
7ff34d82b000-7ff34d82c000 ---p 00000000 00:00 0 
7ff34d82c000-7ff34d92c000 rw-p 00000000 00:00 0 
7ff34d92c000-7ff34d92d000 ---p 00000000 00:00 0 
7ff34d92d000-7ff34da2d000 rw-p 00000000 00:00 0 
7ff34da2d000-7ff34da2e000 ---p 00000000 00:00 0 
7ff34da2e000-7ff34db2e000 rw-p 00000000 00:00 0 
7ff34db2e000-7ff34db2f000 ---p 00000000 00:00 0 
7ff34db2f000-7ff34dc2f000 rw-p 00000000 00:00 0 
7ff34dc2f000-7ff34dc30000 ---p 00000000 00:00 0 
7ff34dc30000-7ff34dd30000 rw-p 00000000 00:00 0 
7ff34dd30000-7ff34dd34000 ---p 00000000 00:00 0 
7ff34dd34000-7ff34de30000 rw-p 00000000 00:00 0 
7ff34de30000-7ff34de34000 ---p 00000000 00:00 0 
7ff34de34000-7ff34df30000 rw-p 00000000 00:00 0 
7ff34df30000-7ff34df34000 ---p 00000000 00:00 0 
7ff34df34000-7ff34e030000 rw-p 00000000 00:00 0 
7ff34e030000-7ff34e034000 ---p 00000000 00:00 0 
7ff34e034000-7ff34e130000 rw-p 00000000 00:00 0 
7ff34e130000-7ff34e134000 ---p 00000000 00:00 0 
7ff34e134000-7ff34e230000 rw-p 00000000 00:00 0 
7ff34e230000-7ff34e234000 ---p 00000000 00:00 0 
7ff34e234000-7ff34e330000 rw-p 00000000 00:00 0 
7ff34e330000-7ff34e334000 ---p 00000000 00:00 0 
7ff34e334000-7ff34e430000 rw-p 00000000 00:00 0 
7ff34e430000-7ff34e4fe000 r-xp 00000000 08:02 20848539                   /home/divum/.jdks/openjdk-21.0.2/lib/libjsvml.so
7ff34e4fe000-7ff34e4ff000 r--p 000cd000 08:02 20848539                   /home/divum/.jdks/openjdk-21.0.2/lib/libjsvml.so
7ff34e4ff000-7ff34e500000 rw-p 000ce000 08:02 20848539                   /home/divum/.jdks/openjdk-21.0.2/lib/libjsvml.so
7ff34e500000-7ff34e504000 ---p 00000000 00:00 0 
7ff34e504000-7ff34e600000 rw-p 00000000 00:00 0 
7ff34e600000-7ff34e604000 ---p 00000000 00:00 0 
7ff34e604000-7ff34e700000 rw-p 00000000 00:00 0 
7ff34e700000-7ff34e704000 ---p 00000000 00:00 0 
7ff34e704000-7ff34e800000 rw-p 00000000 00:00 0 
7ff34e800000-7ff34e804000 ---p 00000000 00:00 0 
7ff34e804000-7ff34e900000 rw-p 00000000 00:00 0 
7ff34e900000-7ff34e904000 ---p 00000000 00:00 0 
7ff34e904000-7ff34ea00000 rw-p 00000000 00:00 0 
7ff34ea00000-7ff34ef74000 r--p 00000000 08:02 10485996                   /usr/lib/locale/locale-archive
7ff34f000000-7ff34fca6000 rw-p 00001000 08:02 20848565                   /home/divum/.jdks/openjdk-21.0.2/lib/server/classes.jsa
7ff34fca6000-7ff350000000 ---p 00000000 00:00 0 
7ff350000000-7ff350030000 rw-p 00000000 00:00 0 
7ff350030000-7ff3500b0000 rw-p 00000000 00:00 0 
7ff3500b0000-7ff3500f0000 rw-p 00000000 00:00 0 
7ff3500f0000-7ff350230000 rw-p 00000000 00:00 0 
7ff350230000-7ff350250000 rw-p 00000000 00:00 0 
7ff350250000-7ff350280000 ---p 00000000 00:00 0 
7ff350280000-7ff3502a0000 rw-p 00000000 00:00 0 
7ff3502a0000-7ff390000000 ---p 00000000 00:00 0 
7ff390000000-7ff390021000 rw-p 00000000 00:00 0 
7ff390021000-7ff394000000 ---p 00000000 00:00 0 
7ff394000000-7ff394021000 rw-p 00000000 00:00 0 
7ff394021000-7ff398000000 ---p 00000000 00:00 0 
7ff398000000-7ff398021000 rw-p 00000000 00:00 0 
7ff398021000-7ff39c000000 ---p 00000000 00:00 0 
7ff39c000000-7ff39c021000 rw-p 00000000 00:00 0 
7ff39c021000-7ff3a0000000 ---p 00000000 00:00 0 
7ff3a0000000-7ff3a0021000 rw-p 00000000 00:00 0 
7ff3a0021000-7ff3a4000000 ---p 00000000 00:00 0 
7ff3a407e000-7ff3a4082000 ---p 00000000 00:00 0 
7ff3a4082000-7ff3a417e000 rw-p 00000000 00:00 0 
7ff3a417e000-7ff3a4182000 ---p 00000000 00:00 0 
7ff3a4182000-7ff3a427e000 rw-p 00000000 00:00 0 
7ff3a427e000-7ff3a427f000 ---p 00000000 00:00 0 
7ff3a427f000-7ff3a437f000 rw-p 00000000 00:00 0 
7ff3a437f000-7ff3a4380000 ---p 00000000 00:00 0 
7ff3a4380000-7ff3a4501000 rw-p 00000000 00:00 0 
7ff3a4501000-7ff3a4502000 ---p 00000000 00:00 0 
7ff3a4502000-7ff3a4602000 rw-p 00000000 00:00 0 
7ff3a4602000-7ff3a4603000 ---p 00000000 00:00 0 
7ff3a4603000-7ff3a4fe8000 rw-p 00000000 00:00 0 
7ff3a4fe8000-7ff3a89f8000 ---p 00000000 00:00 0 
7ff3a89f8000-7ff3a8a00000 rw-p 00000000 00:00 0 
7ff3a8a00000-7ff3a8f10000 rwxp 00000000 00:00 0 
7ff3a8f10000-7ff3aff37000 ---p 00000000 00:00 0 
7ff3aff37000-7ff3b01a7000 rwxp 00000000 00:00 0 
7ff3b01a7000-7ff3b04c9000 ---p 00000000 00:00 0 
7ff3b04c9000-7ff3b0739000 rwxp 00000000 00:00 0 
7ff3b0739000-7ff3b7a00000 ---p 00000000 00:00 0 
7ff3b7a00000-7ff3bfecf000 r--s 00000000 08:02 20848556                   /home/divum/.jdks/openjdk-21.0.2/lib/modules
7ff3bfee2000-7ff3bfee9000 r--s 00000000 08:02 11143631                   /usr/lib/x86_64-linux-gnu/gconv/gconv-modules.cache
7ff3bfee9000-7ff3bfeee000 r-xp 00000000 08:02 20848544                   /home/divum/.jdks/openjdk-21.0.2/lib/libmanagement_ext.so
7ff3bfeee000-7ff3bfeef000 ---p 00005000 08:02 20848544                   /home/divum/.jdks/openjdk-21.0.2/lib/libmanagement_ext.so
7ff3bfeef000-7ff3bfef0000 r--p 00005000 08:02 20848544                   /home/divum/.jdks/openjdk-21.0.2/lib/libmanagement_ext.so
7ff3bfef0000-7ff3bfef1000 rw-p 00006000 08:02 20848544                   /home/divum/.jdks/openjdk-21.0.2/lib/libmanagement_ext.so
7ff3bfef1000-7ff3bfefd000 r-xp 00000000 08:02 20848546                   /home/divum/.jdks/openjdk-21.0.2/lib/libnet.so
7ff3bfefd000-7ff3bfefe000 r--p 0000b000 08:02 20848546                   /home/divum/.jdks/openjdk-21.0.2/lib/libnet.so
7ff3bfefe000-7ff3bfeff000 rw-p 0000c000 08:02 20848546                   /home/divum/.jdks/openjdk-21.0.2/lib/libnet.so
7ff3bfeff000-7ff3c0738000 rw-p 00000000 00:00 0 
7ff3c0738000-7ff3c4000000 ---p 00000000 00:00 0 
7ff3c4003000-7ff3c62a1000 rw-p 00000000 00:00 0 
7ff3c62a1000-7ff3c62a2000 ---p 00000000 00:00 0 
7ff3c62a2000-7ff3c63a2000 rw-p 00000000 00:00 0 
7ff3c63a2000-7ff3c63a3000 ---p 00000000 00:00 0 
7ff3c63a3000-7ff3c64a3000 rw-p 00000000 00:00 0 
7ff3c64a3000-7ff3c64a4000 ---p 00000000 00:00 0 
7ff3c64a4000-7ff3c6620000 rw-p 00000000 00:00 0 
7ff3c6620000-7ff3c6d62000 ---p 00000000 00:00 0 
7ff3c6d62000-7ff3c6ddf000 rw-p 00000000 00:00 0 
7ff3c6ddf000-7ff3c7521000 ---p 00000000 00:00 0 
7ff3c7521000-7ff3c7d2f000 rw-p 00000000 00:00 0 
7ff3c7d2f000-7ff3c7e15000 ---p 00000000 00:00 0 
7ff3c7e15000-7ff3c7e20000 rw-p 00000000 00:00 0 
7ff3c7e20000-7ff3c7f00000 ---p 00000000 00:00 0 
7ff3c7f00000-7ff3c7f04000 ---p 00000000 00:00 0 
7ff3c7f04000-7ff3c8000000 rw-p 00000000 00:00 0 
7ff3c8000000-7ff3c9312000 r-xp 00000000 08:02 20848568                   /home/divum/.jdks/openjdk-21.0.2/lib/server/libjvm.so
7ff3c9312000-7ff3c9313000 ---p 01312000 08:02 20848568                   /home/divum/.jdks/openjdk-21.0.2/lib/server/libjvm.so
7ff3c9313000-7ff3c93e0000 r--p 01312000 08:02 20848568                   /home/divum/.jdks/openjdk-21.0.2/lib/server/libjvm.so
7ff3c93e0000-7ff3c940e000 rw-p 013df000 08:02 20848568                   /home/divum/.jdks/openjdk-21.0.2/lib/server/libjvm.so
7ff3c940e000-7ff3c9474000 rw-p 00000000 00:00 0 
7ff3c9477000-7ff3c948b000 r-xp 00000000 08:02 20848547                   /home/divum/.jdks/openjdk-21.0.2/lib/libnio.so
7ff3c948b000-7ff3c948c000 r--p 00013000 08:02 20848547                   /home/divum/.jdks/openjdk-21.0.2/lib/libnio.so
7ff3c948c000-7ff3c948d000 rw-p 00014000 08:02 20848547                   /home/divum/.jdks/openjdk-21.0.2/lib/libnio.so
7ff3c948d000-7ff3c9494000 r-xp 00000000 08:02 20848555                   /home/divum/.jdks/openjdk-21.0.2/lib/libzip.so
7ff3c9494000-7ff3c9495000 ---p 00007000 08:02 20848555                   /home/divum/.jdks/openjdk-21.0.2/lib/libzip.so
7ff3c9495000-7ff3c9496000 r--p 00007000 08:02 20848555                   /home/divum/.jdks/openjdk-21.0.2/lib/libzip.so
7ff3c9496000-7ff3c9497000 rw-p 00008000 08:02 20848555                   /home/divum/.jdks/openjdk-21.0.2/lib/libzip.so
7ff3c9497000-7ff3c9517000 rw-p 00000000 00:00 0 
7ff3c9517000-7ff3c9525000 r--p 00000000 08:02 10485966                   /usr/lib/x86_64-linux-gnu/libm.so.6
7ff3c9525000-7ff3c95a3000 r-xp 0000e000 08:02 10485966                   /usr/lib/x86_64-linux-gnu/libm.so.6
7ff3c95a3000-7ff3c95fe000 r--p 0008c000 08:02 10485966                   /usr/lib/x86_64-linux-gnu/libm.so.6
7ff3c95fe000-7ff3c95ff000 r--p 000e6000 08:02 10485966                   /usr/lib/x86_64-linux-gnu/libm.so.6
7ff3c95ff000-7ff3c9600000 rw-p 000e7000 08:02 10485966                   /usr/lib/x86_64-linux-gnu/libm.so.6
7ff3c9600000-7ff3c9622000 r--p 00000000 08:02 10485941                   /usr/lib/x86_64-linux-gnu/libc.so.6
7ff3c9622000-7ff3c979a000 r-xp 00022000 08:02 10485941                   /usr/lib/x86_64-linux-gnu/libc.so.6
7ff3c979a000-7ff3c97f2000 r--p 0019a000 08:02 10485941                   /usr/lib/x86_64-linux-gnu/libc.so.6
7ff3c97f2000-7ff3c97f6000 r--p 001f1000 08:02 10485941                   /usr/lib/x86_64-linux-gnu/libc.so.6
7ff3c97f6000-7ff3c97f8000 rw-p 001f5000 08:02 10485941                   /usr/lib/x86_64-linux-gnu/libc.so.6
7ff3c97f8000-7ff3c9805000 rw-p 00000000 00:00 0 
7ff3c9808000-7ff3c980c000 r-xp 00000000 08:02 20848542                   /home/divum/.jdks/openjdk-21.0.2/lib/libmanagement.so
7ff3c980c000-7ff3c980d000 r--p 00003000 08:02 20848542                   /home/divum/.jdks/openjdk-21.0.2/lib/libmanagement.so
7ff3c980d000-7ff3c980e000 rw-p 00004000 08:02 20848542                   /home/divum/.jdks/openjdk-21.0.2/lib/libmanagement.so
7ff3c980e000-7ff3c9813000 rw-p 00000000 00:00 0 
7ff3c9813000-7ff3c981a000 ---p 00000000 00:00 0 
7ff3c981a000-7ff3c9822000 rw-s 00000000 08:02 26115143                   /tmp/hsperfdata_divum/14446
7ff3c9822000-7ff3c9842000 r-xp 00000000 08:02 20848531                   /home/divum/.jdks/openjdk-21.0.2/lib/libjava.so
7ff3c9842000-7ff3c9843000 ---p 00020000 08:02 20848531                   /home/divum/.jdks/openjdk-21.0.2/lib/libjava.so
7ff3c9843000-7ff3c9844000 r--p 00020000 08:02 20848531                   /home/divum/.jdks/openjdk-21.0.2/lib/libjava.so
7ff3c9844000-7ff3c9845000 rw-p 00021000 08:02 20848531                   /home/divum/.jdks/openjdk-21.0.2/lib/libjava.so
7ff3c9845000-7ff3c9846000 rw-p 00000000 00:00 0 
7ff3c9846000-7ff3c9861000 r-xp 00000000 08:02 20848535                   /home/divum/.jdks/openjdk-21.0.2/lib/libjimage.so
7ff3c9861000-7ff3c9862000 ---p 0001b000 08:02 20848535                   /home/divum/.jdks/openjdk-21.0.2/lib/libjimage.so
7ff3c9862000-7ff3c9864000 r--p 0001b000 08:02 20848535                   /home/divum/.jdks/openjdk-21.0.2/lib/libjimage.so
7ff3c9864000-7ff3c9865000 rw-p 0001d000 08:02 20848535                   /home/divum/.jdks/openjdk-21.0.2/lib/libjimage.so
7ff3c9865000-7ff3c9866000 r--p 00000000 08:02 10486170                   /usr/lib/x86_64-linux-gnu/librt.so.1
7ff3c9866000-7ff3c9867000 r-xp 00001000 08:02 10486170                   /usr/lib/x86_64-linux-gnu/librt.so.1
7ff3c9867000-7ff3c9868000 r--p 00002000 08:02 10486170                   /usr/lib/x86_64-linux-gnu/librt.so.1
7ff3c9868000-7ff3c9869000 r--p 00002000 08:02 10486170                   /usr/lib/x86_64-linux-gnu/librt.so.1
7ff3c9869000-7ff3c986a000 rw-p 00003000 08:02 10486170                   /usr/lib/x86_64-linux-gnu/librt.so.1
7ff3c986a000-7ff3c986e000 rw-p 00000000 00:00 0 
7ff3c986e000-7ff3c986f000 r--p 00000000 08:02 10485964                   /usr/lib/x86_64-linux-gnu/libdl.so.2
7ff3c986f000-7ff3c9870000 r-xp 00001000 08:02 10485964                   /usr/lib/x86_64-linux-gnu/libdl.so.2
7ff3c9870000-7ff3c9871000 r--p 00002000 08:02 10485964                   /usr/lib/x86_64-linux-gnu/libdl.so.2
7ff3c9871000-7ff3c9872000 r--p 00002000 08:02 10485964                   /usr/lib/x86_64-linux-gnu/libdl.so.2
7ff3c9872000-7ff3c9873000 rw-p 00003000 08:02 10485964                   /usr/lib/x86_64-linux-gnu/libdl.so.2
7ff3c9873000-7ff3c9874000 r--p 00000000 08:02 10486164                   /usr/lib/x86_64-linux-gnu/libpthread.so.0
7ff3c9874000-7ff3c9875000 r-xp 00001000 08:02 10486164                   /usr/lib/x86_64-linux-gnu/libpthread.so.0
7ff3c9875000-7ff3c9876000 r--p 00002000 08:02 10486164                   /usr/lib/x86_64-linux-gnu/libpthread.so.0
7ff3c9876000-7ff3c9877000 r--p 00002000 08:02 10486164                   /usr/lib/x86_64-linux-gnu/libpthread.so.0
7ff3c9877000-7ff3c9878000 rw-p 00003000 08:02 10486164                   /usr/lib/x86_64-linux-gnu/libpthread.so.0
7ff3c9878000-7ff3c9886000 r-xp 00000000 08:02 20848536                   /home/divum/.jdks/openjdk-21.0.2/lib/libjli.so
7ff3c9886000-7ff3c9887000 ---p 0000e000 08:02 20848536                   /home/divum/.jdks/openjdk-21.0.2/lib/libjli.so
7ff3c9887000-7ff3c9888000 r--p 0000e000 08:02 20848536                   /home/divum/.jdks/openjdk-21.0.2/lib/libjli.so
7ff3c9888000-7ff3c9889000 rw-p 0000f000 08:02 20848536                   /home/divum/.jdks/openjdk-21.0.2/lib/libjli.so
7ff3c9889000-7ff3c988c000 r--p 00000000 08:02 10491933                   /usr/lib/x86_64-linux-gnu/libz.so.1.2.13
7ff3c988c000-7ff3c989e000 r-xp 00003000 08:02 10491933                   /usr/lib/x86_64-linux-gnu/libz.so.1.2.13
7ff3c989e000-7ff3c98a5000 r--p 00015000 08:02 10491933                   /usr/lib/x86_64-linux-gnu/libz.so.1.2.13
7ff3c98a5000-7ff3c98a6000 r--p 0001b000 08:02 10491933                   /usr/lib/x86_64-linux-gnu/libz.so.1.2.13
7ff3c98a6000-7ff3c98a7000 rw-p 0001c000 08:02 10491933                   /usr/lib/x86_64-linux-gnu/libz.so.1.2.13
7ff3c98a7000-7ff3c98a9000 r-xp 00000000 08:02 20848524                   /home/divum/.jdks/openjdk-21.0.2/lib/libextnet.so
7ff3c98a9000-7ff3c98aa000 r--p 00001000 08:02 20848524                   /home/divum/.jdks/openjdk-21.0.2/lib/libextnet.so
7ff3c98aa000-7ff3c98ab000 rw-p 00002000 08:02 20848524                   /home/divum/.jdks/openjdk-21.0.2/lib/libextnet.so
7ff3c98ab000-7ff3c98b5000 r-xp 00000000 08:02 20848526                   /home/divum/.jdks/openjdk-21.0.2/lib/libinstrument.so
7ff3c98b5000-7ff3c98b6000 ---p 0000a000 08:02 20848526                   /home/divum/.jdks/openjdk-21.0.2/lib/libinstrument.so
7ff3c98b6000-7ff3c98b7000 r--p 0000a000 08:02 20848526                   /home/divum/.jdks/openjdk-21.0.2/lib/libinstrument.so
7ff3c98b7000-7ff3c98b8000 rw-p 0000b000 08:02 20848526                   /home/divum/.jdks/openjdk-21.0.2/lib/libinstrument.so
7ff3c98b8000-7ff3c98b9000 ---p 00000000 00:00 0 
7ff3c98b9000-7ff3c98ba000 r--p 00000000 00:00 0 
7ff3c98ba000-7ff3c98bb000 ---p 00000000 00:00 0 
7ff3c98bb000-7ff3c98bd000 rw-p 00000000 00:00 0 
7ff3c98bd000-7ff3c98be000 r--p 00000000 08:02 10485844                   /usr/lib/x86_64-linux-gnu/ld-linux-x86-64.so.2
7ff3c98be000-7ff3c98e6000 r-xp 00001000 08:02 10485844                   /usr/lib/x86_64-linux-gnu/ld-linux-x86-64.so.2
7ff3c98e6000-7ff3c98f0000 r--p 00029000 08:02 10485844                   /usr/lib/x86_64-linux-gnu/ld-linux-x86-64.so.2
7ff3c98f0000-7ff3c98f2000 r--p 00033000 08:02 10485844                   /usr/lib/x86_64-linux-gnu/ld-linux-x86-64.so.2
7ff3c98f2000-7ff3c98f4000 rw-p 00035000 08:02 10485844                   /usr/lib/x86_64-linux-gnu/ld-linux-x86-64.so.2
7ffcab5c9000-7ffcab5ec000 rw-p 00000000 00:00 0                          [stack]
7ffcab5fa000-7ffcab5fe000 r--p 00000000 00:00 0                          [vvar]
7ffcab5fe000-7ffcab600000 r-xp 00000000 00:00 0                          [vdso]
ffffffffff600000-ffffffffff601000 --xp 00000000 00:00 0                  [vsyscall]
Total number of mappings: 268


VM Arguments:
jvm_args: --enable-preview -javaagent:/snap/intellij-idea-community/502/lib/idea_rt.jar=44673:/snap/intellij-idea-community/502/bin -Dfile.encoding=UTF-8 -Dsun.stdout.encoding=UTF-8 -Dsun.stderr.encoding=UTF-8 
java_command: com.postgresql.learnhub.LearnhubApplication
java_class_path (initial): /home/divum/Documents/learn/next/learnhub/target/classes:/home/divum/.m2/repository/org/springframework/boot/spring-boot-starter-data-jpa/3.2.5/spring-boot-starter-data-jpa-3.2.5.jar:/home/divum/.m2/repository/org/springframework/boot/spring-boot-starter-aop/3.2.5/spring-boot-starter-aop-3.2.5.jar:/home/divum/.m2/repository/org/springframework/spring-aop/6.1.6/spring-aop-6.1.6.jar:/home/divum/.m2/repository/org/aspectj/aspectjweaver/1.9.22/aspectjweaver-1.9.22.jar:/home/divum/.m2/repository/org/springframework/boot/spring-boot-starter-jdbc/3.2.5/spring-boot-starter-jdbc-3.2.5.jar:/home/divum/.m2/repository/com/zaxxer/HikariCP/5.0.1/HikariCP-5.0.1.jar:/home/divum/.m2/repository/org/springframework/spring-jdbc/6.1.6/spring-jdbc-6.1.6.jar:/home/divum/.m2/repository/org/hibernate/orm/hibernate-core/6.4.4.Final/hibernate-core-6.4.4.Final.jar:/home/divum/.m2/repository/jakarta/persistence/jakarta.persistence-api/3.1.0/jakarta.persistence-api-3.1.0.jar:/home/divum/.m2/repository/jakarta/transaction/jakarta.transaction-api/2.0.1/jakarta.transaction-api-2.0.1.jar:/home/divum/.m2/repository/org/jboss/logging/jboss-logging/3.5.3.Final/jboss-logging-3.5.3.Final.jar:/home/divum/.m2/repository/org/hibernate/common/hibernate-commons-annotations/6.0.6.Final/hibernate-commons-annotations-6.0.6.Final.jar:/home/divum/.m2/repository/io/smallrye/jandex/3.1.2/jandex-3.1.2.jar:/home/divum/.m2/repository/com/fasterxml/classmate/1.6.0/classmate-1.6.0.jar:/home/divum/.m2/repository/net/bytebuddy/byte-buddy/1.14.13/byte-buddy-1.14.13.jar:/home/divum/.m2/repository/org/glassfish/jaxb/jaxb-runtime/4.0.5/jaxb-runtime-4.0.5.jar:/home/divum/.m2/repository/org/glassfish/jaxb/jaxb-core/4.0.5/jaxb-core-4.0.5.jar:/home/divum/.m2/repository/org/eclipse/angus/angus-activation/2.0.2/angus-activation-2.0.2.jar:/home/divum/.m2/repository/org/glassfish/jaxb/txw2/4.0.5/txw2-4.0.5.jar:/home/divum/.m2/repository/com/sun/istack/istack-commons-runtime/4.1.2/istack-commons-runtime-4.1.2.jar:/home/divum/.m2/repository/jakarta/inject/jakarta.inject-api/2.0.1/jakarta.inject-api-2.0.1.jar:/home/divum/.m2/repository/org/antlr/antlr4-runtime/4.13.0/antlr4-runtime-4.13.0.jar:/home/divum/.m2/repository/org/springframework/data/spring-data-jpa/3.2.5/spring-data-jpa-3.2.5.jar:/home/divum/.m2/repository/org/springframework/data/spring-data-commons/3.2.5/spring-data-commons-3.2.5.jar:/home/divum/.m2/repository/org/springframework/spring-orm/6.1.6/spring-orm-6.1.6.jar:/home/divum/.m2/repository/org/springframework/spring-context/6.1.6/spring-context-6.1.6.jar:/home/divum/.m2/repository/org/springframework/spring-tx/6.1.6/spring-tx-6.1.6.jar:/home/divum/.m2/repository/org/springframework/spring-beans/6.1.6/spring-beans-6.1.6.jar:/home/divum/.m2/repository/jakarta/annotation/jakarta.annotation-api/2.1.1/jakarta.annotation-api-2.1.1.jar:/home/divum/.m2/repository/org/slf4j/slf4j-api/2.0.13/slf4j-api-2.0.13.jar:/home/divum/.m2/repository/org/springframework/spring-aspects/6.1.6/spring-aspects-6.1.6.jar:/home/divum/.m2/repository/org/springframework/boot/spring-boot-starter-data-rest/3.2.5/spring-boot-starter-data-rest-3.2.5.jar:/home/divum/.m2/repository/org/springframework/data/spring-data-rest-webmvc/4.2.5/spring-data-rest-webmvc-4.2.5.jar:/home/divum/.m2/repository/org/springframework/data/spring-data-rest-core/4.2.5/spring-data-rest-core-4.2.5.jar:/home/divum/.m2/repository/org/springframework/hateoas/spring-hateoas/2.2.2/spring-hateoas-2.2.2.jar:/home/divum/.m2/repository/org/springframework/plugin/spring-plugin-core/3.0.0/spring-plugin-core-3.0.0.jar:/home/divum/.m2/repository/org/atteo/evo-inflector/1.3/evo-inflector-1.3.jar:/home/divum/.m2/repository/com/fasterxml/jackson/core/jackson-databind/2.15.4/jackson-databind-2.15.4.jar:/home/divum/.m2/repository/com/fasterxml/jackson/core/jackson-core/2.15.4/jackson-core-2.15.4.jar:/home/divum/.m2/repository/com/fasterxml/jackson/core/jackson-annotations/2.15.4/jackson-annotations-2.15.4.jar:/home/divum/.m2/repository/org/springframework/boot/spring-boot-starter-web/3.2.5/spring-boot-starter-web-3.2.5.jar:/home/divum/.m2/repository/org/springframework/boot/spring-boot-starter/3.2.5/spring-boot-starter-3.2.5.jar:/home/divum/.m2/repository/org/springframework/boot/spring-boot-starter-logging/3.2.5/spring-boot-starter-logging-3.2.5.jar:/home/divum/.m2/repository/ch/qos/logback/logback-classic/1.4.14/logback-classic-1.4.14.jar:/home/divum/.m2/repository/ch/qos/logback/logback-core/1.4.14/logback-core-1.4.14.jar:/home/divum/.m2/repository/org/apache/logging/log4j/log4j-to-slf4j/2.21.1/log4j-to-slf4j-2.21.1.jar:/home/divum/.m2/repository/org/apache/logging/log4j/log4j-api/2.21.1/log4j-api-2.21.1.jar:/home/divum/.m2/repository/org/slf4j/jul-to-slf4j/2.0.13/jul-to-slf4j-2.0.13.jar:/home/divum/.m2/repository/org/yaml/snakeyaml/2.2/snakeyaml-2.2.jar:/home/divum/.m2/repository/org/springframework/boot/spring-boot-starter-json/3.2.5/spring-boot-starter-json-3.2.5.jar:/home/divum/.m2/repository/com/fasterxml/jackson/datatype/jackson-datatype-jdk8/2.15.4/jackson-datatype-jdk8-2.15.4.jar:/home/divum/.m2/repository/com/fasterxml/jackson/datatype/jackson-datatype-jsr310/2.15.4/jackson-datatype-jsr310-2.15.4.jar:/home/divum/.m2/repository/com/fasterxml/jackson/module/jackson-module-parameter-names/2.15.4/jackson-module-parameter-names-2.15.4.jar:/home/divum/.m2/repository/org/springframework/boot/spring-boot-starter-tomcat/3.2.5/spring-boot-starter-tomcat-3.2.5.jar:/home/divum/.m2/repository/org/apache/tomcat/embed/tomcat-embed-core/10.1.20/tomcat-embed-core-10.1.20.jar:/home/divum/.m2/repository/org/apache/tomcat/embed/tomcat-embed-el/10.1.20/tomcat-embed-el-10.1.20.jar:/home/divum/.m2/repository/org/apache/tomcat/embed/tomcat-embed-websocket/10.1.20/tomcat-embed-websocket-10.1.20.jar:/home/divum/.m2/repository/org/springframework/spring-web/6.1.6/spring-web-6.1.6.jar:/home/divum/.m2/repository/io/micrometer/micrometer-observation/1.12.5/micrometer-observation-1.12.5.jar:/home/divum/.m2/repository/io/micrometer/micrometer-commons/1.12.5/micrometer-commons-1.12.5.jar:/home/divum/.m2/repository/org/springframework/spring-webmvc/6.1.6/spring-webmvc-6.1.6.jar:/home/divum/.m2/repository/org/springframework/spring-expression/6.1.6/spring-expression-6.1.6.jar:/home/divum/.m2/repository/org/springframework/boot/spring-boot-devtools/3.2.5/spring-boot-devtools-3.2.5.jar:/home/divum/.m2/repository/org/springframework/boot/spring-boot/3.2.5/spring-boot-3.2.5.jar:/home/divum/.m2/repository/org/springframework/boot/spring-boot-autoconfigure/3.2.5/spring-boot-autoconfigure-3.2.5.jar:/home/divum/.m2/repository/org/postgresql/postgresql/42.6.2/postgresql-42.6.2.jar:/home/divum/.m2/repository/org/checkerframework/checker-qual/3.31.0/checker-qual-3.31.0.jar:/home/divum/.m2/repository/org/projectlombok/lombok/1.18.32/lombok-1.18.32.jar:/home/divum/.m2/repository/com/jayway/jsonpath/json-path/2.9.0/json-path-2.9.0.jar:/home/divum/.m2/repository/jakarta/xml/bind/jakarta.xml.bind-api/4.0.2/jakarta.xml.bind-api-4.0.2.jar:/home/divum/.m2/repository/jakarta/activation/jakarta.activation-api/2.1.3/jakarta.activation-api-2.1.3.jar:/home/divum/.m2/repository/net/minidev/json-smart/2.5.1/json-smart-2.5.1.jar:/home/divum/.m2/repository/net/minidev/accessors-smart/2.5.1/accessors-smart-2.5.1.jar:/home/divum/.m2/repository/org/ow2/asm/asm/9.6/asm-9.6.jar:/home/divum/.m2/repository/org/springframework/spring-core/6.1.6/spring-core-6.1.6.jar:/home/divum/.m2/repository/org/springframework/spring-jcl/6.1.6/spring-jcl-6.1.6.jar
Launcher Type: SUN_STANDARD

[Global flags]
     intx CICompilerCount                          = 4                                         {product} {ergonomic}
     uint ConcGCThreads                            = 2                                         {product} {ergonomic}
     uint G1ConcRefinementThreads                  = 8                                         {product} {ergonomic}
   size_t G1HeapRegionSize                         = 2097152                                   {product} {ergonomic}
    uintx GCDrainStackTargetSize                   = 64                                        {product} {ergonomic}
   size_t InitialHeapSize                          = 260046848                                 {product} {ergonomic}
   size_t MarkStackSize                            = 4194304                                   {product} {ergonomic}
   size_t MaxHeapSize                              = 4158652416                                {product} {ergonomic}
   size_t MaxNewSize                               = 2493513728                                {product} {ergonomic}
   size_t MinHeapDeltaBytes                        = 2097152                                   {product} {ergonomic}
   size_t MinHeapSize                              = 8388608                                   {product} {ergonomic}
    uintx NonNMethodCodeHeapSize                   = 5839372                                {pd product} {ergonomic}
    uintx NonProfiledCodeHeapSize                  = 122909434                              {pd product} {ergonomic}
    uintx ProfiledCodeHeapSize                     = 122909434                              {pd product} {ergonomic}
    uintx ReservedCodeCacheSize                    = 251658240                              {pd product} {ergonomic}
     bool SegmentedCodeCache                       = true                                      {product} {ergonomic}
   size_t SoftMaxHeapSize                          = 4158652416                             {manageable} {ergonomic}
     bool UseCompressedOops                        = true                           {product lp64_product} {ergonomic}
     bool UseG1GC                                  = true                                      {product} {ergonomic}

Logging:
Log output configuration:
 #0: stdout all=warning uptime,level,tags foldmultilines=false
 #1: stderr all=off uptime,level,tags foldmultilines=false

Environment Variables:
PATH=/usr/local/sbin:/usr/local/bin:/usr/sbin:/usr/bin:/sbin:/bin:/usr/games:/usr/local/games:/snap/bin:/snap/bin
USERNAME=divum
SHELL=/bin/bash
DISPLAY=:0
LANG=en_IN

Active Locale:
LC_ALL=en_IN
LC_COLLATE=en_IN
LC_CTYPE=en_IN
LC_MESSAGES=en_IN
LC_MONETARY=en_IN
LC_NUMERIC=en_IN
LC_TIME=en_IN

Signal Handlers:
   SIGSEGV: crash_handler in libjvm.so, mask=11100100010111111101111111111110, flags=SA_RESTART|SA_SIGINFO, unblocked
    SIGBUS: crash_handler in libjvm.so, mask=11100100010111111101111111111110, flags=SA_RESTART|SA_SIGINFO, unblocked
    SIGFPE: crash_handler in libjvm.so, mask=11100100010111111101111111111110, flags=SA_RESTART|SA_SIGINFO, unblocked
   SIGPIPE: javaSignalHandler in libjvm.so, mask=11100100010111111101111111111110, flags=SA_RESTART|SA_SIGINFO, blocked
   SIGXFSZ: javaSignalHandler in libjvm.so, mask=11100100010111111101111111111110, flags=SA_RESTART|SA_SIGINFO, blocked
    SIGILL: crash_handler in libjvm.so, mask=11100100010111111101111111111110, flags=SA_RESTART|SA_SIGINFO, unblocked
   SIGUSR2: SR_handler in libjvm.so, mask=00100000000000000000000000000000, flags=SA_RESTART|SA_SIGINFO, blocked
    SIGHUP: UserHandler in libjvm.so, mask=11100100010111111101111111111110, flags=SA_RESTART|SA_SIGINFO, blocked
    SIGINT: UserHandler in libjvm.so, mask=11100100010111111101111111111110, flags=SA_RESTART|SA_SIGINFO, blocked
   SIGTERM: UserHandler in libjvm.so, mask=11100100010111111101111111111110, flags=SA_RESTART|SA_SIGINFO, blocked
   SIGQUIT: UserHandler in libjvm.so, mask=11100100010111111101111111111110, flags=SA_RESTART|SA_SIGINFO, blocked
   SIGTRAP: crash_handler in libjvm.so, mask=11100100010111111101111111111110, flags=SA_RESTART|SA_SIGINFO, unblocked


Periodic native trim disabled

---------------  S Y S T E M  ---------------

OS:
DISTRIB_ID=Ubuntu
DISTRIB_RELEASE=23.04
DISTRIB_CODENAME=lunar
DISTRIB_DESCRIPTION="Ubuntu 23.04"
uname: Linux 6.2.0-39-generic #40-Ubuntu SMP PREEMPT_DYNAMIC Tue Nov 14 14:18:00 UTC 2023 x86_64
OS uptime: 0 days 1:04 hours
libc: glibc 2.37 NPTL 2.37 
rlimit (soft/hard): STACK 8192k/infinity , CORE 0k/infinity , NPROC 63154/63154 , NOFILE 1048576/1048576 , AS infinity/infinity , CPU infinity/infinity , DATA infinity/infinity , FSIZE infinity/infinity , MEMLOCK 2030332k/2030332k
load average: 1.04 1.73 1.55

/proc/meminfo:
MemTotal:       16242660 kB
MemFree:         1096460 kB
MemAvailable:    6326140 kB
Buffers:          201180 kB
Cached:          5845276 kB
SwapCached:            0 kB
Active:          2514340 kB
Inactive:       11503884 kB
Active(anon):      10736 kB
Inactive(anon):  8660536 kB
Active(file):    2503604 kB
Inactive(file):  2843348 kB
Unevictable:      455116 kB
Mlocked:             184 kB
SwapTotal:       2097148 kB
SwapFree:        2097148 kB
Zswap:                 0 kB
Zswapped:              0 kB
Dirty:              4212 kB
Writeback:             0 kB
AnonPages:       8427232 kB
Mapped:          1817044 kB
Shmem:            699504 kB
KReclaimable:     219056 kB
Slab:             429852 kB
SReclaimable:     219056 kB
SUnreclaim:       210796 kB
KernelStack:       32176 kB
PageTables:       101796 kB
SecPageTables:         0 kB
NFS_Unstable:          0 kB
Bounce:                0 kB
WritebackTmp:          0 kB
CommitLimit:    10218476 kB
Committed_AS:   26479316 kB
VmallocTotal:   34359738367 kB
VmallocUsed:       71440 kB
VmallocChunk:          0 kB
Percpu:             7648 kB
HardwareCorrupted:     0 kB
AnonHugePages:         0 kB
ShmemHugePages:        0 kB
ShmemPmdMapped:        0 kB
FileHugePages:         0 kB
FilePmdMapped:         0 kB
HugePages_Total:       0
HugePages_Free:        0
HugePages_Rsvd:        0
HugePages_Surp:        0
Hugepagesize:       2048 kB
Hugetlb:               0 kB
DirectMap4k:      236196 kB
DirectMap2M:     6979584 kB
DirectMap1G:     9437184 kB

/sys/kernel/mm/transparent_hugepage/enabled: always [madvise] never
/sys/kernel/mm/transparent_hugepage/defrag (defrag/compaction efforts parameter): always defer defer+madvise [madvise] never

Process Memory:
Virtual Size: 7870280K (peak: 7933000K)
Resident Set Size: 171776K (peak: 171776K) (anon: 148300K, file: 23476K, shmem: 0K)
Swapped out: 0K
C-Heap outstanding allocations: 69738K, retained: 8249K
glibc malloc tunables: (default)

/proc/sys/kernel/threads-max (system-wide limit on the number of threads): 126309
/proc/sys/vm/max_map_count (maximum number of memory map areas a process may have): 65530
/proc/sys/kernel/pid_max (system-wide limit on number of process identifiers): 4194304

container (cgroup) information:
container_type: cgroupv2
cpu_cpuset_cpus: not supported
cpu_memory_nodes: not supported
active_processor_count: 8
cpu_quota: not supported
cpu_period: not supported
cpu_shares: not supported
memory_limit_in_bytes: unlimited
memory_and_swap_limit_in_bytes: unlimited
memory_soft_limit_in_bytes: unlimited
memory_usage_in_bytes: 1621916 k
memory_max_usage_in_bytes: not supported
memory_swap_current_in_bytes: unlimited
memory_swap_max_limit_in_bytes: unlimited
maximum number of tasks: 18946
current number of tasks: 153

Steal ticks since vm start: 0
Steal ticks percentage since vm start:  0.000

CPU: total 8 (initial active 8) (4 cores per cpu, 2 threads per core) family 6 model 142 stepping 10 microcode 0xf4, cx8, cmov, fxsr, ht, mmx, 3dnowpref, sse, sse2, sse3, ssse3, sse4.1, sse4.2, popcnt, lzcnt, tsc, tscinvbit, avx, avx2, aes, erms, clmul, bmi1, bmi2, adx, fma, vzeroupper, clflush, clflushopt, rdtscp, f16c
CPU Model and flags from /proc/cpuinfo:
model name	: Intel(R) Core(TM) i7-8650U CPU @ 1.90GHz
flags		: fpu vme de pse tsc msr pae mce cx8 apic sep mtrr pge mca cmov pat pse36 clflush dts acpi mmx fxsr sse sse2 ss ht tm pbe syscall nx pdpe1gb rdtscp lm constant_tsc art arch_perfmon pebs bts rep_good nopl xtopology nonstop_tsc cpuid aperfmperf pni pclmulqdq dtes64 monitor ds_cpl vmx smx est tm2 ssse3 sdbg fma cx16 xtpr pdcm pcid sse4_1 sse4_2 x2apic movbe popcnt tsc_deadline_timer aes xsave avx f16c rdrand lahf_lm abm 3dnowprefetch cpuid_fault epb invpcid_single pti ssbd ibrs ibpb stibp tpr_shadow vnmi flexpriority ept vpid ept_ad fsgsbase tsc_adjust bmi1 avx2 smep bmi2 erms invpcid mpx rdseed adx smap clflushopt intel_pt xsaveopt xsavec xgetbv1 xsaves dtherm ida arat pln pts hwp hwp_notify hwp_act_window hwp_epp md_clear flush_l1d arch_capabilities

Online cpus: 0-7
Offline cpus: 
BIOS frequency limitation: <Not Available>
Frequency switch latency (ns): 0
Available cpu frequencies: <Not Available>
Current governor: powersave
Core performance/turbo boost: <Not Available>

Memory: 4k page, physical 16242660k(6326140k free), swap 2097148k(2097148k free)
Page Sizes: 4k

vm_info: OpenJDK 64-Bit Server VM (21.0.2+13-58) for linux-amd64 JRE (21.0.2+13-58), built on 2024-01-05T18:32:24Z by "mach5one" with gcc 11.2.0

END.
