#
# A fatal error has been detected by the Java Runtime Environment:
#
#  SIGSEGV (0xb) at pc=0x00007f5941906d00, pid=14823, tid=14839
#
# JRE version: OpenJDK Runtime Environment (21.0.2+13) (build 21.0.2+13-58)
# Java VM: OpenJDK 64-Bit Server VM (21.0.2+13-58, mixed mode, sharing, tiered, compressed oops, compressed class ptrs, g1 gc, linux-amd64)
# Problematic frame:
# V  [libjvm.so+0x506d00]  LIRGenerator::state_for(Instruction*, ValueStack*, bool)+0x30
#
# Core dump will be written. Default location: Core dumps may be processed with "/usr/share/apport/apport -p%p -s%s -c%c -d%d -P%P -u%u -g%g -- %E" (or dumping to /home/divum/Documents/learn/next/learnhub/core.14823)
#
# If you would like to submit a bug report, please visit:
#   https://bugreport.java.com/bugreport/crash.jsp
#

---------------  S U M M A R Y ------------

Command Line: --enable-preview -javaagent:/snap/intellij-idea-community/502/lib/idea_rt.jar=38635:/snap/intellij-idea-community/502/bin -Dfile.encoding=UTF-8 -Dsun.stdout.encoding=UTF-8 -Dsun.stderr.encoding=UTF-8 com.postgresql.learnhub.LearnhubApplication

Host: Intel(R) Core(TM) i7-8650U CPU @ 1.90GHz, 8 cores, 15G, Ubuntu 23.04
Time: Wed May 29 11:12:28 2024 IST elapsed time: 0.497772 seconds (0d 0h 0m 0s)

---------------  T H R E A D  ---------------

Current thread (0x00007f593c1731b0):  JavaThread "C1 CompilerThread0" daemon [_thread_in_native, id=14839, stack(0x00007f5910a00000,0x00007f5910b00000) (1024K)]


Current CompileTask:
C1:    497  754       3       java.net.URLStreamHandler::parseURL (1124 bytes)

Stack: [0x00007f5910a00000,0x00007f5910b00000],  sp=0x00007f5910afdb80,  free space=1014k
Native frames: (J=compiled Java code, j=interpreted, Vv=VM code, C=native code)
V  [libjvm.so+0x506d00]  LIRGenerator::state_for(Instruction*, ValueStack*, bool)+0x30
V  [libjvm.so+0x516725]  LIRGenerator::do_Constant(Constant*)+0x35
V  [libjvm.so+0x506cb5]  LIRGenerator::walk(Instruction*)+0x55
V  [libjvm.so+0x526b28]  LIRGenerator::do_ArithmeticOp_Int(ArithmeticOp*)+0x458
V  [libjvm.so+0x508340]  non-virtual thunk to LIRGenerator::block_do(BlockBegin*)+0xf0
V  [libjvm.so+0x4eb585]  BlockList::iterate_forward(BlockClosure*)+0x35
V  [libjvm.so+0x4c41e7]  Compilation::emit_lir()+0x297
V  [libjvm.so+0x4c4db7]  Compilation::compile_java_method()+0x247
V  [libjvm.so+0x4c50b2]  Compilation::compile_method()+0x112
V  [libjvm.so+0x4c5469]  Compilation::Compilation(AbstractCompiler*, ciEnv*, ciMethod*, int, BufferBlob*, bool, DirectiveSet*)+0x1f9
V  [libjvm.so+0x4c6301]  Compiler::compile_method(ciEnv*, ciMethod*, int, bool, DirectiveSet*)+0xb1
V  [libjvm.so+0x64c847]  CompileBroker::invoke_compiler_on_method(CompileTask*)+0xa97
V  [libjvm.so+0x64f928]  CompileBroker::compiler_thread_loop()+0x698
V  [libjvm.so+0x8f8a78]  JavaThread::thread_main_inner() [clone .part.0]+0xb8
V  [libjvm.so+0xe9e998]  Thread::call_run()+0xa8
V  [libjvm.so+0xcc444a]  thread_native_entry(Thread*)+0xda

siginfo: si_signo: 11 (SIGSEGV), si_code: 128 (SI_KERNEL), si_addr: 0x0000000000000000

Registers:
RAX=0x000000000283100b, RBX=0x00007f5910afe160, RCX=0x0000000000000000, RDX=0x0002000000000000
RSP=0x00007f5910afdb80, RBP=0x00007f5910afdc00, RSI=0x00007f58a403ae98, RDI=0x00007f5910afde10
R8 =0x00007f58a403ae98, R9 =0x0000000000000000, R10=0x0000000000000000, R11=0x00007f594286c041
R12=0x00007f58a403ae98, R13=0x000000000283100b, R14=0x0002000000000000, R15=0x00007f5910afde10
RIP=0x00007f5941906d00, EFLAGS=0x0000000000010206, CSGSFS=0x002b000000000033, ERR=0x0000000000000000
  TRAPNO=0x000000000000000d


Register to memory mapping:

RAX=0x000000000283100b is an unknown value
RBX=0x00007f5910afe160 is pointing into the stack for thread: 0x00007f593c1731b0
RCX=0x0 is null
RDX=0x0002000000000000 is an unknown value
RSP=0x00007f5910afdb80 is pointing into the stack for thread: 0x00007f593c1731b0
RBP=0x00007f5910afdc00 is pointing into the stack for thread: 0x00007f593c1731b0
RSI=0x00007f58a403ae98 points into unknown readable memory: 0x00007f5942716c60 | 60 6c 71 42 59 7f 00 00
RDI=0x00007f5910afde10 is pointing into the stack for thread: 0x00007f593c1731b0
R8 =0x00007f58a403ae98 points into unknown readable memory: 0x00007f5942716c60 | 60 6c 71 42 59 7f 00 00
R9 =0x0 is null
R10=0x0 is null
R11=0x00007f594286c041: <offset 0x000000000146c041> in /home/divum/.jdks/openjdk-21.0.2/lib/server/libjvm.so at 0x00007f5941400000
R12=0x00007f58a403ae98 points into unknown readable memory: 0x00007f5942716c60 | 60 6c 71 42 59 7f 00 00
R13=0x000000000283100b is an unknown value
R14=0x0002000000000000 is an unknown value
R15=0x00007f5910afde10 is pointing into the stack for thread: 0x00007f593c1731b0

Top of Stack: (sp=0x00007f5910afdb80)
0x00007f5910afdb80:   00007f58a4237518 0000000000000013
0x00007f5910afdb90:   0002000000000000 000000000281d093
0x00007f5910afdba0:   00007f5942815058 00007f5910afde10
0x00007f5910afdbb0:   00007f58a403ae98 00007f58a403ae98
0x00007f5910afdbc0:   00007f5910afdc00 00007f594190db2a
0x00007f5910afdbd0:   00007f5910afdc50 00007f5910afe160
0x00007f5910afdbe0:   00007f58a403ae98 000000000283100b
0x00007f5910afdbf0:   00007f5910afde10 00007f5910afde10
0x00007f5910afdc00:   00007f5910afdc40 00007f5941916725
0x00007f5910afdc10:   00007f58a403ad60 000000000001400b
0x00007f5910afdc20:   00007f5910afdcb0 00007f58a403ae98
0x00007f5910afdc30:   00007f5910afde10 00007f58a403af18
0x00007f5910afdc40:   00007f5910afdc70 00007f5941906cb5
0x00007f5910afdc50:   00007f58a403af18 00007f5910afde10
0x00007f5910afdc60:   00007f5942815058 0000000000000000
0x00007f5910afdc70:   00007f5910afdd30 00007f5941926b28
0x00007f5910afdc80:   00007f5910afde10 00007f5910afde10
0x00007f5910afdc90:   00007f58a403aca8 00007f58a40bcf48
0x00007f5910afdca0:   00007f58a40b7848 00007f5910afde10
0x00007f5910afdcb0:   000000000275900b 00007f594190e900
0x00007f5910afdcc0:   ffffffffffffffff 00007f592bf85380
0x00007f5910afdcd0:   00007f58a403ae98 00007f5910afde10
0x00007f5910afdce0:   ffffffffffffffff 00007f58a4237500
0x00007f5910afdcf0:   0000000000000000 00007f59419085a0
0x00007f5910afdd00:   00007f58a4237298 00007f58a403af18
0x00007f5910afdd10:   00007f5910afde18 00007f5910afe160
0x00007f5910afdd20:   0000000000000000 00007f5910afde10
0x00007f5910afdd30:   00007f5910afdd70 00007f5941908340
0x00007f5910afdd40:   00007f593c1714d0 0000000000000ea8
0x00007f5910afdd50:   00007f5910afde18 0000000000001308
0x00007f5910afdd60:   00007f58a4064650 000000000000001d
0x00007f5910afdd70:   00007f5910afdda0 00007f59418eb585 

Instructions: (pc=0x00007f5941906d00)
0x00007f5941906c00:   c7 87 b0 00 00 00 00 00 00 00 c7 87 c8 00 00 00
0x00007f5941906c10:   00 00 00 00 c3 90 66 2e 0f 1f 84 00 00 00 00 00
0x00007f5941906c20:   55 49 89 f8 48 89 e5 41 54 53 48 8b 5f 10 48 83
0x00007f5941906c30:   7b 70 00 75 24 4c 8b a3 a8 02 00 00 48 89 b3 a8
0x00007f5941906c40:   02 00 00 48 89 f7 48 8b 06 4c 89 c6 ff 90 a0 01
0x00007f5941906c50:   00 00 4c 89 a3 a8 02 00 00 5b 41 5c 5d c3 66 90
0x00007f5941906c60:   55 48 89 e5 41 56 41 55 49 89 fd 41 54 49 89 f4
0x00007f5941906c70:   53 48 8b 5f 10 4c 8b b3 a8 02 00 00 48 89 b3 a8
0x00007f5941906c80:   02 00 00 8b 46 10 85 c0 74 0e 48 8b 06 48 89 f7
0x00007f5941906c90:   ff 50 10 48 85 c0 74 1d 41 8b 44 24 30 83 e0 07
0x00007f5941906ca0:   83 f8 07 75 10 49 8b 04 24 4c 89 ee 4c 89 e7 ff
0x00007f5941906cb0:   90 a0 01 00 00 4c 89 b3 a8 02 00 00 5b 41 5c 41
0x00007f5941906cc0:   5d 41 5e 5d c3 90 66 2e 0f 1f 84 00 00 00 00 00
0x00007f5941906cd0:   55 48 89 e5 41 57 41 56 49 89 d6 41 55 41 54 49
0x00007f5941906ce0:   89 f4 53 48 83 ec 58 48 89 7d a8 48 89 55 90 89
0x00007f5941906cf0:   4d 9c 48 85 d2 0f 84 37 01 00 00 0f 1f 44 00 00
0x00007f5941906d00:   41 83 7e 14 05 0f 84 1a 01 00 00 41 8b 5e 30 45
0x00007f5941906d10:   31 ff 85 db 7f 1b e9 cd 00 00 00 0f 1f 44 00 00
0x00007f5941906d20:   49 8b 45 18 44 03 78 08 44 39 fb 0f 8e b7 00 00
0x00007f5941906d30:   00 49 8b 56 38 49 63 c7 4c 8b 2c c2 41 8b 75 10
0x00007f5941906d40:   85 f6 75 dc 49 8b 45 00 4c 89 ef ff 50 20 48 85
0x00007f5941906d50:   c0 75 cd 49 8b 45 00 4c 89 ef ff 50 18 48 85 c0
0x00007f5941906d60:   75 be 48 8b 45 a8 4c 8b 48 10 4d 8b 91 a8 02 00
0x00007f5941906d70:   00 4d 89 a9 a8 02 00 00 41 8b 7d 10 85 ff 74 1f
0x00007f5941906d80:   49 8b 45 00 4c 89 55 88 4c 89 ef 4c 89 4d a0 ff
0x00007f5941906d90:   50 10 4c 8b 4d a0 4c 8b 55 88 48 85 c0 74 2d 41
0x00007f5941906da0:   8b 45 30 83 e0 07 83 f8 07 75 21 49 8b 45 00 48
0x00007f5941906db0:   8b 75 a8 4c 89 55 88 4c 89 ef 4c 89 4d a0 ff 90
0x00007f5941906dc0:   a0 01 00 00 4c 8b 55 88 4c 8b 4d a0 4d 89 91 a8
0x00007f5941906dd0:   02 00 00 49 8b 45 18 44 03 78 08 44 39 fb 0f 8f
0x00007f5941906de0:   4d ff ff ff 0f 1f 40 00 49 8b 06 41 8b 5e 10 48
0x00007f5941906df0:   8d 7d b0 48 8b 70 18 89 da e8 32 eb 0a 00 83 fb 


Stack slot to memory mapping:

stack at sp + 0 slots: 0x00007f58a4237518 points into unknown readable memory: 0x0000000000009fe3 | e3 9f 00 00 00 00 00 00
stack at sp + 1 slots: 0x0000000000000013 is an unknown value
stack at sp + 2 slots: 0x0002000000000000 is an unknown value
stack at sp + 3 slots: 0x000000000281d093 is an unknown value
stack at sp + 4 slots: 0x00007f5942815058: <offset 0x0000000001415058> in /home/divum/.jdks/openjdk-21.0.2/lib/server/libjvm.so at 0x00007f5941400000
stack at sp + 5 slots: 0x00007f5910afde10 is pointing into the stack for thread: 0x00007f593c1731b0
stack at sp + 6 slots: 0x00007f58a403ae98 points into unknown readable memory: 0x00007f5942716c60 | 60 6c 71 42 59 7f 00 00
stack at sp + 7 slots: 0x00007f58a403ae98 points into unknown readable memory: 0x00007f5942716c60 | 60 6c 71 42 59 7f 00 00


---------------  P R O C E S S  ---------------

Threads class SMR info:
_java_thread_list=0x00007f593c4d6c60, length=12, elements={
0x00007f593c02bbe0, 0x00007f593c16a2a0, 0x00007f593c16b8f0, 0x00007f593c16d3d0,
0x00007f593c16ea10, 0x00007f593c16ffb0, 0x00007f593c171af0, 0x00007f593c1731b0,
0x00007f593c194c40, 0x00007f5898099330, 0x00007f593c4d4d20, 0x00007f593c4d6090
}

Java Threads: ( => current thread )
  0x00007f593c02bbe0 JavaThread "main"                              [_thread_in_vm, id=14825, stack(0x00007f5942900000,0x00007f5942a00000) (1024K)]
  0x00007f593c16a2a0 JavaThread "Reference Handler"          daemon [_thread_blocked, id=14833, stack(0x00007f59115f7000,0x00007f59116f7000) (1024K)]
  0x00007f593c16b8f0 JavaThread "Finalizer"                  daemon [_thread_blocked, id=14834, stack(0x00007f5910f00000,0x00007f5911000000) (1024K)]
  0x00007f593c16d3d0 JavaThread "Signal Dispatcher"          daemon [_thread_blocked, id=14835, stack(0x00007f5910e00000,0x00007f5910f00000) (1024K)]
  0x00007f593c16ea10 JavaThread "Service Thread"             daemon [_thread_blocked, id=14836, stack(0x00007f5910d00000,0x00007f5910e00000) (1024K)]
  0x00007f593c16ffb0 JavaThread "Monitor Deflation Thread"   daemon [_thread_blocked, id=14837, stack(0x00007f5910c00000,0x00007f5910d00000) (1024K)]
  0x00007f593c171af0 JavaThread "C2 CompilerThread0"         daemon [_thread_in_native, id=14838, stack(0x00007f5910b00000,0x00007f5910c00000) (1024K)]
=>0x00007f593c1731b0 JavaThread "C1 CompilerThread0"         daemon [_thread_in_native, id=14839, stack(0x00007f5910a00000,0x00007f5910b00000) (1024K)]
  0x00007f593c194c40 JavaThread "Common-Cleaner"             daemon [_thread_blocked, id=14840, stack(0x00007f5910830000,0x00007f5910930000) (1024K)]
  0x00007f5898099330 JavaThread "C2 CompilerThread1"         daemon [_thread_blocked, id=14841, stack(0x00007f5910730000,0x00007f5910830000) (1024K)]
  0x00007f593c4d4d20 JavaThread "Monitor Ctrl-Break"         daemon [_thread_in_native, id=14842, stack(0x00007f5910630000,0x00007f5910730000) (1024K)]
  0x00007f593c4d6090 JavaThread "Notification Thread"        daemon [_thread_blocked, id=14843, stack(0x00007f5910530000,0x00007f5910630000) (1024K)]
Total: 12

Other Threads:
  0x00007f593c15cf50 VMThread "VM Thread"                           [id=14832, stack(0x00007f59116f8000,0x00007f59117f8000) (1024K)]
  0x00007f593c142b30 WatcherThread "VM Periodic Task Thread"        [id=14831, stack(0x00007f59117f9000,0x00007f59118f9000) (1024K)]
  0x00007f593c093a60 WorkerThread "GC Thread#0"                     [id=14826, stack(0x00007f59400e3000,0x00007f59401e3000) (1024K)]
  0x00007f593c0a4840 ConcurrentGCThread "G1 Main Marker"            [id=14827, stack(0x00007f593bf00000,0x00007f593c000000) (1024K)]
  0x00007f593c0a57e0 WorkerThread "G1 Conc#0"                       [id=14828, stack(0x00007f5920349000,0x00007f5920449000) (1024K)]
  0x00007f593c130580 ConcurrentGCThread "G1 Refine#0"               [id=14829, stack(0x00007f59119fb000,0x00007f5911afb000) (1024K)]
  0x00007f593c131530 ConcurrentGCThread "G1 Service"                [id=14830, stack(0x00007f59118fa000,0x00007f59119fa000) (1024K)]
Total: 7

Threads with active compile tasks:
C2 CompilerThread0      510  766       4       java.lang.String::startsWith (7 bytes)
C1 CompilerThread0      510  754       3       java.net.URLStreamHandler::parseURL (1124 bytes)
Total: 2

VM state: not at safepoint (normal execution)

VM Mutex/Monitor currently owned by a thread: None

Heap address: 0x0000000708200000, size: 3966 MB, Compressed Oops mode: Zero based, Oop shift amount: 3

CDS archive(s) mapped at: [0x00007f58c3000000-0x00007f58c3ca6000-0x00007f58c3ca6000), size 13262848, SharedBaseAddress: 0x00007f58c3000000, ArchiveRelocationMode: 1.
Compressed class space mapped at: 0x00007f58c4000000-0x00007f5904000000, reserved size: 1073741824
Narrow klass base: 0x00007f58c3000000, Narrow klass shift: 0, Narrow klass range: 0x100000000

GC Precious Log:
 CardTable entry size: 512
 Card Set container configuration: InlinePtr #cards 4 size 8 Array Of Cards #cards 16 size 48 Howl #buckets 8 coarsen threshold 3686 Howl Bitmap #cards 512 size 80 coarsen threshold 460 Card regions per heap region 1 cards per card region 4096
 CPUs: 8 total, 8 available
 Memory: 15861M
 Large Page Support: Disabled
 NUMA Support: Disabled
 Compressed Oops: Enabled (Zero based)
 Heap Region Size: 2M
 Heap Min Capacity: 8M
 Heap Initial Capacity: 248M
 Heap Max Capacity: 3966M
 Pre-touch: Disabled
 Parallel Workers: 8
 Concurrent Workers: 2
 Concurrent Refinement Workers: 8
 Periodic GC: Disabled

Heap:
 garbage-first heap   total 256000K, used 15389K [0x0000000708200000, 0x0000000800000000)
  region size 2048K, 8 young (16384K), 0 survivors (0K)
 Metaspace       used 3556K, committed 3712K, reserved 1114112K
  class space    used 364K, committed 448K, reserved 1048576K

Heap Regions: E=young(eden), S=young(survivor), O=old, HS=humongous(starts), HC=humongous(continues), CS=collection set, F=free, TAMS=top-at-mark-start, PB=parsable bottom
|   0|0x0000000708200000, 0x0000000708200000, 0x0000000708400000|  0%| F|  |TAMS 0x0000000708200000| PB 0x0000000708200000| Untracked 
|   1|0x0000000708400000, 0x0000000708400000, 0x0000000708600000|  0%| F|  |TAMS 0x0000000708400000| PB 0x0000000708400000| Untracked 
|   2|0x0000000708600000, 0x0000000708600000, 0x0000000708800000|  0%| F|  |TAMS 0x0000000708600000| PB 0x0000000708600000| Untracked 
|   3|0x0000000708800000, 0x0000000708800000, 0x0000000708a00000|  0%| F|  |TAMS 0x0000000708800000| PB 0x0000000708800000| Untracked 
|   4|0x0000000708a00000, 0x0000000708a00000, 0x0000000708c00000|  0%| F|  |TAMS 0x0000000708a00000| PB 0x0000000708a00000| Untracked 
|   5|0x0000000708c00000, 0x0000000708c00000, 0x0000000708e00000|  0%| F|  |TAMS 0x0000000708c00000| PB 0x0000000708c00000| Untracked 
|   6|0x0000000708e00000, 0x0000000708e00000, 0x0000000709000000|  0%| F|  |TAMS 0x0000000708e00000| PB 0x0000000708e00000| Untracked 
|   7|0x0000000709000000, 0x0000000709000000, 0x0000000709200000|  0%| F|  |TAMS 0x0000000709000000| PB 0x0000000709000000| Untracked 
|   8|0x0000000709200000, 0x0000000709200000, 0x0000000709400000|  0%| F|  |TAMS 0x0000000709200000| PB 0x0000000709200000| Untracked 
|   9|0x0000000709400000, 0x0000000709400000, 0x0000000709600000|  0%| F|  |TAMS 0x0000000709400000| PB 0x0000000709400000| Untracked 
|  10|0x0000000709600000, 0x0000000709600000, 0x0000000709800000|  0%| F|  |TAMS 0x0000000709600000| PB 0x0000000709600000| Untracked 
|  11|0x0000000709800000, 0x0000000709800000, 0x0000000709a00000|  0%| F|  |TAMS 0x0000000709800000| PB 0x0000000709800000| Untracked 
|  12|0x0000000709a00000, 0x0000000709a00000, 0x0000000709c00000|  0%| F|  |TAMS 0x0000000709a00000| PB 0x0000000709a00000| Untracked 
|  13|0x0000000709c00000, 0x0000000709c00000, 0x0000000709e00000|  0%| F|  |TAMS 0x0000000709c00000| PB 0x0000000709c00000| Untracked 
|  14|0x0000000709e00000, 0x0000000709e00000, 0x000000070a000000|  0%| F|  |TAMS 0x0000000709e00000| PB 0x0000000709e00000| Untracked 
|  15|0x000000070a000000, 0x000000070a000000, 0x000000070a200000|  0%| F|  |TAMS 0x000000070a000000| PB 0x000000070a000000| Untracked 
|  16|0x000000070a200000, 0x000000070a200000, 0x000000070a400000|  0%| F|  |TAMS 0x000000070a200000| PB 0x000000070a200000| Untracked 
|  17|0x000000070a400000, 0x000000070a400000, 0x000000070a600000|  0%| F|  |TAMS 0x000000070a400000| PB 0x000000070a400000| Untracked 
|  18|0x000000070a600000, 0x000000070a600000, 0x000000070a800000|  0%| F|  |TAMS 0x000000070a600000| PB 0x000000070a600000| Untracked 
|  19|0x000000070a800000, 0x000000070a800000, 0x000000070aa00000|  0%| F|  |TAMS 0x000000070a800000| PB 0x000000070a800000| Untracked 
|  20|0x000000070aa00000, 0x000000070aa00000, 0x000000070ac00000|  0%| F|  |TAMS 0x000000070aa00000| PB 0x000000070aa00000| Untracked 
|  21|0x000000070ac00000, 0x000000070ac00000, 0x000000070ae00000|  0%| F|  |TAMS 0x000000070ac00000| PB 0x000000070ac00000| Untracked 
|  22|0x000000070ae00000, 0x000000070ae00000, 0x000000070b000000|  0%| F|  |TAMS 0x000000070ae00000| PB 0x000000070ae00000| Untracked 
|  23|0x000000070b000000, 0x000000070b000000, 0x000000070b200000|  0%| F|  |TAMS 0x000000070b000000| PB 0x000000070b000000| Untracked 
|  24|0x000000070b200000, 0x000000070b200000, 0x000000070b400000|  0%| F|  |TAMS 0x000000070b200000| PB 0x000000070b200000| Untracked 
|  25|0x000000070b400000, 0x000000070b400000, 0x000000070b600000|  0%| F|  |TAMS 0x000000070b400000| PB 0x000000070b400000| Untracked 
|  26|0x000000070b600000, 0x000000070b600000, 0x000000070b800000|  0%| F|  |TAMS 0x000000070b600000| PB 0x000000070b600000| Untracked 
|  27|0x000000070b800000, 0x000000070b800000, 0x000000070ba00000|  0%| F|  |TAMS 0x000000070b800000| PB 0x000000070b800000| Untracked 
|  28|0x000000070ba00000, 0x000000070ba00000, 0x000000070bc00000|  0%| F|  |TAMS 0x000000070ba00000| PB 0x000000070ba00000| Untracked 
|  29|0x000000070bc00000, 0x000000070bc00000, 0x000000070be00000|  0%| F|  |TAMS 0x000000070bc00000| PB 0x000000070bc00000| Untracked 
|  30|0x000000070be00000, 0x000000070be00000, 0x000000070c000000|  0%| F|  |TAMS 0x000000070be00000| PB 0x000000070be00000| Untracked 
|  31|0x000000070c000000, 0x000000070c000000, 0x000000070c200000|  0%| F|  |TAMS 0x000000070c000000| PB 0x000000070c000000| Untracked 
|  32|0x000000070c200000, 0x000000070c200000, 0x000000070c400000|  0%| F|  |TAMS 0x000000070c200000| PB 0x000000070c200000| Untracked 
|  33|0x000000070c400000, 0x000000070c400000, 0x000000070c600000|  0%| F|  |TAMS 0x000000070c400000| PB 0x000000070c400000| Untracked 
|  34|0x000000070c600000, 0x000000070c600000, 0x000000070c800000|  0%| F|  |TAMS 0x000000070c600000| PB 0x000000070c600000| Untracked 
|  35|0x000000070c800000, 0x000000070c800000, 0x000000070ca00000|  0%| F|  |TAMS 0x000000070c800000| PB 0x000000070c800000| Untracked 
|  36|0x000000070ca00000, 0x000000070ca00000, 0x000000070cc00000|  0%| F|  |TAMS 0x000000070ca00000| PB 0x000000070ca00000| Untracked 
|  37|0x000000070cc00000, 0x000000070cc00000, 0x000000070ce00000|  0%| F|  |TAMS 0x000000070cc00000| PB 0x000000070cc00000| Untracked 
|  38|0x000000070ce00000, 0x000000070ce00000, 0x000000070d000000|  0%| F|  |TAMS 0x000000070ce00000| PB 0x000000070ce00000| Untracked 
|  39|0x000000070d000000, 0x000000070d000000, 0x000000070d200000|  0%| F|  |TAMS 0x000000070d000000| PB 0x000000070d000000| Untracked 
|  40|0x000000070d200000, 0x000000070d200000, 0x000000070d400000|  0%| F|  |TAMS 0x000000070d200000| PB 0x000000070d200000| Untracked 
|  41|0x000000070d400000, 0x000000070d400000, 0x000000070d600000|  0%| F|  |TAMS 0x000000070d400000| PB 0x000000070d400000| Untracked 
|  42|0x000000070d600000, 0x000000070d600000, 0x000000070d800000|  0%| F|  |TAMS 0x000000070d600000| PB 0x000000070d600000| Untracked 
|  43|0x000000070d800000, 0x000000070d800000, 0x000000070da00000|  0%| F|  |TAMS 0x000000070d800000| PB 0x000000070d800000| Untracked 
|  44|0x000000070da00000, 0x000000070da00000, 0x000000070dc00000|  0%| F|  |TAMS 0x000000070da00000| PB 0x000000070da00000| Untracked 
|  45|0x000000070dc00000, 0x000000070dc00000, 0x000000070de00000|  0%| F|  |TAMS 0x000000070dc00000| PB 0x000000070dc00000| Untracked 
|  46|0x000000070de00000, 0x000000070de00000, 0x000000070e000000|  0%| F|  |TAMS 0x000000070de00000| PB 0x000000070de00000| Untracked 
|  47|0x000000070e000000, 0x000000070e000000, 0x000000070e200000|  0%| F|  |TAMS 0x000000070e000000| PB 0x000000070e000000| Untracked 
|  48|0x000000070e200000, 0x000000070e200000, 0x000000070e400000|  0%| F|  |TAMS 0x000000070e200000| PB 0x000000070e200000| Untracked 
|  49|0x000000070e400000, 0x000000070e400000, 0x000000070e600000|  0%| F|  |TAMS 0x000000070e400000| PB 0x000000070e400000| Untracked 
|  50|0x000000070e600000, 0x000000070e600000, 0x000000070e800000|  0%| F|  |TAMS 0x000000070e600000| PB 0x000000070e600000| Untracked 
|  51|0x000000070e800000, 0x000000070e800000, 0x000000070ea00000|  0%| F|  |TAMS 0x000000070e800000| PB 0x000000070e800000| Untracked 
|  52|0x000000070ea00000, 0x000000070ea00000, 0x000000070ec00000|  0%| F|  |TAMS 0x000000070ea00000| PB 0x000000070ea00000| Untracked 
|  53|0x000000070ec00000, 0x000000070ec00000, 0x000000070ee00000|  0%| F|  |TAMS 0x000000070ec00000| PB 0x000000070ec00000| Untracked 
|  54|0x000000070ee00000, 0x000000070ee00000, 0x000000070f000000|  0%| F|  |TAMS 0x000000070ee00000| PB 0x000000070ee00000| Untracked 
|  55|0x000000070f000000, 0x000000070f000000, 0x000000070f200000|  0%| F|  |TAMS 0x000000070f000000| PB 0x000000070f000000| Untracked 
|  56|0x000000070f200000, 0x000000070f200000, 0x000000070f400000|  0%| F|  |TAMS 0x000000070f200000| PB 0x000000070f200000| Untracked 
|  57|0x000000070f400000, 0x000000070f400000, 0x000000070f600000|  0%| F|  |TAMS 0x000000070f400000| PB 0x000000070f400000| Untracked 
|  58|0x000000070f600000, 0x000000070f600000, 0x000000070f800000|  0%| F|  |TAMS 0x000000070f600000| PB 0x000000070f600000| Untracked 
|  59|0x000000070f800000, 0x000000070f800000, 0x000000070fa00000|  0%| F|  |TAMS 0x000000070f800000| PB 0x000000070f800000| Untracked 
|  60|0x000000070fa00000, 0x000000070fa00000, 0x000000070fc00000|  0%| F|  |TAMS 0x000000070fa00000| PB 0x000000070fa00000| Untracked 
|  61|0x000000070fc00000, 0x000000070fc00000, 0x000000070fe00000|  0%| F|  |TAMS 0x000000070fc00000| PB 0x000000070fc00000| Untracked 
|  62|0x000000070fe00000, 0x000000070fe00000, 0x0000000710000000|  0%| F|  |TAMS 0x000000070fe00000| PB 0x000000070fe00000| Untracked 
|  63|0x0000000710000000, 0x0000000710000000, 0x0000000710200000|  0%| F|  |TAMS 0x0000000710000000| PB 0x0000000710000000| Untracked 
|  64|0x0000000710200000, 0x0000000710200000, 0x0000000710400000|  0%| F|  |TAMS 0x0000000710200000| PB 0x0000000710200000| Untracked 
|  65|0x0000000710400000, 0x0000000710400000, 0x0000000710600000|  0%| F|  |TAMS 0x0000000710400000| PB 0x0000000710400000| Untracked 
|  66|0x0000000710600000, 0x0000000710600000, 0x0000000710800000|  0%| F|  |TAMS 0x0000000710600000| PB 0x0000000710600000| Untracked 
|  67|0x0000000710800000, 0x0000000710800000, 0x0000000710a00000|  0%| F|  |TAMS 0x0000000710800000| PB 0x0000000710800000| Untracked 
|  68|0x0000000710a00000, 0x0000000710a00000, 0x0000000710c00000|  0%| F|  |TAMS 0x0000000710a00000| PB 0x0000000710a00000| Untracked 
|  69|0x0000000710c00000, 0x0000000710c00000, 0x0000000710e00000|  0%| F|  |TAMS 0x0000000710c00000| PB 0x0000000710c00000| Untracked 
|  70|0x0000000710e00000, 0x0000000710e00000, 0x0000000711000000|  0%| F|  |TAMS 0x0000000710e00000| PB 0x0000000710e00000| Untracked 
|  71|0x0000000711000000, 0x0000000711000000, 0x0000000711200000|  0%| F|  |TAMS 0x0000000711000000| PB 0x0000000711000000| Untracked 
|  72|0x0000000711200000, 0x0000000711200000, 0x0000000711400000|  0%| F|  |TAMS 0x0000000711200000| PB 0x0000000711200000| Untracked 
|  73|0x0000000711400000, 0x0000000711400000, 0x0000000711600000|  0%| F|  |TAMS 0x0000000711400000| PB 0x0000000711400000| Untracked 
|  74|0x0000000711600000, 0x0000000711600000, 0x0000000711800000|  0%| F|  |TAMS 0x0000000711600000| PB 0x0000000711600000| Untracked 
|  75|0x0000000711800000, 0x0000000711800000, 0x0000000711a00000|  0%| F|  |TAMS 0x0000000711800000| PB 0x0000000711800000| Untracked 
|  76|0x0000000711a00000, 0x0000000711a00000, 0x0000000711c00000|  0%| F|  |TAMS 0x0000000711a00000| PB 0x0000000711a00000| Untracked 
|  77|0x0000000711c00000, 0x0000000711c00000, 0x0000000711e00000|  0%| F|  |TAMS 0x0000000711c00000| PB 0x0000000711c00000| Untracked 
|  78|0x0000000711e00000, 0x0000000711e00000, 0x0000000712000000|  0%| F|  |TAMS 0x0000000711e00000| PB 0x0000000711e00000| Untracked 
|  79|0x0000000712000000, 0x0000000712000000, 0x0000000712200000|  0%| F|  |TAMS 0x0000000712000000| PB 0x0000000712000000| Untracked 
|  80|0x0000000712200000, 0x0000000712200000, 0x0000000712400000|  0%| F|  |TAMS 0x0000000712200000| PB 0x0000000712200000| Untracked 
|  81|0x0000000712400000, 0x0000000712400000, 0x0000000712600000|  0%| F|  |TAMS 0x0000000712400000| PB 0x0000000712400000| Untracked 
|  82|0x0000000712600000, 0x0000000712600000, 0x0000000712800000|  0%| F|  |TAMS 0x0000000712600000| PB 0x0000000712600000| Untracked 
|  83|0x0000000712800000, 0x0000000712800000, 0x0000000712a00000|  0%| F|  |TAMS 0x0000000712800000| PB 0x0000000712800000| Untracked 
|  84|0x0000000712a00000, 0x0000000712a00000, 0x0000000712c00000|  0%| F|  |TAMS 0x0000000712a00000| PB 0x0000000712a00000| Untracked 
|  85|0x0000000712c00000, 0x0000000712c00000, 0x0000000712e00000|  0%| F|  |TAMS 0x0000000712c00000| PB 0x0000000712c00000| Untracked 
|  86|0x0000000712e00000, 0x0000000712e00000, 0x0000000713000000|  0%| F|  |TAMS 0x0000000712e00000| PB 0x0000000712e00000| Untracked 
|  87|0x0000000713000000, 0x0000000713000000, 0x0000000713200000|  0%| F|  |TAMS 0x0000000713000000| PB 0x0000000713000000| Untracked 
|  88|0x0000000713200000, 0x0000000713200000, 0x0000000713400000|  0%| F|  |TAMS 0x0000000713200000| PB 0x0000000713200000| Untracked 
|  89|0x0000000713400000, 0x0000000713400000, 0x0000000713600000|  0%| F|  |TAMS 0x0000000713400000| PB 0x0000000713400000| Untracked 
|  90|0x0000000713600000, 0x0000000713600000, 0x0000000713800000|  0%| F|  |TAMS 0x0000000713600000| PB 0x0000000713600000| Untracked 
|  91|0x0000000713800000, 0x0000000713800000, 0x0000000713a00000|  0%| F|  |TAMS 0x0000000713800000| PB 0x0000000713800000| Untracked 
|  92|0x0000000713a00000, 0x0000000713a00000, 0x0000000713c00000|  0%| F|  |TAMS 0x0000000713a00000| PB 0x0000000713a00000| Untracked 
|  93|0x0000000713c00000, 0x0000000713c00000, 0x0000000713e00000|  0%| F|  |TAMS 0x0000000713c00000| PB 0x0000000713c00000| Untracked 
|  94|0x0000000713e00000, 0x0000000713e00000, 0x0000000714000000|  0%| F|  |TAMS 0x0000000713e00000| PB 0x0000000713e00000| Untracked 
|  95|0x0000000714000000, 0x0000000714000000, 0x0000000714200000|  0%| F|  |TAMS 0x0000000714000000| PB 0x0000000714000000| Untracked 
|  96|0x0000000714200000, 0x0000000714200000, 0x0000000714400000|  0%| F|  |TAMS 0x0000000714200000| PB 0x0000000714200000| Untracked 
|  97|0x0000000714400000, 0x0000000714400000, 0x0000000714600000|  0%| F|  |TAMS 0x0000000714400000| PB 0x0000000714400000| Untracked 
|  98|0x0000000714600000, 0x0000000714600000, 0x0000000714800000|  0%| F|  |TAMS 0x0000000714600000| PB 0x0000000714600000| Untracked 
|  99|0x0000000714800000, 0x0000000714800000, 0x0000000714a00000|  0%| F|  |TAMS 0x0000000714800000| PB 0x0000000714800000| Untracked 
| 100|0x0000000714a00000, 0x0000000714a00000, 0x0000000714c00000|  0%| F|  |TAMS 0x0000000714a00000| PB 0x0000000714a00000| Untracked 
| 101|0x0000000714c00000, 0x0000000714c00000, 0x0000000714e00000|  0%| F|  |TAMS 0x0000000714c00000| PB 0x0000000714c00000| Untracked 
| 102|0x0000000714e00000, 0x0000000714e00000, 0x0000000715000000|  0%| F|  |TAMS 0x0000000714e00000| PB 0x0000000714e00000| Untracked 
| 103|0x0000000715000000, 0x0000000715000000, 0x0000000715200000|  0%| F|  |TAMS 0x0000000715000000| PB 0x0000000715000000| Untracked 
| 104|0x0000000715200000, 0x0000000715200000, 0x0000000715400000|  0%| F|  |TAMS 0x0000000715200000| PB 0x0000000715200000| Untracked 
| 105|0x0000000715400000, 0x0000000715400000, 0x0000000715600000|  0%| F|  |TAMS 0x0000000715400000| PB 0x0000000715400000| Untracked 
| 106|0x0000000715600000, 0x0000000715600000, 0x0000000715800000|  0%| F|  |TAMS 0x0000000715600000| PB 0x0000000715600000| Untracked 
| 107|0x0000000715800000, 0x0000000715800000, 0x0000000715a00000|  0%| F|  |TAMS 0x0000000715800000| PB 0x0000000715800000| Untracked 
| 108|0x0000000715a00000, 0x0000000715a00000, 0x0000000715c00000|  0%| F|  |TAMS 0x0000000715a00000| PB 0x0000000715a00000| Untracked 
| 109|0x0000000715c00000, 0x0000000715c00000, 0x0000000715e00000|  0%| F|  |TAMS 0x0000000715c00000| PB 0x0000000715c00000| Untracked 
| 110|0x0000000715e00000, 0x0000000715e00000, 0x0000000716000000|  0%| F|  |TAMS 0x0000000715e00000| PB 0x0000000715e00000| Untracked 
| 111|0x0000000716000000, 0x0000000716000000, 0x0000000716200000|  0%| F|  |TAMS 0x0000000716000000| PB 0x0000000716000000| Untracked 
| 112|0x0000000716200000, 0x0000000716200000, 0x0000000716400000|  0%| F|  |TAMS 0x0000000716200000| PB 0x0000000716200000| Untracked 
| 113|0x0000000716400000, 0x0000000716400000, 0x0000000716600000|  0%| F|  |TAMS 0x0000000716400000| PB 0x0000000716400000| Untracked 
| 114|0x0000000716600000, 0x0000000716600000, 0x0000000716800000|  0%| F|  |TAMS 0x0000000716600000| PB 0x0000000716600000| Untracked 
| 115|0x0000000716800000, 0x0000000716800000, 0x0000000716a00000|  0%| F|  |TAMS 0x0000000716800000| PB 0x0000000716800000| Untracked 
| 116|0x0000000716a00000, 0x0000000716a71290, 0x0000000716c00000| 22%| E|  |TAMS 0x0000000716a00000| PB 0x0000000716a00000| Complete 
| 117|0x0000000716c00000, 0x0000000716e00000, 0x0000000716e00000|100%| E|CS|TAMS 0x0000000716c00000| PB 0x0000000716c00000| Complete 
| 118|0x0000000716e00000, 0x0000000717000000, 0x0000000717000000|100%| E|CS|TAMS 0x0000000716e00000| PB 0x0000000716e00000| Complete 
| 119|0x0000000717000000, 0x0000000717200000, 0x0000000717200000|100%| E|CS|TAMS 0x0000000717000000| PB 0x0000000717000000| Complete 
| 120|0x0000000717200000, 0x0000000717400000, 0x0000000717400000|100%| E|CS|TAMS 0x0000000717200000| PB 0x0000000717200000| Complete 
| 121|0x0000000717400000, 0x0000000717600000, 0x0000000717600000|100%| E|CS|TAMS 0x0000000717400000| PB 0x0000000717400000| Complete 
| 122|0x0000000717600000, 0x0000000717800000, 0x0000000717800000|100%| E|CS|TAMS 0x0000000717600000| PB 0x0000000717600000| Complete 
| 123|0x0000000717800000, 0x0000000717a00000, 0x0000000717a00000|100%| E|CS|TAMS 0x0000000717800000| PB 0x0000000717800000| Complete 
|1982|0x00000007ffe00000, 0x00000007fff07778, 0x0000000800000000| 51%| O|  |TAMS 0x00000007ffe00000| PB 0x00000007ffe00000| Untracked 

Card table byte_map: [0x00007f5924241000,0x00007f5924a00000] _byte_map_base: 0x00007f5920a00000

Marking Bits: (CMBitMap*) 0x00007f593c094580
 Bits: [0x00007f5920449000, 0x00007f5924241000)

Polling page: 0x00007f5942d67000

Metaspace:

Usage:
  Non-class:      3.27 MB used.
      Class:    391.56 KB used.
       Both:      3.65 MB used.

Virtual space:
  Non-class space:       64.00 MB reserved,       3.31 MB (  5%) committed,  1 nodes.
      Class space:        1.00 GB reserved,     512.00 KB ( <1%) committed,  1 nodes.
             Both:        1.06 GB reserved,       3.81 MB ( <1%) committed. 

Chunk freelists:
   Non-Class:  10.69 MB
       Class:  15.52 MB
        Both:  26.20 MB

MaxMetaspaceSize: unlimited
CompressedClassSpaceSize: 1.00 GB
Initial GC threshold: 21.00 MB
Current GC threshold: 21.00 MB
CDS: on
 - commit_granule_bytes: 65536.
 - commit_granule_words: 8192.
 - virtual_space_node_default_size: 8388608.
 - enlarge_chunks_in_place: 1.
 - use_allocation_guard: 0.


Internal statistics:

num_allocs_failed_limit: 0.
num_arena_births: 104.
num_arena_deaths: 0.
num_vsnodes_births: 2.
num_vsnodes_deaths: 0.
num_space_committed: 62.
num_space_uncommitted: 0.
num_chunks_returned_to_freelist: 0.
num_chunks_taken_from_freelist: 209.
num_chunk_merges: 0.
num_chunk_splits: 122.
num_chunks_enlarged: 61.
num_inconsistent_stats: 0.

CodeHeap 'non-profiled nmethods': size=120028Kb used=315Kb max_used=315Kb free=119713Kb
 bounds [0x00007f592c4c9000, 0x00007f592c739000, 0x00007f5933a00000]
CodeHeap 'profiled nmethods': size=120028Kb used=1224Kb max_used=1224Kb free=118803Kb
 bounds [0x00007f5924a00000, 0x00007f5924c70000, 0x00007f592bf37000]
CodeHeap 'non-nmethods': size=5704Kb used=1338Kb max_used=1360Kb free=4365Kb
 bounds [0x00007f592bf37000, 0x00007f592c1a7000, 0x00007f592c4c9000]
 total_blobs=1216 nmethods=757 adapters=365
 compilation: enabled
              stopped_count=0, restarted_count=0
 full_count=0

Compilation events (20 events):
Event: 0.469 Thread 0x00007f593c1731b0 nmethod 741 0x00007f5924b2fa10 code [0x00007f5924b2fbc0, 0x00007f5924b2fd00]
Event: 0.469 Thread 0x00007f593c1731b0  745       3       java.lang.reflect.Modifier::isProtected (12 bytes)
Event: 0.469 Thread 0x00007f5898099330 nmethod 739 0x00007f592c515690 code [0x00007f592c515820, 0x00007f592c515aa8]
Event: 0.469 Thread 0x00007f593c1731b0 nmethod 745 0x00007f5924b2fd90 code [0x00007f5924b2ff20, 0x00007f5924b30060]
Event: 0.469 Thread 0x00007f593c1731b0  746       3       java.lang.invoke.LambdaForm::uncustomize (57 bytes)
Event: 0.470 Thread 0x00007f593c1731b0 nmethod 746 0x00007f5924b30110 code [0x00007f5924b302e0, 0x00007f5924b305f8]
Event: 0.470 Thread 0x00007f593c1731b0  744       3       sun.invoke.util.BytecodeDescriptor::unparseSig (49 bytes)
Event: 0.470 Thread 0x00007f593c1731b0 nmethod 744 0x00007f5924b30710 code [0x00007f5924b30940, 0x00007f5924b30db0]
Event: 0.470 Thread 0x00007f593c1731b0  749       3       java.util.stream.AbstractPipeline::isParallel (8 bytes)
Event: 0.470 Thread 0x00007f593c1731b0 nmethod 749 0x00007f5924b31010 code [0x00007f5924b311a0, 0x00007f5924b312b8]
Event: 0.470 Thread 0x00007f593c1731b0  748       1       java.util.stream.AbstractPipeline::getStreamAndOpFlags (5 bytes)
Event: 0.470 Thread 0x00007f593c1731b0 nmethod 748 0x00007f592c515c90 code [0x00007f592c515e20, 0x00007f592c515ee0]
Event: 0.470 Thread 0x00007f593c1731b0  750       3       java.util.stream.PipelineHelper::<init> (5 bytes)
Event: 0.471 Thread 0x00007f593c1731b0 nmethod 750 0x00007f5924b31390 code [0x00007f5924b31520, 0x00007f5924b31680]
Event: 0.471 Thread 0x00007f593c1731b0  751       3       java.util.ImmutableCollections$AbstractImmutableCollection::<init> (5 bytes)
Event: 0.471 Thread 0x00007f593c1731b0 nmethod 751 0x00007f5924b31710 code [0x00007f5924b318c0, 0x00007f5924b31a80]
Event: 0.475 Thread 0x00007f593c1731b0  752       3       java.io.FilterInputStream::<init> (10 bytes)
Event: 0.475 Thread 0x00007f593c1731b0 nmethod 752 0x00007f5924b31b90 code [0x00007f5924b31d40, 0x00007f5924b31f68]
Event: 0.477 Thread 0x00007f593c1731b0  754       3       java.net.URLStreamHandler::parseURL (1124 bytes)
Event: 0.489 Thread 0x00007f5898099330  758       4       java.lang.StringLatin1::replace (198 bytes)

GC Heap History (0 events):
No events

Dll operation events (9 events):
Event: 0.002 Loaded shared library /home/divum/.jdks/openjdk-21.0.2/lib/libjava.so
Event: 0.024 Loaded shared library /home/divum/.jdks/openjdk-21.0.2/lib/libjsvml.so
Event: 0.104 Loaded shared library /home/divum/.jdks/openjdk-21.0.2/lib/libzip.so
Event: 0.107 Loaded shared library /home/divum/.jdks/openjdk-21.0.2/lib/libinstrument.so
Event: 0.109 Loaded shared library /home/divum/.jdks/openjdk-21.0.2/lib/libnio.so
Event: 0.112 Loaded shared library /home/divum/.jdks/openjdk-21.0.2/lib/libzip.so
Event: 0.185 Loaded shared library /home/divum/.jdks/openjdk-21.0.2/lib/libnet.so
Event: 0.191 Loaded shared library /home/divum/.jdks/openjdk-21.0.2/lib/libextnet.so
Event: 0.224 Loaded shared library /home/divum/.jdks/openjdk-21.0.2/lib/libjimage.so

Deoptimization events (20 events):
Event: 0.174 Thread 0x00007f593c02bbe0 Uncommon trap: trap_request=0xfffffff4 fr.pc=0x00007f592c4d92dc relative=0x00000000000001bc
Event: 0.174 Thread 0x00007f593c02bbe0 Uncommon trap: reason=null_check action=make_not_entrant pc=0x00007f592c4d92dc method=java.lang.String.equals(Ljava/lang/Object;)Z @ 8 c2
Event: 0.174 Thread 0x00007f593c02bbe0 DEOPT PACKING pc=0x00007f592c4d92dc sp=0x00007f59429fe180
Event: 0.174 Thread 0x00007f593c02bbe0 DEOPT UNPACKING pc=0x00007f592bf8af99 sp=0x00007f59429fe138 mode 2
Event: 0.182 Thread 0x00007f593c02bbe0 DEOPT PACKING pc=0x00007f5924a10ff4 sp=0x00007f59429f9d30
Event: 0.182 Thread 0x00007f593c02bbe0 DEOPT UNPACKING pc=0x00007f592bf8b72f sp=0x00007f59429f9170 mode 0
Event: 0.193 Thread 0x00007f593c02bbe0 DEOPT PACKING pc=0x00007f5924a02455 sp=0x00007f59429f8610
Event: 0.193 Thread 0x00007f593c02bbe0 DEOPT UNPACKING pc=0x00007f592bf8b72f sp=0x00007f59429f7a98 mode 0
Event: 0.247 Thread 0x00007f593c02bbe0 DEOPT PACKING pc=0x00007f5924a03fd0 sp=0x00007f59429fc3a0
Event: 0.247 Thread 0x00007f593c02bbe0 DEOPT UNPACKING pc=0x00007f592bf8b72f sp=0x00007f59429fb810 mode 0
Event: 0.267 Thread 0x00007f593c02bbe0 Uncommon trap: trap_request=0xffffff6e fr.pc=0x00007f592c4ebe1c relative=0x000000000000017c
Event: 0.267 Thread 0x00007f593c02bbe0 Uncommon trap: reason=loop_limit_check action=maybe_recompile pc=0x00007f592c4ebe1c method=java.lang.StringLatin1.lastIndexOf([BII)I @ 19 c2
Event: 0.267 Thread 0x00007f593c02bbe0 DEOPT PACKING pc=0x00007f592c4ebe1c sp=0x00007f59429fc6c0
Event: 0.267 Thread 0x00007f593c02bbe0 DEOPT UNPACKING pc=0x00007f592bf8af99 sp=0x00007f59429fc660 mode 2
Event: 0.270 Thread 0x00007f593c02bbe0 Uncommon trap: trap_request=0xffffff6e fr.pc=0x00007f592c4f405c relative=0x000000000000049c
Event: 0.270 Thread 0x00007f593c02bbe0 Uncommon trap: reason=loop_limit_check action=maybe_recompile pc=0x00007f592c4f405c method=java.lang.StringLatin1.indexOf([BI[BII)I @ 37 c2
Event: 0.270 Thread 0x00007f593c02bbe0 DEOPT PACKING pc=0x00007f592c4f405c sp=0x00007f59429fc760
Event: 0.270 Thread 0x00007f593c02bbe0 DEOPT UNPACKING pc=0x00007f592bf8af99 sp=0x00007f59429fc6e0 mode 2
Event: 0.437 Thread 0x00007f593c02bbe0 DEOPT PACKING pc=0x00007f5924a84048 sp=0x00007f59429fd280
Event: 0.437 Thread 0x00007f593c02bbe0 DEOPT UNPACKING pc=0x00007f592bf8b72f sp=0x00007f59429fc850 mode 0

Classes loaded (20 events):
Event: 0.468 Loading class java/util/stream/DistinctOps$1
Event: 0.468 Loading class java/util/stream/ReferencePipeline$StatefulOp
Event: 0.468 Loading class java/util/stream/ReferencePipeline$StatefulOp done
Event: 0.468 Loading class java/util/stream/DistinctOps$1 done
Event: 0.469 Loading class java/util/ImmutableCollections$Access
Event: 0.469 Loading class java/util/ImmutableCollections$Access done
Event: 0.469 Loading class java/util/ImmutableCollections$Access$1
Event: 0.469 Loading class jdk/internal/access/JavaUtilCollectionAccess
Event: 0.469 Loading class jdk/internal/access/JavaUtilCollectionAccess done
Event: 0.469 Loading class java/util/ImmutableCollections$Access$1 done
Event: 0.469 Loading class java/util/stream/Nodes$SpinedNodeBuilder
Event: 0.470 Loading class java/util/stream/SpinedBuffer
Event: 0.470 Loading class java/util/stream/AbstractSpinedBuffer
Event: 0.470 Loading class java/util/stream/AbstractSpinedBuffer done
Event: 0.470 Loading class java/util/stream/SpinedBuffer done
Event: 0.470 Loading class java/util/stream/Nodes$SpinedNodeBuilder done
Event: 0.470 Loading class java/util/stream/DistinctOps$1$2
Event: 0.470 Loading class java/util/stream/DistinctOps$1$2 done
Event: 0.479 Loading class java/lang/reflect/UndeclaredThrowableException
Event: 0.479 Loading class java/lang/reflect/UndeclaredThrowableException done

Classes unloaded (0 events):
No events

Classes redefined (0 events):
No events

Internal exceptions (10 events):
Event: 0.174 Thread 0x00007f593c02bbe0 Implicit null exception at 0x00007f592c4d9169 to 0x00007f592c4d92cc
Event: 0.175 Thread 0x00007f593c02bbe0 Exception <a 'java/lang/NoSuchMethodError'{0x00000007173158d0}: 'void java.lang.invoke.DirectMethodHandle$Holder.invokeStatic(java.lang.Object, java.lang.Object, java.lang.Object)'> (0x00000007173158d0) 
thrown [open/src/hotspot/share/interpreter/linkResolver.cpp, line 772]
Event: 0.180 Thread 0x00007f593c02bbe0 Exception <a 'java/lang/NoSuchMethodError'{0x000000071732cc68}: 'java.lang.Object java.lang.invoke.Invokers$Holder.invokeExact_MT(java.lang.Object, java.lang.Object, java.lang.Object, java.lang.Object, java.lang.Object)'> (0x000000071732cc68) 
thrown [open/src/hotspot/share/interpreter/linkResolver.cpp, line 772]
Event: 0.192 Thread 0x00007f593c4d4d20 Exception <a 'java/lang/NoSuchMethodError'{0x00000007173878a8}: 'void java.lang.invoke.DirectMethodHandle$Holder.invokeStatic(java.lang.Object, java.lang.Object)'> (0x00000007173878a8) 
thrown [open/src/hotspot/share/interpreter/linkResolver.cpp, line 772]
Event: 0.271 Thread 0x00007f593c02bbe0 Exception <a 'java/lang/ClassNotFoundException'{0x000000071718d2c0}: javax/smartcardio/CardPermission> (0x000000071718d2c0) 
thrown [open/src/hotspot/share/classfile/systemDictionary.cpp, line 312]
Event: 0.274 Thread 0x00007f593c02bbe0 Exception <a 'java/io/FileNotFoundException'{0x000000071719acc0}> (0x000000071719acc0) 
thrown [open/src/hotspot/share/prims/jni.cpp, line 520]
Event: 0.303 Thread 0x00007f593c02bbe0 Exception <a 'java/lang/NoSuchMethodError'{0x0000000716e24fd8}: 'java.lang.Object java.lang.invoke.DirectMethodHandle$Holder.invokeSpecial(java.lang.Object, java.lang.Object, java.lang.Object, long, java.lang.Object)'> (0x0000000716e24fd8) 
thrown [open/src/hotspot/share/interpreter/linkResolver.cpp, line 772]
Event: 0.304 Thread 0x00007f593c02bbe0 Exception <a 'java/lang/NoSuchMethodError'{0x0000000716e28928}: 'java.lang.Object java.lang.invoke.Invokers$Holder.linkToTargetMethod(java.lang.Object, long, java.lang.Object, java.lang.Object)'> (0x0000000716e28928) 
thrown [open/src/hotspot/share/interpreter/linkResolver.cpp, line 772]
Event: 0.441 Thread 0x00007f593c02bbe0 Exception <a 'java/lang/NoSuchMethodError'{0x0000000716c2b1b0}: 'void java.lang.invoke.DirectMethodHandle$Holder.invokeStatic(java.lang.Object, java.lang.Object, java.lang.Object, java.lang.Object)'> (0x0000000716c2b1b0) 
thrown [open/src/hotspot/share/interpreter/linkResolver.cpp, line 772]
Event: 0.480 Thread 0x00007f593c02bbe0 Exception <a 'java/lang/NoSuchMethodError'{0x0000000716d46fc0}: 'int java.lang.invoke.DirectMethodHandle$Holder.invokeStaticInit(java.lang.Object, java.lang.Object)'> (0x0000000716d46fc0) 
thrown [open/src/hotspot/share/interpreter/linkResolver.cpp, line 772]

ZGC Phase Switch (0 events):
No events

VM Operations (6 events):
Event: 0.086 Executing VM operation: HandshakeAllThreads (Deoptimize)
Event: 0.086 Executing VM operation: HandshakeAllThreads (Deoptimize) done
Event: 0.197 Executing VM operation: HandshakeAllThreads (Deoptimize)
Event: 0.197 Executing VM operation: HandshakeAllThreads (Deoptimize) done
Event: 0.229 Executing VM operation: HandshakeAllThreads (Deoptimize)
Event: 0.229 Executing VM operation: HandshakeAllThreads (Deoptimize) done

Events (20 events):
Event: 0.022 Thread 0x00007f593c16b8f0 Thread added: 0x00007f593c16b8f0
Event: 0.022 Protecting memory [0x00007f5910f00000,0x00007f5910f04000] with protection modes 0
Event: 0.022 Thread 0x00007f593c16d3d0 Thread added: 0x00007f593c16d3d0
Event: 0.022 Protecting memory [0x00007f5910e00000,0x00007f5910e04000] with protection modes 0
Event: 0.023 Thread 0x00007f593c16ea10 Thread added: 0x00007f593c16ea10
Event: 0.023 Protecting memory [0x00007f5910d00000,0x00007f5910d04000] with protection modes 0
Event: 0.023 Thread 0x00007f593c16ffb0 Thread added: 0x00007f593c16ffb0
Event: 0.023 Protecting memory [0x00007f5910c00000,0x00007f5910c04000] with protection modes 0
Event: 0.023 Thread 0x00007f593c171af0 Thread added: 0x00007f593c171af0
Event: 0.023 Protecting memory [0x00007f5910b00000,0x00007f5910b04000] with protection modes 0
Event: 0.023 Thread 0x00007f593c1731b0 Thread added: 0x00007f593c1731b0
Event: 0.023 Protecting memory [0x00007f5910a00000,0x00007f5910a04000] with protection modes 0
Event: 0.072 Thread 0x00007f593c194c40 Thread added: 0x00007f593c194c40
Event: 0.073 Protecting memory [0x00007f5910830000,0x00007f5910834000] with protection modes 0
Event: 0.116 Thread 0x00007f5898099330 Thread added: 0x00007f5898099330
Event: 0.116 Protecting memory [0x00007f5910730000,0x00007f5910734000] with protection modes 0
Event: 0.183 Thread 0x00007f593c4d4d20 Thread added: 0x00007f593c4d4d20
Event: 0.183 Protecting memory [0x00007f5910630000,0x00007f5910634000] with protection modes 0
Event: 0.183 Thread 0x00007f593c4d6090 Thread added: 0x00007f593c4d6090
Event: 0.183 Protecting memory [0x00007f5910530000,0x00007f5910534000] with protection modes 0


Dynamic libraries:
708200000-717a00000 rw-p 00000000 00:00 0 
717a00000-7ffe00000 ---p 00000000 00:00 0 
7ffe00000-7fff08000 rw-p 00ce5000 08:02 20848565                         /home/divum/.jdks/openjdk-21.0.2/lib/server/classes.jsa
7fff08000-800000000 rw-p 00000000 00:00 0 
5624c3821000-5624c3822000 r-xp 00000000 08:02 20848070                   /home/divum/.jdks/openjdk-21.0.2/bin/java
5624c3823000-5624c3824000 r--p 00001000 08:02 20848070                   /home/divum/.jdks/openjdk-21.0.2/bin/java
5624c3824000-5624c3825000 rw-p 00002000 08:02 20848070                   /home/divum/.jdks/openjdk-21.0.2/bin/java
5624c4d35000-5624c4d7d000 rw-p 00000000 00:00 0                          [heap]
7f5888000000-7f5888021000 rw-p 00000000 00:00 0 
7f5888021000-7f588c000000 ---p 00000000 00:00 0 
7f5890000000-7f58901e7000 rw-p 00000000 00:00 0 
7f58901e7000-7f5894000000 ---p 00000000 00:00 0 
7f5894000000-7f5894021000 rw-p 00000000 00:00 0 
7f5894021000-7f5898000000 ---p 00000000 00:00 0 
7f5898000000-7f589824f000 rw-p 00000000 00:00 0 
7f589824f000-7f589c000000 ---p 00000000 00:00 0 
7f589c000000-7f589c021000 rw-p 00000000 00:00 0 
7f589c021000-7f58a0000000 ---p 00000000 00:00 0 
7f58a0000000-7f58a0021000 rw-p 00000000 00:00 0 
7f58a0021000-7f58a4000000 ---p 00000000 00:00 0 
7f58a4000000-7f58a42c2000 rw-p 00000000 00:00 0 
7f58a42c2000-7f58a8000000 ---p 00000000 00:00 0 
7f58a8000000-7f58a8021000 rw-p 00000000 00:00 0 
7f58a8021000-7f58ac000000 ---p 00000000 00:00 0 
7f58ac000000-7f58ac021000 rw-p 00000000 00:00 0 
7f58ac021000-7f58b0000000 ---p 00000000 00:00 0 
7f58b0000000-7f58b0021000 rw-p 00000000 00:00 0 
7f58b0021000-7f58b4000000 ---p 00000000 00:00 0 
7f58b4000000-7f58b4021000 rw-p 00000000 00:00 0 
7f58b4021000-7f58b8000000 ---p 00000000 00:00 0 
7f58b8000000-7f58b8021000 rw-p 00000000 00:00 0 
7f58b8021000-7f58bc000000 ---p 00000000 00:00 0 
7f58bf000000-7f58bf210000 rw-p 00000000 00:00 0 
7f58bf210000-7f58bf400000 ---p 00000000 00:00 0 
7f58bf400000-7f58bf550000 rw-p 00000000 00:00 0 
7f58bf550000-7f58c3000000 ---p 00000000 00:00 0 
7f58c3000000-7f58c3ca6000 rw-p 00001000 08:02 20848565                   /home/divum/.jdks/openjdk-21.0.2/lib/server/classes.jsa
7f58c3ca6000-7f58c4000000 ---p 00000000 00:00 0 
7f58c4000000-7f58c4030000 rw-p 00000000 00:00 0 
7f58c4030000-7f58c4080000 rw-p 00000000 00:00 0 
7f58c4080000-7f5904000000 ---p 00000000 00:00 0 
7f5904000000-7f5904021000 rw-p 00000000 00:00 0 
7f5904021000-7f5908000000 ---p 00000000 00:00 0 
7f5908000000-7f5908021000 rw-p 00000000 00:00 0 
7f5908021000-7f590c000000 ---p 00000000 00:00 0 
7f590c000000-7f590c021000 rw-p 00000000 00:00 0 
7f590c021000-7f5910000000 ---p 00000000 00:00 0 
7f5910104000-7f5910530000 rw-p 00000000 00:00 0 
7f5910530000-7f5910534000 ---p 00000000 00:00 0 
7f5910534000-7f5910630000 rw-p 00000000 00:00 0 
7f5910630000-7f5910634000 ---p 00000000 00:00 0 
7f5910634000-7f5910730000 rw-p 00000000 00:00 0 
7f5910730000-7f5910734000 ---p 00000000 00:00 0 
7f5910734000-7f5910830000 rw-p 00000000 00:00 0 
7f5910830000-7f5910834000 ---p 00000000 00:00 0 
7f5910834000-7f5910930000 rw-p 00000000 00:00 0 
7f5910930000-7f59109fe000 r-xp 00000000 08:02 20848539                   /home/divum/.jdks/openjdk-21.0.2/lib/libjsvml.so
7f59109fe000-7f59109ff000 r--p 000cd000 08:02 20848539                   /home/divum/.jdks/openjdk-21.0.2/lib/libjsvml.so
7f59109ff000-7f5910a00000 rw-p 000ce000 08:02 20848539                   /home/divum/.jdks/openjdk-21.0.2/lib/libjsvml.so
7f5910a00000-7f5910a04000 ---p 00000000 00:00 0 
7f5910a04000-7f5910b00000 rw-p 00000000 00:00 0 
7f5910b00000-7f5910b04000 ---p 00000000 00:00 0 
7f5910b04000-7f5910c00000 rw-p 00000000 00:00 0 
7f5910c00000-7f5910c04000 ---p 00000000 00:00 0 
7f5910c04000-7f5910d00000 rw-p 00000000 00:00 0 
7f5910d00000-7f5910d04000 ---p 00000000 00:00 0 
7f5910d04000-7f5910e00000 rw-p 00000000 00:00 0 
7f5910e00000-7f5910e04000 ---p 00000000 00:00 0 
7f5910e04000-7f5910f00000 rw-p 00000000 00:00 0 
7f5910f00000-7f5910f04000 ---p 00000000 00:00 0 
7f5910f04000-7f5911000000 rw-p 00000000 00:00 0 
7f5911000000-7f5911574000 r--p 00000000 08:02 10485996                   /usr/lib/locale/locale-archive
7f59115f7000-7f59115fb000 ---p 00000000 00:00 0 
7f59115fb000-7f59116f7000 rw-p 00000000 00:00 0 
7f59116f7000-7f59116f8000 ---p 00000000 00:00 0 
7f59116f8000-7f59117f8000 rw-p 00000000 00:00 0 
7f59117f8000-7f59117f9000 ---p 00000000 00:00 0 
7f59117f9000-7f59118f9000 rw-p 00000000 00:00 0 
7f59118f9000-7f59118fa000 ---p 00000000 00:00 0 
7f59118fa000-7f59119fa000 rw-p 00000000 00:00 0 
7f59119fa000-7f59119fb000 ---p 00000000 00:00 0 
7f59119fb000-7f5914021000 rw-p 00000000 00:00 0 
7f5914021000-7f5918000000 ---p 00000000 00:00 0 
7f5918000000-7f5918021000 rw-p 00000000 00:00 0 
7f5918021000-7f591c000000 ---p 00000000 00:00 0 
7f591c000000-7f591c021000 rw-p 00000000 00:00 0 
7f591c021000-7f5920000000 ---p 00000000 00:00 0 
7f5920045000-7f5920348000 rw-p 00000000 00:00 0 
7f5920348000-7f5920349000 ---p 00000000 00:00 0 
7f5920349000-7f5920829000 rw-p 00000000 00:00 0 
7f5920829000-7f5924239000 ---p 00000000 00:00 0 
7f5924239000-7f59242bd000 rw-p 00000000 00:00 0 
7f59242bd000-7f59249ff000 ---p 00000000 00:00 0 
7f59249ff000-7f5924a00000 rw-p 00000000 00:00 0 
7f5924a00000-7f5924c70000 rwxp 00000000 00:00 0 
7f5924c70000-7f592bf37000 ---p 00000000 00:00 0 
7f592bf37000-7f592c1a7000 rwxp 00000000 00:00 0 
7f592c1a7000-7f592c4c9000 ---p 00000000 00:00 0 
7f592c4c9000-7f592c739000 rwxp 00000000 00:00 0 
7f592c739000-7f5933a00000 ---p 00000000 00:00 0 
7f5933a00000-7f593becf000 r--s 00000000 08:02 20848556                   /home/divum/.jdks/openjdk-21.0.2/lib/modules
7f593bedb000-7f593bee7000 r-xp 00000000 08:02 20848546                   /home/divum/.jdks/openjdk-21.0.2/lib/libnet.so
7f593bee7000-7f593bee8000 r--p 0000b000 08:02 20848546                   /home/divum/.jdks/openjdk-21.0.2/lib/libnet.so
7f593bee8000-7f593bee9000 rw-p 0000c000 08:02 20848546                   /home/divum/.jdks/openjdk-21.0.2/lib/libnet.so
7f593bee9000-7f593befd000 r-xp 00000000 08:02 20848547                   /home/divum/.jdks/openjdk-21.0.2/lib/libnio.so
7f593befd000-7f593befe000 r--p 00013000 08:02 20848547                   /home/divum/.jdks/openjdk-21.0.2/lib/libnio.so
7f593befe000-7f593beff000 rw-p 00014000 08:02 20848547                   /home/divum/.jdks/openjdk-21.0.2/lib/libnio.so
7f593beff000-7f593bf00000 ---p 00000000 00:00 0 
7f593bf00000-7f593c65c000 rw-p 00000000 00:00 0 
7f593c65c000-7f5940000000 ---p 00000000 00:00 0 
7f5940006000-7f59400e2000 rw-p 00000000 00:00 0 
7f59400e2000-7f59400e3000 ---p 00000000 00:00 0 
7f59400e3000-7f59402df000 rw-p 00000000 00:00 0 
7f59402df000-7f5940a21000 ---p 00000000 00:00 0 
7f5940a21000-7f594122f000 rw-p 00000000 00:00 0 
7f594122f000-7f5941315000 ---p 00000000 00:00 0 
7f5941315000-7f594131a000 rw-p 00000000 00:00 0 
7f594131a000-7f5941400000 ---p 00000000 00:00 0 
7f5941400000-7f5942712000 r-xp 00000000 08:02 20848568                   /home/divum/.jdks/openjdk-21.0.2/lib/server/libjvm.so
7f5942712000-7f5942713000 ---p 01312000 08:02 20848568                   /home/divum/.jdks/openjdk-21.0.2/lib/server/libjvm.so
7f5942713000-7f59427e0000 r--p 01312000 08:02 20848568                   /home/divum/.jdks/openjdk-21.0.2/lib/server/libjvm.so
7f59427e0000-7f594280e000 rw-p 013df000 08:02 20848568                   /home/divum/.jdks/openjdk-21.0.2/lib/server/libjvm.so
7f594280e000-7f5942874000 rw-p 00000000 00:00 0 
7f594287d000-7f5942884000 r-xp 00000000 08:02 20848555                   /home/divum/.jdks/openjdk-21.0.2/lib/libzip.so
7f5942884000-7f5942885000 ---p 00007000 08:02 20848555                   /home/divum/.jdks/openjdk-21.0.2/lib/libzip.so
7f5942885000-7f5942886000 r--p 00007000 08:02 20848555                   /home/divum/.jdks/openjdk-21.0.2/lib/libzip.so
7f5942886000-7f5942887000 rw-p 00008000 08:02 20848555                   /home/divum/.jdks/openjdk-21.0.2/lib/libzip.so
7f5942887000-7f59428cd000 rw-p 00000000 00:00 0 
7f59428cd000-7f59428d4000 ---p 00000000 00:00 0 
7f59428d4000-7f59428dc000 rw-s 00000000 08:02 26115084                   /tmp/hsperfdata_divum/14823
7f59428dc000-7f59428fc000 r-xp 00000000 08:02 20848531                   /home/divum/.jdks/openjdk-21.0.2/lib/libjava.so
7f59428fc000-7f59428fd000 ---p 00020000 08:02 20848531                   /home/divum/.jdks/openjdk-21.0.2/lib/libjava.so
7f59428fd000-7f59428fe000 r--p 00020000 08:02 20848531                   /home/divum/.jdks/openjdk-21.0.2/lib/libjava.so
7f59428fe000-7f59428ff000 rw-p 00021000 08:02 20848531                   /home/divum/.jdks/openjdk-21.0.2/lib/libjava.so
7f59428ff000-7f5942900000 rw-p 00000000 00:00 0 
7f5942900000-7f5942904000 ---p 00000000 00:00 0 
7f5942904000-7f5942a00000 rw-p 00000000 00:00 0 
7f5942a00000-7f5942a22000 r--p 00000000 08:02 10485941                   /usr/lib/x86_64-linux-gnu/libc.so.6
7f5942a22000-7f5942b9a000 r-xp 00022000 08:02 10485941                   /usr/lib/x86_64-linux-gnu/libc.so.6
7f5942b9a000-7f5942bf2000 r--p 0019a000 08:02 10485941                   /usr/lib/x86_64-linux-gnu/libc.so.6
7f5942bf2000-7f5942bf6000 r--p 001f1000 08:02 10485941                   /usr/lib/x86_64-linux-gnu/libc.so.6
7f5942bf6000-7f5942bf8000 rw-p 001f5000 08:02 10485941                   /usr/lib/x86_64-linux-gnu/libc.so.6
7f5942bf8000-7f5942c05000 rw-p 00000000 00:00 0 
7f5942c05000-7f5942c0c000 r--s 00000000 08:02 11143631                   /usr/lib/x86_64-linux-gnu/gconv/gconv-modules.cache
7f5942c0c000-7f5942c27000 r-xp 00000000 08:02 20848535                   /home/divum/.jdks/openjdk-21.0.2/lib/libjimage.so
7f5942c27000-7f5942c28000 ---p 0001b000 08:02 20848535                   /home/divum/.jdks/openjdk-21.0.2/lib/libjimage.so
7f5942c28000-7f5942c2a000 r--p 0001b000 08:02 20848535                   /home/divum/.jdks/openjdk-21.0.2/lib/libjimage.so
7f5942c2a000-7f5942c2b000 rw-p 0001d000 08:02 20848535                   /home/divum/.jdks/openjdk-21.0.2/lib/libjimage.so
7f5942c2b000-7f5942c39000 r--p 00000000 08:02 10485966                   /usr/lib/x86_64-linux-gnu/libm.so.6
7f5942c39000-7f5942cb7000 r-xp 0000e000 08:02 10485966                   /usr/lib/x86_64-linux-gnu/libm.so.6
7f5942cb7000-7f5942d12000 r--p 0008c000 08:02 10485966                   /usr/lib/x86_64-linux-gnu/libm.so.6
7f5942d12000-7f5942d13000 r--p 000e6000 08:02 10485966                   /usr/lib/x86_64-linux-gnu/libm.so.6
7f5942d13000-7f5942d14000 rw-p 000e7000 08:02 10485966                   /usr/lib/x86_64-linux-gnu/libm.so.6
7f5942d14000-7f5942d15000 r--p 00000000 08:02 10486170                   /usr/lib/x86_64-linux-gnu/librt.so.1
7f5942d15000-7f5942d16000 r-xp 00001000 08:02 10486170                   /usr/lib/x86_64-linux-gnu/librt.so.1
7f5942d16000-7f5942d17000 r--p 00002000 08:02 10486170                   /usr/lib/x86_64-linux-gnu/librt.so.1
7f5942d17000-7f5942d18000 r--p 00002000 08:02 10486170                   /usr/lib/x86_64-linux-gnu/librt.so.1
7f5942d18000-7f5942d19000 rw-p 00003000 08:02 10486170                   /usr/lib/x86_64-linux-gnu/librt.so.1
7f5942d19000-7f5942d1d000 rw-p 00000000 00:00 0 
7f5942d1d000-7f5942d1e000 r--p 00000000 08:02 10485964                   /usr/lib/x86_64-linux-gnu/libdl.so.2
7f5942d1e000-7f5942d1f000 r-xp 00001000 08:02 10485964                   /usr/lib/x86_64-linux-gnu/libdl.so.2
7f5942d1f000-7f5942d20000 r--p 00002000 08:02 10485964                   /usr/lib/x86_64-linux-gnu/libdl.so.2
7f5942d20000-7f5942d21000 r--p 00002000 08:02 10485964                   /usr/lib/x86_64-linux-gnu/libdl.so.2
7f5942d21000-7f5942d22000 rw-p 00003000 08:02 10485964                   /usr/lib/x86_64-linux-gnu/libdl.so.2
7f5942d22000-7f5942d23000 r--p 00000000 08:02 10486164                   /usr/lib/x86_64-linux-gnu/libpthread.so.0
7f5942d23000-7f5942d24000 r-xp 00001000 08:02 10486164                   /usr/lib/x86_64-linux-gnu/libpthread.so.0
7f5942d24000-7f5942d25000 r--p 00002000 08:02 10486164                   /usr/lib/x86_64-linux-gnu/libpthread.so.0
7f5942d25000-7f5942d26000 r--p 00002000 08:02 10486164                   /usr/lib/x86_64-linux-gnu/libpthread.so.0
7f5942d26000-7f5942d27000 rw-p 00003000 08:02 10486164                   /usr/lib/x86_64-linux-gnu/libpthread.so.0
7f5942d27000-7f5942d35000 r-xp 00000000 08:02 20848536                   /home/divum/.jdks/openjdk-21.0.2/lib/libjli.so
7f5942d35000-7f5942d36000 ---p 0000e000 08:02 20848536                   /home/divum/.jdks/openjdk-21.0.2/lib/libjli.so
7f5942d36000-7f5942d37000 r--p 0000e000 08:02 20848536                   /home/divum/.jdks/openjdk-21.0.2/lib/libjli.so
7f5942d37000-7f5942d38000 rw-p 0000f000 08:02 20848536                   /home/divum/.jdks/openjdk-21.0.2/lib/libjli.so
7f5942d38000-7f5942d3b000 r--p 00000000 08:02 10491933                   /usr/lib/x86_64-linux-gnu/libz.so.1.2.13
7f5942d3b000-7f5942d4d000 r-xp 00003000 08:02 10491933                   /usr/lib/x86_64-linux-gnu/libz.so.1.2.13
7f5942d4d000-7f5942d54000 r--p 00015000 08:02 10491933                   /usr/lib/x86_64-linux-gnu/libz.so.1.2.13
7f5942d54000-7f5942d55000 r--p 0001b000 08:02 10491933                   /usr/lib/x86_64-linux-gnu/libz.so.1.2.13
7f5942d55000-7f5942d56000 rw-p 0001c000 08:02 10491933                   /usr/lib/x86_64-linux-gnu/libz.so.1.2.13
7f5942d56000-7f5942d58000 r-xp 00000000 08:02 20848524                   /home/divum/.jdks/openjdk-21.0.2/lib/libextnet.so
7f5942d58000-7f5942d59000 r--p 00001000 08:02 20848524                   /home/divum/.jdks/openjdk-21.0.2/lib/libextnet.so
7f5942d59000-7f5942d5a000 rw-p 00002000 08:02 20848524                   /home/divum/.jdks/openjdk-21.0.2/lib/libextnet.so
7f5942d5a000-7f5942d64000 r-xp 00000000 08:02 20848526                   /home/divum/.jdks/openjdk-21.0.2/lib/libinstrument.so
7f5942d64000-7f5942d65000 ---p 0000a000 08:02 20848526                   /home/divum/.jdks/openjdk-21.0.2/lib/libinstrument.so
7f5942d65000-7f5942d66000 r--p 0000a000 08:02 20848526                   /home/divum/.jdks/openjdk-21.0.2/lib/libinstrument.so
7f5942d66000-7f5942d67000 rw-p 0000b000 08:02 20848526                   /home/divum/.jdks/openjdk-21.0.2/lib/libinstrument.so
7f5942d67000-7f5942d68000 ---p 00000000 00:00 0 
7f5942d68000-7f5942d69000 r--p 00000000 00:00 0 
7f5942d69000-7f5942d6a000 ---p 00000000 00:00 0 
7f5942d6a000-7f5942d6c000 rw-p 00000000 00:00 0 
7f5942d6c000-7f5942d6d000 r--p 00000000 08:02 10485844                   /usr/lib/x86_64-linux-gnu/ld-linux-x86-64.so.2
7f5942d6d000-7f5942d95000 r-xp 00001000 08:02 10485844                   /usr/lib/x86_64-linux-gnu/ld-linux-x86-64.so.2
7f5942d95000-7f5942d9f000 r--p 00029000 08:02 10485844                   /usr/lib/x86_64-linux-gnu/ld-linux-x86-64.so.2
7f5942d9f000-7f5942da1000 r--p 00033000 08:02 10485844                   /usr/lib/x86_64-linux-gnu/ld-linux-x86-64.so.2
7f5942da1000-7f5942da3000 rw-p 00035000 08:02 10485844                   /usr/lib/x86_64-linux-gnu/ld-linux-x86-64.so.2
7ffd48d92000-7ffd48db5000 rw-p 00000000 00:00 0                          [stack]
7ffd48df1000-7ffd48df5000 r--p 00000000 00:00 0                          [vvar]
7ffd48df5000-7ffd48df7000 r-xp 00000000 00:00 0                          [vdso]
ffffffffff600000-ffffffffff601000 --xp 00000000 00:00 0                  [vsyscall]
Total number of mappings: 198


VM Arguments:
jvm_args: --enable-preview -javaagent:/snap/intellij-idea-community/502/lib/idea_rt.jar=38635:/snap/intellij-idea-community/502/bin -Dfile.encoding=UTF-8 -Dsun.stdout.encoding=UTF-8 -Dsun.stderr.encoding=UTF-8 
java_command: com.postgresql.learnhub.LearnhubApplication
java_class_path (initial): /home/divum/Documents/learn/next/learnhub/target/classes:/home/divum/.m2/repository/org/springframework/boot/spring-boot-starter-data-jpa/3.2.5/spring-boot-starter-data-jpa-3.2.5.jar:/home/divum/.m2/repository/org/springframework/boot/spring-boot-starter-aop/3.2.5/spring-boot-starter-aop-3.2.5.jar:/home/divum/.m2/repository/org/springframework/spring-aop/6.1.6/spring-aop-6.1.6.jar:/home/divum/.m2/repository/org/aspectj/aspectjweaver/1.9.22/aspectjweaver-1.9.22.jar:/home/divum/.m2/repository/org/springframework/boot/spring-boot-starter-jdbc/3.2.5/spring-boot-starter-jdbc-3.2.5.jar:/home/divum/.m2/repository/com/zaxxer/HikariCP/5.0.1/HikariCP-5.0.1.jar:/home/divum/.m2/repository/org/springframework/spring-jdbc/6.1.6/spring-jdbc-6.1.6.jar:/home/divum/.m2/repository/org/hibernate/orm/hibernate-core/6.4.4.Final/hibernate-core-6.4.4.Final.jar:/home/divum/.m2/repository/jakarta/persistence/jakarta.persistence-api/3.1.0/jakarta.persistence-api-3.1.0.jar:/home/divum/.m2/repository/jakarta/transaction/jakarta.transaction-api/2.0.1/jakarta.transaction-api-2.0.1.jar:/home/divum/.m2/repository/org/jboss/logging/jboss-logging/3.5.3.Final/jboss-logging-3.5.3.Final.jar:/home/divum/.m2/repository/org/hibernate/common/hibernate-commons-annotations/6.0.6.Final/hibernate-commons-annotations-6.0.6.Final.jar:/home/divum/.m2/repository/io/smallrye/jandex/3.1.2/jandex-3.1.2.jar:/home/divum/.m2/repository/com/fasterxml/classmate/1.6.0/classmate-1.6.0.jar:/home/divum/.m2/repository/net/bytebuddy/byte-buddy/1.14.13/byte-buddy-1.14.13.jar:/home/divum/.m2/repository/org/glassfish/jaxb/jaxb-runtime/4.0.5/jaxb-runtime-4.0.5.jar:/home/divum/.m2/repository/org/glassfish/jaxb/jaxb-core/4.0.5/jaxb-core-4.0.5.jar:/home/divum/.m2/repository/org/eclipse/angus/angus-activation/2.0.2/angus-activation-2.0.2.jar:/home/divum/.m2/repository/org/glassfish/jaxb/txw2/4.0.5/txw2-4.0.5.jar:/home/divum/.m2/repository/com/sun/istack/istack-commons-runtime/4.1.2/istack-commons-runtime-4.1.2.jar:/home/divum/.m2/repository/jakarta/inject/jakarta.inject-api/2.0.1/jakarta.inject-api-2.0.1.jar:/home/divum/.m2/repository/org/antlr/antlr4-runtime/4.13.0/antlr4-runtime-4.13.0.jar:/home/divum/.m2/repository/org/springframework/data/spring-data-jpa/3.2.5/spring-data-jpa-3.2.5.jar:/home/divum/.m2/repository/org/springframework/data/spring-data-commons/3.2.5/spring-data-commons-3.2.5.jar:/home/divum/.m2/repository/org/springframework/spring-orm/6.1.6/spring-orm-6.1.6.jar:/home/divum/.m2/repository/org/springframework/spring-context/6.1.6/spring-context-6.1.6.jar:/home/divum/.m2/repository/org/springframework/spring-tx/6.1.6/spring-tx-6.1.6.jar:/home/divum/.m2/repository/org/springframework/spring-beans/6.1.6/spring-beans-6.1.6.jar:/home/divum/.m2/repository/jakarta/annotation/jakarta.annotation-api/2.1.1/jakarta.annotation-api-2.1.1.jar:/home/divum/.m2/repository/org/slf4j/slf4j-api/2.0.13/slf4j-api-2.0.13.jar:/home/divum/.m2/repository/org/springframework/spring-aspects/6.1.6/spring-aspects-6.1.6.jar:/home/divum/.m2/repository/org/springframework/boot/spring-boot-starter-data-rest/3.2.5/spring-boot-starter-data-rest-3.2.5.jar:/home/divum/.m2/repository/org/springframework/data/spring-data-rest-webmvc/4.2.5/spring-data-rest-webmvc-4.2.5.jar:/home/divum/.m2/repository/org/springframework/data/spring-data-rest-core/4.2.5/spring-data-rest-core-4.2.5.jar:/home/divum/.m2/repository/org/springframework/hateoas/spring-hateoas/2.2.2/spring-hateoas-2.2.2.jar:/home/divum/.m2/repository/org/springframework/plugin/spring-plugin-core/3.0.0/spring-plugin-core-3.0.0.jar:/home/divum/.m2/repository/org/atteo/evo-inflector/1.3/evo-inflector-1.3.jar:/home/divum/.m2/repository/com/fasterxml/jackson/core/jackson-databind/2.15.4/jackson-databind-2.15.4.jar:/home/divum/.m2/repository/com/fasterxml/jackson/core/jackson-core/2.15.4/jackson-core-2.15.4.jar:/home/divum/.m2/repository/com/fasterxml/jackson/core/jackson-annotations/2.15.4/jackson-annotations-2.15.4.jar:/home/divum/.m2/repository/org/springframework/boot/spring-boot-starter-web/3.2.5/spring-boot-starter-web-3.2.5.jar:/home/divum/.m2/repository/org/springframework/boot/spring-boot-starter/3.2.5/spring-boot-starter-3.2.5.jar:/home/divum/.m2/repository/org/springframework/boot/spring-boot-starter-logging/3.2.5/spring-boot-starter-logging-3.2.5.jar:/home/divum/.m2/repository/ch/qos/logback/logback-classic/1.4.14/logback-classic-1.4.14.jar:/home/divum/.m2/repository/ch/qos/logback/logback-core/1.4.14/logback-core-1.4.14.jar:/home/divum/.m2/repository/org/apache/logging/log4j/log4j-to-slf4j/2.21.1/log4j-to-slf4j-2.21.1.jar:/home/divum/.m2/repository/org/apache/logging/log4j/log4j-api/2.21.1/log4j-api-2.21.1.jar:/home/divum/.m2/repository/org/slf4j/jul-to-slf4j/2.0.13/jul-to-slf4j-2.0.13.jar:/home/divum/.m2/repository/org/yaml/snakeyaml/2.2/snakeyaml-2.2.jar:/home/divum/.m2/repository/org/springframework/boot/spring-boot-starter-json/3.2.5/spring-boot-starter-json-3.2.5.jar:/home/divum/.m2/repository/com/fasterxml/jackson/datatype/jackson-datatype-jdk8/2.15.4/jackson-datatype-jdk8-2.15.4.jar:/home/divum/.m2/repository/com/fasterxml/jackson/datatype/jackson-datatype-jsr310/2.15.4/jackson-datatype-jsr310-2.15.4.jar:/home/divum/.m2/repository/com/fasterxml/jackson/module/jackson-module-parameter-names/2.15.4/jackson-module-parameter-names-2.15.4.jar:/home/divum/.m2/repository/org/springframework/boot/spring-boot-starter-tomcat/3.2.5/spring-boot-starter-tomcat-3.2.5.jar:/home/divum/.m2/repository/org/apache/tomcat/embed/tomcat-embed-core/10.1.20/tomcat-embed-core-10.1.20.jar:/home/divum/.m2/repository/org/apache/tomcat/embed/tomcat-embed-el/10.1.20/tomcat-embed-el-10.1.20.jar:/home/divum/.m2/repository/org/apache/tomcat/embed/tomcat-embed-websocket/10.1.20/tomcat-embed-websocket-10.1.20.jar:/home/divum/.m2/repository/org/springframework/spring-web/6.1.6/spring-web-6.1.6.jar:/home/divum/.m2/repository/io/micrometer/micrometer-observation/1.12.5/micrometer-observation-1.12.5.jar:/home/divum/.m2/repository/io/micrometer/micrometer-commons/1.12.5/micrometer-commons-1.12.5.jar:/home/divum/.m2/repository/org/springframework/spring-webmvc/6.1.6/spring-webmvc-6.1.6.jar:/home/divum/.m2/repository/org/springframework/spring-expression/6.1.6/spring-expression-6.1.6.jar:/home/divum/.m2/repository/org/springframework/boot/spring-boot-devtools/3.2.5/spring-boot-devtools-3.2.5.jar:/home/divum/.m2/repository/org/springframework/boot/spring-boot/3.2.5/spring-boot-3.2.5.jar:/home/divum/.m2/repository/org/springframework/boot/spring-boot-autoconfigure/3.2.5/spring-boot-autoconfigure-3.2.5.jar:/home/divum/.m2/repository/org/postgresql/postgresql/42.6.2/postgresql-42.6.2.jar:/home/divum/.m2/repository/org/checkerframework/checker-qual/3.31.0/checker-qual-3.31.0.jar:/home/divum/.m2/repository/org/projectlombok/lombok/1.18.32/lombok-1.18.32.jar:/home/divum/.m2/repository/com/jayway/jsonpath/json-path/2.9.0/json-path-2.9.0.jar:/home/divum/.m2/repository/jakarta/xml/bind/jakarta.xml.bind-api/4.0.2/jakarta.xml.bind-api-4.0.2.jar:/home/divum/.m2/repository/jakarta/activation/jakarta.activation-api/2.1.3/jakarta.activation-api-2.1.3.jar:/home/divum/.m2/repository/net/minidev/json-smart/2.5.1/json-smart-2.5.1.jar:/home/divum/.m2/repository/net/minidev/accessors-smart/2.5.1/accessors-smart-2.5.1.jar:/home/divum/.m2/repository/org/ow2/asm/asm/9.6/asm-9.6.jar:/home/divum/.m2/repository/org/springframework/spring-core/6.1.6/spring-core-6.1.6.jar:/home/divum/.m2/repository/org/springframework/spring-jcl/6.1.6/spring-jcl-6.1.6.jar
Launcher Type: SUN_STANDARD

[Global flags]
     intx CICompilerCount                          = 4                                         {product} {ergonomic}
     uint ConcGCThreads                            = 2                                         {product} {ergonomic}
     uint G1ConcRefinementThreads                  = 8                                         {product} {ergonomic}
   size_t G1HeapRegionSize                         = 2097152                                   {product} {ergonomic}
    uintx GCDrainStackTargetSize                   = 64                                        {product} {ergonomic}
   size_t InitialHeapSize                          = 260046848                                 {product} {ergonomic}
   size_t MarkStackSize                            = 4194304                                   {product} {ergonomic}
   size_t MaxHeapSize                              = 4158652416                                {product} {ergonomic}
   size_t MaxNewSize                               = 2493513728                                {product} {ergonomic}
   size_t MinHeapDeltaBytes                        = 2097152                                   {product} {ergonomic}
   size_t MinHeapSize                              = 8388608                                   {product} {ergonomic}
    uintx NonNMethodCodeHeapSize                   = 5839372                                {pd product} {ergonomic}
    uintx NonProfiledCodeHeapSize                  = 122909434                              {pd product} {ergonomic}
    uintx ProfiledCodeHeapSize                     = 122909434                              {pd product} {ergonomic}
    uintx ReservedCodeCacheSize                    = 251658240                              {pd product} {ergonomic}
     bool SegmentedCodeCache                       = true                                      {product} {ergonomic}
   size_t SoftMaxHeapSize                          = 4158652416                             {manageable} {ergonomic}
     bool UseCompressedOops                        = true                           {product lp64_product} {ergonomic}
     bool UseG1GC                                  = true                                      {product} {ergonomic}

Logging:
Log output configuration:
 #0: stdout all=warning uptime,level,tags foldmultilines=false
 #1: stderr all=off uptime,level,tags foldmultilines=false

Environment Variables:
PATH=/usr/local/sbin:/usr/local/bin:/usr/sbin:/usr/bin:/sbin:/bin:/usr/games:/usr/local/games:/snap/bin:/snap/bin
USERNAME=divum
SHELL=/bin/bash
DISPLAY=:0
LANG=en_IN

Active Locale:
LC_ALL=en_IN
LC_COLLATE=en_IN
LC_CTYPE=en_IN
LC_MESSAGES=en_IN
LC_MONETARY=en_IN
LC_NUMERIC=en_IN
LC_TIME=en_IN

Signal Handlers:
   SIGSEGV: crash_handler in libjvm.so, mask=11100100010111111101111111111110, flags=SA_RESTART|SA_SIGINFO, unblocked
    SIGBUS: crash_handler in libjvm.so, mask=11100100010111111101111111111110, flags=SA_RESTART|SA_SIGINFO, unblocked
    SIGFPE: crash_handler in libjvm.so, mask=11100100010111111101111111111110, flags=SA_RESTART|SA_SIGINFO, unblocked
   SIGPIPE: javaSignalHandler in libjvm.so, mask=11100100010111111101111111111110, flags=SA_RESTART|SA_SIGINFO, blocked
   SIGXFSZ: javaSignalHandler in libjvm.so, mask=11100100010111111101111111111110, flags=SA_RESTART|SA_SIGINFO, blocked
    SIGILL: crash_handler in libjvm.so, mask=11100100010111111101111111111110, flags=SA_RESTART|SA_SIGINFO, unblocked
   SIGUSR2: SR_handler in libjvm.so, mask=00100000000000000000000000000000, flags=SA_RESTART|SA_SIGINFO, blocked
    SIGHUP: UserHandler in libjvm.so, mask=11100100010111111101111111111110, flags=SA_RESTART|SA_SIGINFO, blocked
    SIGINT: UserHandler in libjvm.so, mask=11100100010111111101111111111110, flags=SA_RESTART|SA_SIGINFO, blocked
   SIGTERM: UserHandler in libjvm.so, mask=11100100010111111101111111111110, flags=SA_RESTART|SA_SIGINFO, blocked
   SIGQUIT: UserHandler in libjvm.so, mask=11100100010111111101111111111110, flags=SA_RESTART|SA_SIGINFO, blocked
   SIGTRAP: crash_handler in libjvm.so, mask=11100100010111111101111111111110, flags=SA_RESTART|SA_SIGINFO, unblocked


Periodic native trim disabled

---------------  S Y S T E M  ---------------

OS:
DISTRIB_ID=Ubuntu
DISTRIB_RELEASE=23.04
DISTRIB_CODENAME=lunar
DISTRIB_DESCRIPTION="Ubuntu 23.04"
uname: Linux 6.2.0-39-generic #40-Ubuntu SMP PREEMPT_DYNAMIC Tue Nov 14 14:18:00 UTC 2023 x86_64
OS uptime: 0 days 1:05 hours
libc: glibc 2.37 NPTL 2.37 
rlimit (soft/hard): STACK 8192k/infinity , CORE 0k/infinity , NPROC 63154/63154 , NOFILE 1048576/1048576 , AS infinity/infinity , CPU infinity/infinity , DATA infinity/infinity , FSIZE infinity/infinity , MEMLOCK 2030332k/2030332k
load average: 2.33 1.92 1.62

/proc/meminfo:
MemTotal:       16242660 kB
MemFree:         1165088 kB
MemAvailable:    6396700 kB
Buffers:          201508 kB
Cached:          5856984 kB
SwapCached:            0 kB
Active:          2544316 kB
Inactive:       11390076 kB
Active(anon):      10796 kB
Inactive(anon):  8574992 kB
Active(file):    2533520 kB
Inactive(file):  2815084 kB
Unevictable:      464600 kB
Mlocked:             184 kB
SwapTotal:       2097148 kB
SwapFree:        2097148 kB
Zswap:                 0 kB
Zswapped:              0 kB
Dirty:              3892 kB
Writeback:             0 kB
AnonPages:       8341200 kB
Mapped:          1771840 kB
Shmem:            709888 kB
KReclaimable:     219336 kB
Slab:             430484 kB
SReclaimable:     219336 kB
SUnreclaim:       211148 kB
KernelStack:       32888 kB
PageTables:       101308 kB
SecPageTables:         0 kB
NFS_Unstable:          0 kB
Bounce:                0 kB
WritebackTmp:          0 kB
CommitLimit:    10218476 kB
Committed_AS:   26638696 kB
VmallocTotal:   34359738367 kB
VmallocUsed:       72188 kB
VmallocChunk:          0 kB
Percpu:             7648 kB
HardwareCorrupted:     0 kB
AnonHugePages:         0 kB
ShmemHugePages:        0 kB
ShmemPmdMapped:        0 kB
FileHugePages:         0 kB
FilePmdMapped:         0 kB
HugePages_Total:       0
HugePages_Free:        0
HugePages_Rsvd:        0
HugePages_Surp:        0
Hugepagesize:       2048 kB
Hugetlb:               0 kB
DirectMap4k:      236196 kB
DirectMap2M:     6979584 kB
DirectMap1G:     9437184 kB

/sys/kernel/mm/transparent_hugepage/enabled: always [madvise] never
/sys/kernel/mm/transparent_hugepage/defrag (defrag/compaction efforts parameter): always defer defer+madvise [madvise] never

Process Memory:
Virtual Size: 7006400K (peak: 7067620K)
Resident Set Size: 72812K (peak: 72812K) (anon: 50880K, file: 21932K, shmem: 0K)
Swapped out: 0K
C-Heap outstanding allocations: 33884K, retained: 3931K
glibc malloc tunables: (default)

/proc/sys/kernel/threads-max (system-wide limit on the number of threads): 126309
/proc/sys/vm/max_map_count (maximum number of memory map areas a process may have): 65530
/proc/sys/kernel/pid_max (system-wide limit on number of process identifiers): 4194304

container (cgroup) information:
container_type: cgroupv2
cpu_cpuset_cpus: not supported
cpu_memory_nodes: not supported
active_processor_count: 8
cpu_quota: not supported
cpu_period: not supported
cpu_shares: not supported
memory_limit_in_bytes: unlimited
memory_and_swap_limit_in_bytes: unlimited
memory_soft_limit_in_bytes: unlimited
memory_usage_in_bytes: 1525480 k
memory_max_usage_in_bytes: not supported
memory_swap_current_in_bytes: unlimited
memory_swap_max_limit_in_bytes: unlimited
maximum number of tasks: 18946
current number of tasks: 198

Steal ticks since vm start: 0
Steal ticks percentage since vm start:  0.000

CPU: total 8 (initial active 8) (4 cores per cpu, 2 threads per core) family 6 model 142 stepping 10 microcode 0xf4, cx8, cmov, fxsr, ht, mmx, 3dnowpref, sse, sse2, sse3, ssse3, sse4.1, sse4.2, popcnt, lzcnt, tsc, tscinvbit, avx, avx2, aes, erms, clmul, bmi1, bmi2, adx, fma, vzeroupper, clflush, clflushopt, rdtscp, f16c
CPU Model and flags from /proc/cpuinfo:
model name	: Intel(R) Core(TM) i7-8650U CPU @ 1.90GHz
flags		: fpu vme de pse tsc msr pae mce cx8 apic sep mtrr pge mca cmov pat pse36 clflush dts acpi mmx fxsr sse sse2 ss ht tm pbe syscall nx pdpe1gb rdtscp lm constant_tsc art arch_perfmon pebs bts rep_good nopl xtopology nonstop_tsc cpuid aperfmperf pni pclmulqdq dtes64 monitor ds_cpl vmx smx est tm2 ssse3 sdbg fma cx16 xtpr pdcm pcid sse4_1 sse4_2 x2apic movbe popcnt tsc_deadline_timer aes xsave avx f16c rdrand lahf_lm abm 3dnowprefetch cpuid_fault epb invpcid_single pti ssbd ibrs ibpb stibp tpr_shadow vnmi flexpriority ept vpid ept_ad fsgsbase tsc_adjust bmi1 avx2 smep bmi2 erms invpcid mpx rdseed adx smap clflushopt intel_pt xsaveopt xsavec xgetbv1 xsaves dtherm ida arat pln pts hwp hwp_notify hwp_act_window hwp_epp md_clear flush_l1d arch_capabilities

Online cpus: 0-7
Offline cpus: 
BIOS frequency limitation: <Not Available>
Frequency switch latency (ns): 0
Available cpu frequencies: <Not Available>
Current governor: powersave
Core performance/turbo boost: <Not Available>

Memory: 4k page, physical 16242660k(6396196k free), swap 2097148k(2097148k free)
Page Sizes: 4k

vm_info: OpenJDK 64-Bit Server VM (21.0.2+13-58) for linux-amd64 JRE (21.0.2+13-58), built on 2024-01-05T18:32:24Z by "mach5one" with gcc 11.2.0

END.
